Using license file /home/brunoalmeda/gurobi.lic
Academic license - for non-commercial use only
Changed value of parameter TimeLimit to 7200.0
   Prev: inf  Min: 0.0  Max: inf  Default: inf
Changed value of parameter lazyconstraints to 1
   Prev: 0  Min: 0  Max: 1  Default: 0
Gurobi Optimizer version 9.0.1 build v9.0.1rc0 (linux64)
Optimize a model with 962 rows, 2790 columns and 6390 nonzeros
Model fingerprint: 0xfafee6dc
Variable types: 930 continuous, 1860 integer (1860 binary)
Coefficient statistics:
  Matrix range     [1e+00, 9e+00]
  Objective range  [1e+05, 3e+06]
  Bounds range     [1e+00, 3e+01]
  RHS range        [1e+00, 4e+00]
Presolve removed 1 rows and 30 columns
Presolve time: 0.01s
Presolved: 961 rows, 2760 columns, 6330 nonzeros
Variable types: 900 continuous, 1860 integer (1860 binary)

Root relaxation: objective 7.410534e+06, 1201 iterations, 0.01 seconds

    Nodes    |    Current Node    |     Objective Bounds      |     Work
 Expl Unexpl |  Obj  Depth IntInf | Incumbent    BestBd   Gap | It/Node Time

     0     0 7410534.41    0   35          - 7410534.41      -     -    0s
H    0     0                    9629620.2007 7410534.41  23.0%     -    0s
H    0     0                    9426971.4906 7410534.41  21.4%     -    0s
     0     0 7712010.82    0   56 9426971.49 7712010.82  18.2%     -    0s
H    0     0                    8715821.7673 7712010.82  11.5%     -    0s
     0     0 7713210.84    0   56 8715821.77 7713210.84  11.5%     -    0s
     0     0 7782212.27    0   60 8715821.77 7782212.27  10.7%     -    0s
     0     0 7803768.36    0   71 8715821.77 7803768.36  10.5%     -    0s
     0     0 7807079.04    0   69 8715821.77 7807079.04  10.4%     -    0s
     0     0 7808227.65    0   69 8715821.77 7808227.65  10.4%     -    0s
     0     0 7808306.91    0   69 8715821.77 7808306.91  10.4%     -    0s
     0     0 7855717.66    0   76 8715821.77 7855717.66  9.87%     -    0s
     0     0 7857766.62    0   76 8715821.77 7857766.62  9.84%     -    0s
     0     0 7858506.93    0   80 8715821.77 7858506.93  9.84%     -    0s
     0     0 7858540.16    0   80 8715821.77 7858540.16  9.84%     -    0s
     0     0 7897806.33    0   73 8715821.77 7897806.33  9.39%     -    0s
     0     0 7897806.33    0   35 8715821.77 7897806.33  9.39%     -    0s
     0     0 7897806.33    0   55 8715821.77 7897806.33  9.39%     -    0s
     0     0 7897806.33    0   64 8715821.77 7897806.33  9.39%     -    0s
     0     0 7897806.33    0   70 8715821.77 7897806.33  9.39%     -    0s
     0     0 7898829.76    0   74 8715821.77 7898829.76  9.37%     -    0s
     0     0 7899468.92    0   74 8715821.77 7899468.92  9.37%     -    0s
     0     0 7899629.02    0   75 8715821.77 7899629.02  9.36%     -    0s
     0     0 7909802.26    0   81 8715821.77 7909802.26  9.25%     -    0s
     0     0 7911085.27    0   82 8715821.77 7911085.27  9.23%     -    0s
     0     0 7911228.57    0   81 8715821.77 7911228.57  9.23%     -    0s
     0     0 7919306.94    0   77 8715821.77 7919306.94  9.14%     -    0s
H    0     0                    8526022.3840 7919306.94  7.12%     -    0s
     0     0 7920686.57    0   89 8526022.38 7920686.57  7.10%     -    0s
     0     0 7920739.64    0   89 8526022.38 7920739.64  7.10%     -    0s
     0     0 7923767.46    0   99 8526022.38 7923767.46  7.06%     -    0s
     0     0 7923767.46    0   99 8526022.38 7923767.46  7.06%     -    0s
     0     0 7945808.82    0   35 8526022.38 7945808.82  6.81%     -    1s
     0     0 7945808.82    0   57 8526022.38 7945808.82  6.81%     -    1s
     0     0 7945808.82    0   84 8526022.38 7945808.82  6.81%     -    1s
     0     0 7945808.82    0   85 8526022.38 7945808.82  6.81%     -    1s
     0     0 7945808.82    0   86 8526022.38 7945808.82  6.81%     -    1s
     0     0 7945808.82    0   94 8526022.38 7945808.82  6.81%     -    1s
     0     0 7945808.82    0   95 8526022.38 7945808.82  6.81%     -    1s
     0     0 7945808.82    0   76 8526022.38 7945808.82  6.81%     -    1s
H    0     0                    8449830.7951 7945808.82  5.96%     -    1s
     0     0 7945808.82    0   79 8449830.80 7945808.82  5.96%     -    1s
     0     0 7945808.82    0   81 8449830.80 7945808.82  5.96%     -    1s
     0     0 7945808.82    0   81 8449830.80 7945808.82  5.96%     -    1s
     0     0 7945808.82    0   35 8449830.80 7945808.82  5.96%     -    1s
H    0     0                    8437066.8661 7945808.82  5.82%     -    1s
     0     0 7945808.82    0   67 8437066.87 7945808.82  5.82%     -    1s
     0     0 7945808.82    0   77 8437066.87 7945808.82  5.82%     -    1s
     0     0 7945808.82    0   81 8437066.87 7945808.82  5.82%     -    1s
     0     0 7945808.82    0   86 8437066.87 7945808.82  5.82%     -    1s
     0     0 7945808.82    0   88 8437066.87 7945808.82  5.82%     -    1s
     0     0 7945808.82    0   83 8437066.87 7945808.82  5.82%     -    1s
     0     0 7945808.82    0   86 8437066.87 7945808.82  5.82%     -    1s
     0     0 7945808.82    0   86 8437066.87 7945808.82  5.82%     -    2s
     0     0 7945808.82    0   89 8437066.87 7945808.82  5.82%     -    2s
     0     0 7945808.82    0   89 8437066.87 7945808.82  5.82%     -    2s
     0     2 7945808.82    0   89 8437066.87 7945808.82  5.82%     -    2s
  1069   752 8189168.55   18   94 8437066.87 8025206.91  4.88%  36.5    5s
H 3433  1451                    8422769.6829 8048216.37  4.45%  42.5    9s
  3747  1768 8238418.81   56   49 8422769.68 8074375.22  4.14%  42.0   10s
H 4942  2139                    8357195.9089 8091556.22  3.18%  41.3   12s
  6948  3197 8119047.16   24   79 8357195.91 8108604.68  2.97%  41.2   15s
H 7285  3405                    8357195.9054 8109259.56  2.97%  41.1   15s
H 8474  3917                    8357195.8503 8116780.20  2.88%  41.1   16s
H 8475  3917                    8357195.8425 8116780.20  2.88%  41.1   16s
H 8521  3917                    8357195.8148 8116780.20  2.88%  41.1   16s
 12665  5948 8323923.55   34   70 8357195.81 8136673.76  2.64%  41.2   20s
H13673  6307                    8357195.7597 8140740.10  2.59%  41.5   21s
 18642  8470 8270956.60   47   52 8357195.76 8155514.23  2.41%  41.4   25s
 24108 10177 8226286.35   31   71 8357195.76 8169933.72  2.24%  41.6   30s
 27199 10888 8275594.56   35   13 8357195.76 8176903.18  2.16%  41.8   36s
 29786 11766 8241501.57   37   58 8357195.76 8182810.48  2.09%  41.9   43s
 31252 12196 8209986.47   32   64 8357195.76 8185960.46  2.05%  41.9   45s
 34563 12680 8268834.57   32   46 8357195.76 8192589.27  1.97%  43.0   50s
 38721 13131 8310435.20   33   68 8357195.76 8202113.16  1.86%  44.1   55s
 42152 13242 8332072.02   34   44 8357195.76 8210131.25  1.76%  45.1   60s
 45845 13317     cutoff   40      8357195.76 8217738.33  1.67%  46.1   65s
 48942 13327 8324293.19   30   46 8357195.76 8225102.48  1.58%  46.7   70s
 52908 13096     cutoff   35      8357195.76 8233234.40  1.48%  47.3   75s
 57170 12500     cutoff   38      8357195.76 8242735.25  1.37%  47.8   80s
 57978 12416     cutoff   58      8357195.76 8244587.89  1.35%  48.0   87s
 60362 11959     cutoff   55      8357195.76 8249055.02  1.29%  48.2   90s
 63527 11283     cutoff   67      8357195.76 8254942.66  1.22%  48.6   95s
 67198 10305     cutoff   56      8357195.76 8263291.58  1.12%  48.9  100s
 71884  8811 8339694.91   35   66 8357195.76 8273284.30  1.00%  49.1  106s
 74697  7752 8334336.54   45   47 8357195.76 8279507.34  0.93%  49.3  110s
 78305  5985     cutoff   39      8357195.76 8287544.28  0.83%  49.2  115s
 82142  3601     cutoff   42      8357195.76 8300445.01  0.68%  49.1  120s

Cutting planes:
  Gomory: 35
  Cover: 1
  Implied bound: 18
  MIR: 173
  Flow cover: 187
  Inf proof: 3
  Network: 5
  RLT: 7
  Relax-and-lift: 19

Explored 87684 nodes (4230717 simplex iterations) in 124.75 seconds
Thread count was 8 (of 8 available processors)

Solution count 8: 8.3572e+06 8.42277e+06 8.43707e+06 ... 9.62962e+06

Optimal solution found (tolerance 1.00e-04)
Best objective 8.357195759749e+06, best bound 8.357195759749e+06, gap 0.0000%

User-callback calls 205285, time in user-callback 0.59 sec

Solução: 8357195.759748593904078
Conexões:
> Subestação = 30
> Valores: origem destino cabo
0 6 0
1 0 0
2 1 0
3 9 0
4 3 0
5 4 0
6 30 0
7 5 0
8 30 1
9 8 1
10 9 0
11 10 0
12 11 0
13 21 0
14 13 0
15 30 1
16 15 1
17 16 1
18 17 1
19 18 1
20 19 0
21 20 0
22 23 0
23 30 1
24 23 1
25 24 1
26 25 0
27 26 0
28 27 0
29 28 0
