Using license file /home/brunoalmeda/gurobi.lic
Academic license - for non-commercial use only
Changed value of parameter TimeLimit to 7200.0
   Prev: inf  Min: 0.0  Max: inf  Default: inf
Changed value of parameter lazyconstraints to 1
   Prev: 0  Min: 0  Max: 1  Default: 0
Gurobi Optimizer version 9.0.1 build v9.0.1rc0 (linux64)
Optimize a model with 6562 rows, 25920 columns and 57920 nonzeros
Model fingerprint: 0xf01bec5a
Variable types: 6480 continuous, 19440 integer (19440 binary)
Coefficient statistics:
  Matrix range     [1e+00, 8e+00]
  Objective range  [2e+05, 8e+06]
  Bounds range     [1e+00, 8e+01]
  RHS range        [1e+00, 1e+01]
Presolve removed 1 rows and 80 columns
Presolve time: 0.06s
Presolved: 6561 rows, 25840 columns, 57760 nonzeros
Variable types: 6400 continuous, 19440 integer (19440 binary)

Root relaxation: objective 3.504154e+07, 10926 iterations, 0.35 seconds

    Nodes    |    Current Node    |     Objective Bounds      |     Work
 Expl Unexpl |  Obj  Depth IntInf | Incumbent    BestBd   Gap | It/Node Time

     0     0 3.5042e+07    0  110          - 3.5042e+07      -     -    0s
     0     0 3.5353e+07    0  139          - 3.5353e+07      -     -    0s
     0     0 3.5812e+07    0  149          - 3.5812e+07      -     -    0s
     0     0 3.6067e+07    0  150          - 3.6067e+07      -     -    0s
     0     0 3.6075e+07    0  153          - 3.6075e+07      -     -    0s
     0     0 3.6075e+07    0  154          - 3.6075e+07      -     -    0s
     0     0 3.6242e+07    0  168          - 3.6242e+07      -     -    1s
     0     0 3.6355e+07    0  167          - 3.6355e+07      -     -    2s
     0     0 3.6361e+07    0  177          - 3.6361e+07      -     -    2s
     0     0 3.6362e+07    0  179          - 3.6362e+07      -     -    2s
     0     0 3.6370e+07    0  178          - 3.6370e+07      -     -    2s
     0     0 3.6370e+07    0  182          - 3.6370e+07      -     -    2s
     0     0 3.6422e+07    0  188          - 3.6422e+07      -     -    2s
     0     0 3.6437e+07    0  200          - 3.6437e+07      -     -    2s
     0     0 3.6443e+07    0  206          - 3.6443e+07      -     -    3s
     0     0 3.6444e+07    0  211          - 3.6444e+07      -     -    3s
     0     0 3.6480e+07    0  206          - 3.6480e+07      -     -    3s
     0     0 3.6496e+07    0  216          - 3.6496e+07      -     -    3s
     0     0 3.6500e+07    0  218          - 3.6500e+07      -     -    3s
     0     0 3.6500e+07    0  220          - 3.6500e+07      -     -    3s
     0     0 3.6516e+07    0  215          - 3.6516e+07      -     -    3s
     0     0 3.6523e+07    0  220          - 3.6523e+07      -     -    3s
     0     0 3.6530e+07    0  226          - 3.6530e+07      -     -    3s
     0     0 3.6532e+07    0  227          - 3.6532e+07      -     -    3s
     0     0 3.6532e+07    0  228          - 3.6532e+07      -     -    3s
     0     0 3.6550e+07    0  223          - 3.6550e+07      -     -    4s
     0     0 3.6554e+07    0  227          - 3.6554e+07      -     -    5s
     0     0 3.6556e+07    0  226          - 3.6556e+07      -     -    5s
     0     0 3.6556e+07    0  234          - 3.6556e+07      -     -    5s
     0     0 3.6570e+07    0  231          - 3.6570e+07      -     -    5s
     0     0 3.6575e+07    0  238          - 3.6575e+07      -     -    6s
     0     0 3.6575e+07    0  242          - 3.6575e+07      -     -    6s
     0     0 3.6587e+07    0  232          - 3.6587e+07      -     -    6s
     0     0 3.6587e+07    0  232          - 3.6587e+07      -     -    9s
     0     2 3.6679e+07    0  232          - 3.6679e+07      -     -   26s
    35    41 3.6679e+07    7  208          - 3.6679e+07      -   182   30s
   165   183 3.6768e+07   39  208          - 3.6679e+07      -   153   35s
   429   456 3.6946e+07   90  203          - 3.6679e+07      -   106   40s
   784   837 3.7255e+07  177  179          - 3.6679e+07      -  85.3   45s
  1174  1229 3.7599e+07  258  165          - 3.6679e+07      -  71.8   50s
  1589  1674 3.8050e+07  384  167          - 3.6679e+07      -  65.4   55s
  1946  2064 3.8308e+07  480  173          - 3.6679e+07      -  60.9   60s
  2412  2528 3.8478e+07  628  165          - 3.6679e+07      -  56.4   65s
  2789  2949 3.8662e+07  736  169          - 3.6679e+07      -  54.2   70s
  3295  3425 3.8834e+07  880  167          - 3.6679e+07      -  51.1   77s
  3570  3745 3.9008e+07  958  178          - 3.6679e+07      -  50.9   81s
  3971  4165 3.9136e+07 1056  167          - 3.6679e+07      -  49.0   85s
  4571  4826 3.9273e+07 1206  172          - 3.6679e+07      -  47.1   91s
  5155  5154 4.5079e+07  687  110          - 3.6679e+07      -  44.3   95s
  5167  5162 3.7438e+07  192  225          - 3.6698e+07      -  44.2  103s
  5173  5166 3.8089e+07  836  241          - 3.6802e+07      -  44.1  105s
  5180  5171 3.8321e+07  407  258          - 3.6867e+07      -  44.1  110s
  5190  5178 3.8465e+07  808  275          - 3.6943e+07      -  44.0  115s
  5200  5184 3.8505e+07  937  294          - 3.6985e+07      -  43.9  123s
  5208  5190 3.8355e+07  673  323          - 3.7008e+07      -  43.8  125s
  5212  5192 4.1073e+07  555  310          - 3.7022e+07      -  43.8  134s
  5218  5196 3.8941e+07 1329  328          - 3.7032e+07      -  43.7  135s
  5221  5198 3.7755e+07  300  316          - 3.7045e+07      -  43.7  140s
  5226  5202 3.8102e+07  430  314          - 3.7053e+07      -  43.7  145s
  5231  5205 4.5601e+07  728  340          - 3.7062e+07      -  43.6  150s
  5239  5210 3.8441e+07  616  344          - 3.7069e+07      -  43.6  155s
  5242  5212 3.8610e+07  968  340          - 3.7075e+07      -  43.5  160s
  5246  5215 3.9357e+07 1096  348          - 3.7081e+07      -  43.5  165s
  5253  5220 3.9002e+07 1262  353          - 3.7092e+07      -  43.4  170s
  5255  5221 4.5079e+07  687  339          - 3.7097e+07      -  43.4  175s
  5261  5225 3.7211e+07  124  345          - 3.7109e+07      -  43.4  180s
  5266  5228 3.7574e+07  202  337          - 3.7123e+07      -  43.3  189s
  5269  5230 4.5863e+07  720  338          - 3.7127e+07      -  43.3  194s
  5274  5234 3.8785e+07 1146  339          - 3.7132e+07      -  43.3  195s
  5279  5237 3.8913e+07 1225  338          - 3.7139e+07      -  43.2  200s
  5281  5238 3.8552e+07  936  345          - 3.7143e+07      -  43.2  205s
  5285  5241 3.8478e+07  855  347          - 3.7151e+07      -  43.2  210s
  5289  5244 3.8107e+07  731  336          - 3.7156e+07      -  43.1  215s
  5292  5246 3.8981e+07 1243  345          - 3.7159e+07      -  43.1  220s
  5295  5248 4.3302e+07  613  344          - 3.7163e+07      -  43.1  225s
  5314  5262 3.7582e+07  253  235          - 3.7165e+07      -  51.5  230s
  5327  5271 3.8811e+07  836  338          - 3.7167e+07      -  51.3  237s
  5330  5273 3.8003e+07  713  343          - 3.7170e+07      -  51.3  242s
  5334  5275 3.8075e+07  403  355          - 3.7173e+07      -  51.3  250s
  5336  5277 4.3338e+07  629  355          - 3.7185e+07      -  51.2  291s
  5337  5280 3.7197e+07   25  327          - 3.7185e+07      -  55.5  326s
  5339  5284 3.7225e+07   26  317          - 3.7185e+07      -  55.6  363s
  5343  5286 3.7244e+07   27  318          - 3.7185e+07      -  56.0  365s
  5351  5292 3.7245e+07   28  312          - 3.7185e+07      -  56.8  370s
  5359  5300 3.7245e+07   29  317          - 3.7185e+07      -  57.2  375s
  5380  5314 3.7254e+07   32  293          - 3.7185e+07      -  58.5  381s
  5394  5323 3.7270e+07   33  295          - 3.7185e+07      -  59.5  386s
  5409  5333 3.7263e+07   35  287          - 3.7185e+07      -  60.7  392s
  5416  5340 3.7264e+07   36  286          - 3.7185e+07      -  61.4  395s
  5433  5349 3.7268e+07   38  280          - 3.7185e+07      -  62.8  401s
  5449  5361 3.7320e+07   40  260          - 3.7185e+07      -  64.8  407s
  5464  5375 3.7283e+07   42  269          - 3.7185e+07      -  66.5  413s
  5476  5384 3.7525e+07   43  250          - 3.7185e+07      -  67.7  416s
  5501  5403 3.7288e+07   47  268          - 3.7185e+07      -  69.6  422s
  5516  5412 3.7308e+07   48  252          - 3.7185e+07      -  70.5  425s
  5546  5435 3.7298e+07   52  288          - 3.7185e+07      -  73.0  432s
  5563  5450 3.7299e+07   53  277          - 3.7185e+07      -  74.0  435s
  5605  5473 3.7302e+07   55  285          - 3.7185e+07      -  76.3  442s
  5621  5483 3.7453e+07   56  257          - 3.7185e+07      -  77.7  447s
  5636  5505 3.7313e+07   58  280          - 3.7185e+07      -  79.3  451s
  5663  5515 3.7316e+07   60  262          - 3.7185e+07      -  80.4  455s
  5703  5543 3.7318e+07   64  258          - 3.7185e+07      -  83.3  464s
  5724  5561 3.7331e+07   66  266          - 3.7185e+07      -  85.2  468s
  5749  5573 3.7336e+07   69  257          - 3.7185e+07      -  86.6  473s
  5769  5595 3.7782e+07   71  240          - 3.7185e+07      -  88.6  478s
  5798  5619 3.7849e+07   73  219          - 3.7185e+07      -  90.5  484s
  5831  5644 3.7352e+07   76  259          - 3.7185e+07      -  92.2  489s
  5867  5677 3.7360e+07   79  254          - 3.7185e+07      -  94.0  495s
  5912  5702 3.7366e+07   82  244          - 3.7185e+07      -  95.9  500s
  5952  5729 3.7368e+07   85  248          - 3.7185e+07      -  97.7  506s
  5993  5760 3.7373e+07   88  241          - 3.7185e+07      -  99.3  511s
  6037  5786 3.7545e+07   91  204          - 3.7185e+07      -   101  518s
  6078  5809 3.7385e+07   95  242          - 3.7185e+07      -   103  524s
  6115  5837 3.7392e+07   99  238          - 3.7185e+07      -   105  530s
  6155  5874 3.7635e+07  103  220          - 3.7185e+07      -   108  537s
  6205  5905 3.7402e+07  107  242          - 3.7185e+07      -   110  544s
  6253  5948 3.7413e+07  111  241          - 3.7185e+07      -   112  551s
  6312  5974 3.7417e+07  115  234          - 3.7185e+07      -   114  559s
  6358  6028 3.7433e+07  120  228          - 3.7185e+07      -   117  566s
  6427  6029 3.7464e+07  126  218          - 3.7185e+07      -   119  574s
  6451  6077 3.7476e+07  130  217          - 3.7185e+07      -   121  582s
  6507  6126 3.7482e+07  135  214          - 3.7185e+07      -   123  590s
  6575  6166 3.7510e+07  141  226          - 3.7185e+07      -   125  599s
  6637  6223 3.7783e+07  146  199          - 3.7185e+07      -   128  608s
  6715  6281 3.7840e+07  151  189          - 3.7185e+07      -   130  617s
  6799  6349 3.7547e+07  160  212          - 3.7185e+07      -   131  627s
  6895  6414 3.7567e+07  169  212          - 3.7185e+07      -   133  637s
  6992  6475 3.7899e+07  175  189          - 3.7185e+07      -   135  648s
  7085  6532 3.7604e+07  183  211          - 3.7185e+07      -   138  658s
  7173  6608 3.7620e+07  189  209          - 3.7185e+07      -   139  669s
  7279  6685 3.7636e+07  197  214          - 3.7185e+07      -   141  681s
  7391  6763 3.7642e+07  204  215          - 3.7185e+07      -   144  693s
  7506  6839 3.7679e+07  212  207          - 3.7185e+07      -   146  705s
  7621  6919 3.7689e+07  220  199          - 3.7185e+07      -   149  718s
  7739  7023 3.7714e+07  229  202          - 3.7185e+07      -   150  731s
  7882  7100 3.7758e+07  242  199          - 3.7185e+07      -   153  745s
  8007  7202 3.7833e+07  253  198          - 3.7185e+07      -   155  760s
  8151  7275 3.7864e+07  263  214          - 3.7185e+07      -   157  775s
  8272  7395 3.7896e+07  273  189          - 3.7185e+07      -   160  790s
  8432  7496 3.7947e+07  283  193          - 3.7185e+07      -   162  806s
  8586  7583 3.7992e+07  294  205          - 3.7185e+07      -   165  826s
  8725  7676 3.8029e+07  306  195          - 3.7185e+07      -   168  844s
  8864  7794 3.8080e+07  317  210          - 3.7185e+07      -   171  859s
  9028  7924 3.8133e+07  327  195          - 3.7185e+07      -   173  879s
  9213  8004 3.8156e+07  339  192          - 3.7185e+07      -   176  897s
  9355  8184 3.9033e+07  349  183          - 3.7185e+07      -   178  914s
  9582  8309 3.8281e+07  362  187          - 3.7185e+07      -   180  934s
  9783  8472 3.8413e+07  375  194          - 3.7185e+07      -   182  955s
 10013  8625 3.8535e+07  392  190          - 3.7185e+07      -   185  976s
 10242  8822 3.9178e+07  413  183          - 3.7185e+07      -   187  999s
 10516  9019 4.0621e+07  455  178          - 3.7185e+07      -   189 1022s
 10804  8999 4.1829e+07  496  163          - 3.7185e+07      -   192 1046s
 10880  9299 4.0976e+07  506  181          - 3.7185e+07      -   193 1071s
 11205  9521 4.1129e+07  548  172          - 3.7185e+07      -   195 1097s
 11536  9756 4.1852e+07  588  171          - 3.7185e+07      -   198 1124s
 11881 10060 4.1533e+07  623  167          - 3.7185e+07      -   199 1152s
 12300 10307 4.1627e+07  689  164          - 3.7185e+07      -   202 1181s
 12687 10572 4.1759e+07  742  165          - 3.7185e+07      -   203 1211s
 13081 10923 4.1880e+07  798  154          - 3.7185e+07      -   206 1242s
 13563 11256 4.2174e+07  891  156          - 3.7185e+07      -   207 1274s
 14057 11664 4.6438e+07  982  142          - 3.7185e+07      -   209 1307s
 14629 11974 4.7852e+07 1095  134          - 3.7185e+07      -   210 1342s
 15130 12388 4.5295e+07 1207  140          - 3.7185e+07      -   213 1379s
 15712 12760 4.8208e+07 1306  154          - 3.7185e+07      -   217 1416s
 16278 13273 4.8286e+07 1391  150          - 3.7185e+07      -   221 1453s
 16980 13800 4.8562e+07 1476  146          - 3.7185e+07      -   222 1488s
 17741 14729 4.8723e+07 1552  157          - 3.7185e+07      -   222 1524s
 18928 15372 4.8872e+07 1627  145          - 3.7185e+07      -   217 1548s
 19983 16235 4.9043e+07 1685  139          - 3.7185e+07      -   214 1575s
 21244 16164 4.9241e+07 1746  151          - 3.7185e+07      -   208 1598s
 21626 16435 4.9303e+07 1791  147          - 3.7185e+07      -   210 1620s
 21897 16704 5.0279e+07 1831  143          - 3.7185e+07      -   213 1642s
 22166 17129 4.9564e+07 1878  154          - 3.7185e+07      -   215 1665s
 22591 17549 4.9650e+07 1924  150          - 3.7185e+07      -   217 1690s
 23011 17962 4.9683e+07 1967  157          - 3.7185e+07      -   218 1715s
 23424 18276 4.9721e+07 2007  151          - 3.7185e+07      -   220 1739s
 23738 18678 4.9756e+07 2051  146          - 3.7185e+07      -   222 1764s
 24140 19004 4.9827e+07 2098  144          - 3.7185e+07      -   224 1788s
 24466 19359 5.0126e+07 2146  139          - 3.7185e+07      -   226 1801s
 24821 19630 4.9896e+07 2189  140          - 3.7185e+07      -   228 1823s
 25092 19958 4.9910e+07 2229  144          - 3.7185e+07      -   230 1844s
 25420 20324 4.9951e+07 2266  143          - 3.7185e+07      -   232 1868s
 25786 20672 4.9971e+07 2309  142          - 3.7185e+07      -   233 1891s
 26134 21084 4.9988e+07 2356  144          - 3.7185e+07      -   235 1915s
 26546 21438 5.0007e+07 2395  133          - 3.7185e+07      -   236 1939s
 26900 21840 5.0123e+07 2438  152          - 3.7185e+07      -   238 1953s
 27302 22391 5.0150e+07 2475  149          - 3.7185e+07      -   238 1973s
 27853 22804 5.0172e+07 2518  153          - 3.7185e+07      -   238 1995s
 28266 23158 5.0201e+07 2558  144          - 3.7185e+07      -   240 2017s
 28620 23574 5.0237e+07 2598  149          - 3.7185e+07      -   241 2039s
 29066 24110 5.0266e+07 2642  145          - 3.7185e+07      -   241 2062s
 29602 24535 5.1543e+07 2687  123          - 3.7185e+07      -   240 2084s
 30027 25165 5.0328e+07 2730  144          - 3.7185e+07      -   240 2109s
 30657 25704 5.0360e+07 2778  152          - 3.7185e+07      -   239 2133s
 31196 26057 5.0388e+07 2824  145          - 3.7185e+07      -   238 2152s
 31549 26521 5.0510e+07 2853  146          - 3.7185e+07      -   238 2175s
 32013 27303 5.0543e+07 2893  138          - 3.7185e+07      -   238 2199s
 32795 27804 5.2909e+07 2937  115          - 3.7185e+07      -   236 2220s
 33296 28650 5.0636e+07 2980  128          - 3.7185e+07      -   235 2242s
 34149 29048 5.0689e+07 3016  122          - 3.7185e+07      -   232 2258s
 34547 29730 5.0707e+07 3042  137          - 3.7185e+07      -   231 2279s
 35229 30168 5.0727e+07 3073  136          - 3.7185e+07      -   230 2335s
 35667 30922 5.0757e+07 3111  135          - 3.7185e+07      -   229 2347s
 36421 31766 5.0778e+07 3144  144          - 3.7185e+07      -   227 2359s
 37290 32549 5.0808e+07 3177  146          - 3.7185e+07      -   224 2371s
 38199 32948 5.0837e+07 3211  133          - 3.7185e+07      -   221 2388s
 38598 33277 5.0873e+07 3243  129          - 3.7185e+07      -   221 2405s
 38927 33678 5.0891e+07 3276  124          - 3.7185e+07      -   222 2423s
 39328 34131 5.0921e+07 3312  138          - 3.7185e+07      -   222 2441s
 39781 34631 5.0952e+07 3347  155          - 3.7185e+07      -   222 2459s
 40281 34925 5.0992e+07 3384  141          - 3.7185e+07      -   221 2477s
 40604 35206 5.1023e+07 3422  140          - 3.7185e+07      -   222 2495s
 40885 35559 5.1051e+07 3455  140          - 3.7185e+07      -   223 2514s
 41238 36384 5.1085e+07 3490  140          - 3.7185e+07      -   223 2533s
 42063 37126 5.1131e+07 3525  126          - 3.7185e+07      -   221 2551s
 42805 37879 5.1173e+07 3560  135          - 3.7185e+07      -   219 2569s
 43558 38703 5.1234e+07 3591  118          - 3.7185e+07      -   217 2586s
 44382 39474 5.1268e+07 3620  126          - 3.7185e+07      -   215 2602s
 45153 40182 5.1298e+07 3649  138          - 3.7185e+07      -   213 2618s
 45861 40892 5.1327e+07 3677  132          - 3.7185e+07      -   211 2633s
 46571 41474 5.1359e+07 3704  122          - 3.7185e+07      -   209 2647s
 47153 41914 5.1391e+07 3734  122          - 3.7185e+07      -   208 2661s
 47593 42328 5.1423e+07 3764  125          - 3.7185e+07      -   207 2674s
 48007 42729 5.1460e+07 3793  134          - 3.7185e+07      -   207 2688s
 48408 43141 5.1498e+07 3821  132          - 3.7185e+07      -   206 2701s
 48820 43546 5.1533e+07 3853  122          - 3.7185e+07      -   206 2715s
 49225 43933 5.1577e+07 3886  126          - 3.7185e+07      -   206 2728s
 49612 44230 5.1622e+07 3918  130          - 3.7185e+07      -   205 2742s
 49910 44458 5.1673e+07 3950  134          - 3.7185e+07      -   206 2756s
 50138 44743 5.1738e+07 3982  128          - 3.7185e+07      -   206 2770s
 50423 45250 5.1784e+07 4015  126          - 3.7185e+07      -   207 2783s
 50930 45667 5.1841e+07 4052  131          - 3.7185e+07      -   206 2797s
 51347 46014 5.1898e+07 4093  130          - 3.7185e+07      -   206 2811s
 51694 46506 5.1955e+07 4130  120          - 3.7185e+07      -   206 2825s
 52186 46917 5.2025e+07 4171  123          - 3.7185e+07      -   205 2838s
 52603 47386 5.2086e+07 4215  134          - 3.7185e+07      -   205 2854s
 53073 47790 5.4040e+07 4251  120          - 3.7185e+07      -   204 2861s
 53477 48180 5.2194e+07 4290  133          - 3.7185e+07      -   204 2868s
 53868 48641 5.2340e+07 4329  129          - 3.7185e+07      -   203 2875s
 54329 49010 5.2477e+07 4368  134          - 3.7185e+07      -   202 2884s
 54698 49868 5.2698e+07 4407  114          - 3.7185e+07      -   202 2892s
 55565 51034 5.2813e+07 4471  103          - 3.7185e+07      -   200 2903s
 56800 51574 5.3082e+07 4568  120          - 3.7185e+07      -   197 2913s
 57424 51870 5.3325e+07 4669  135          - 3.7185e+07      -   196 2923s
 57738 52200 5.3588e+07 4728  109          - 3.7185e+07      -   196 2931s
 58068 52399 5.4014e+07 4850  128          - 3.7185e+07      -   196 2942s
 58267 52601 5.4360e+07 4895  144          - 3.7185e+07      -   196 2953s
 58469 53040 5.4393e+07 4924  136          - 3.7185e+07      -   197 2964s
 58908 53405 5.4432e+07 4954  142          - 3.7185e+07      -   196 2975s
 59273 53731 5.4486e+07 4985  141          - 3.7185e+07      -   196 2986s
 59599 54150 5.4530e+07 5015  134          - 3.7185e+07      -   196 2997s
 60018 54912 5.7691e+07 5045  109          - 3.7185e+07      -   196 3004s
 60780 55647 5.4692e+07 5078  135          - 3.7185e+07      -   194 3013s
 61518 56486 5.9623e+07 5130  115          - 3.7185e+07      -   193 3024s
 62357 57325 6.2667e+07 5213   97          - 3.7185e+07      -   192 3034s
 63201 58049 6.1987e+07 5312  103          - 3.7185e+07      -   190 3044s
 63926 58204 6.5093e+07 5387   76          - 3.7185e+07      -   189 3051s
 64081 58417 6.5299e+07 5431   74          - 3.7185e+07      -   188 3056s
 64294 58621 6.5435e+07 5492   82          - 3.7185e+07      -   188 3060s
 64498 59353 6.6461e+07 5546   71          - 3.7185e+07      -   188 3069s
 65230 60047 6.5578e+07 5625   79          - 3.7185e+07      -   187 3078s
 65929 60750 6.5961e+07 5729   79          - 3.7185e+07      -   186 3087s
 66678 61248 7.4199e+07 5900   50          - 3.7185e+07      -   185 3096s
 67197 61877 7.5146e+07 6028   45          - 3.7190e+07      -   184 3102s
 67938 62299 3.7208e+07   40  270          - 3.7191e+07      -   183 3108s
 68360 62663 3.7313e+07   63  241          - 3.7191e+07      -   182 3116s
 68724 62874 3.7471e+07   96  239          - 3.7191e+07      -   182 3123s
 68935 63320 3.7629e+07  125  235          - 3.7191e+07      -   182 3128s
 69381 63762 3.7777e+07  159  227          - 3.7191e+07      -   181 3132s
 69826 64224 3.7961e+07  201  230          - 3.7191e+07      -   180 3138s
 70310 64303 3.8181e+07  228  226          - 3.7191e+07      -   180 3146s
 70389 64473 3.8394e+07  257  217          - 3.7191e+07      -   180 3154s
 70559 64662 3.8855e+07  275  230          - 3.7191e+07      -   180 3162s
 70748 64850 3.9490e+07  291  205          - 3.7191e+07      -   180 3170s
 70936 65058 3.9630e+07  308  194          - 3.7191e+07      -   180 3179s
 71144 65336 3.9815e+07  359  194          - 3.7191e+07      -   180 3188s
 71422 65601 3.9999e+07  462  176          - 3.7191e+07      -   180 3197s
 71687 65892 4.0093e+07  563  176          - 3.7191e+07      -   180 3206s
 71978 66086 4.0291e+07  703  170          - 3.7191e+07      -   179 3215s
 72172 66531 4.0452e+07  767  173          - 3.7191e+07      -   179 3222s
 72617 66955 4.0664e+07 1055  165          - 3.7191e+07      -   179 3232s
 73041 67338 4.0848e+07 1321  166          - 3.7191e+07      -   178 3240s
 73424 67861 4.0981e+07 1545  174          - 3.7191e+07      -   178 3249s
 73948 68247 4.1128e+07 1785  181          - 3.7191e+07      -   177 3258s
 74334 68620 4.1261e+07 2017  170          - 3.7191e+07      -   177 3267s
 74707 68664 4.1377e+07 2240  178          - 3.7191e+07      -   177 3323s
 74751 68968 4.1381e+07 2251  161          - 3.7191e+07      -   177 3331s
 75055 69384 4.1483e+07 2434  173          - 3.7191e+07      -   177 3340s
 75471 69801 4.1617e+07 2662  169          - 3.7191e+07      -   176 3349s
 75888 70249 4.1758e+07 2905  153          - 3.7191e+07      -   176 3358s
 76336 70785 4.1910e+07 3117  162          - 3.7191e+07      -   175 3366s
 76872 71306 4.2060e+07 3327  160          - 3.7191e+07      -   175 3375s
 77393 71857 4.2230e+07 3525  166          - 3.7191e+07      -   174 3384s
 77944 72307 4.2434e+07 3727  174          - 3.7191e+07      -   174 3392s
 78394 73079 4.2652e+07 3887  143          - 3.7191e+07      -   173 3401s
 79166 73733 4.2926e+07 4044  149          - 3.7191e+07      -   172 3409s
 79826 74254 4.3311e+07 4178  155          - 3.7191e+07      -   171 3417s
 80349 74617 4.3785e+07 4284  161          - 3.7191e+07      -   171 3425s
 80712 75007 4.5772e+07 4368  165          - 3.7191e+07      -   170 3432s
 81104 75298 4.6233e+07 4476  120          - 3.7191e+07      -   170 3440s
 81395 75576 4.6741e+07 4608  118          - 3.7191e+07      -   170 3448s
 81673 76186 4.7802e+07 4731  112          - 3.7191e+07      -   170 3456s
 82348 76993 5.2639e+07 4783  100          - 3.7191e+07      -   169 3464s
 83189 78583 5.3256e+07 5004   85          - 3.7191e+07      -   168 3473s
 84822 79178 5.3489e+07 5358   87          - 3.7191e+07      -   165 3479s
 85531 79912 5.4666e+07 5397   74          - 3.7191e+07      -   164 3486s
 86268 80831 5.7333e+07 5600   58          - 3.7191e+07      -   163 3493s
 87187 81371 5.7484e+07 5742   72          - 3.7191e+07      -   162 3500s
 87775 82058 5.9573e+07 5867   62          - 3.7191e+07      -   161 3506s
 88464 82259 6.8503e+07 6466   70          - 3.7196e+07      -   160 3512s
 88745 82368 3.7321e+07   38  280          - 3.7196e+07      -   160 3518s
 88854 82510 3.7404e+07   56  252          - 3.7196e+07      -   160 3524s
 88996 82662 3.7545e+07   80  235          - 3.7196e+07      -   160 3530s
 89148 82852 3.7654e+07  106  220          - 3.7196e+07      -   160 3536s
 89338 83010 3.7775e+07  154  206          - 3.7196e+07      -   160 3542s
 89496 83177 3.7906e+07  209  200          - 3.7196e+07      -   160 3548s
 89663 83347 3.8013e+07  276  204          - 3.7196e+07      -   160 3555s
 89833 83575 3.8114e+07  324  207          - 3.7196e+07      -   160 3561s
 90061 83828 3.8206e+07  384  207          - 3.7196e+07      -   160 3568s
 90314 84089 3.8295e+07  435  204          - 3.7196e+07      -   160 3575s
 90575 84382 3.8390e+07  499  209          - 3.7196e+07      -   160 3581s
 90868 84633 3.8473e+07  570  214          - 3.7196e+07      -   160 3588s
 91119 84867 3.8576e+07  646  207          - 3.7196e+07      -   159 3595s
 91353 85114 3.8676e+07  725  204          - 3.7196e+07      -   159 3602s
 91600 85341 3.8758e+07  808  209          - 3.7196e+07      -   159 3609s
 91827 85557 3.8846e+07  888  201          - 3.7196e+07      -   159 3616s
 92043 85770 3.8937e+07  974  205          - 3.7196e+07      -   159 3623s
 92256 85898 3.9022e+07 1057  206          - 3.7196e+07      -   159 3630s
 92384 86222 3.9060e+07 1098  200          - 3.7196e+07      -   159 3637s
 92708 86568 3.9125e+07 1179  198          - 3.7196e+07      -   159 3645s
 93054 86931 3.9200e+07 1265  201          - 3.7196e+07      -   158 3653s
 93417 87319 3.9283e+07 1368  204          - 3.7196e+07      -   158 3661s
 93805 87691 3.9383e+07 1463  210          - 3.7196e+07      -   158 3669s
 94177 88104 3.9467e+07 1547  200          - 3.7196e+07      -   158 3676s
 94590 88560 3.9553e+07 1654  211          - 3.7196e+07      -   157 3684s
 95046 89010 3.9633e+07 1756  214          - 3.7196e+07      -   157 3692s
 95496 89470 3.9710e+07 1860  204          - 3.7196e+07      -   156 3700s
 95956 89849 3.9797e+07 1956  208          - 3.7196e+07      -   156 3708s
 96335 90257 3.9870e+07 2052  205          - 3.7196e+07      -   156 3715s
 96743 90577 3.9939e+07 2145  205          - 3.7196e+07      -   156 3723s
 97063 91015 4.0022e+07 2251  198          - 3.7196e+07      -   155 3731s
 97501 91495 4.0108e+07 2359  208          - 3.7196e+07      -   155 3739s
 97981 92122 4.0177e+07 2445  205          - 3.7196e+07      -   155 3746s
 98608 92634 4.0263e+07 2533  212          - 3.7196e+07      -   154 3754s
 99120 92747 4.0354e+07 2626  211          - 3.7196e+07      -   154 3759s
 99233 93213 4.0365e+07 2642  209          - 3.7196e+07      -   154 3766s
 99699 93674 4.0447e+07 2714  207          - 3.7196e+07      -   153 3774s
 100168 94140 4.0542e+07 2805  208          - 3.7196e+07      -   153 3781s
 100642 94605 4.0630e+07 2882  204          - 3.7196e+07      -   153 3789s
 101120 95145 4.0719e+07 2958  204          - 3.7196e+07      -   153 3797s
 101662 95696 4.0804e+07 3047  209          - 3.7196e+07      -   152 3805s
 102216 96566 4.0912e+07 3113  216          - 3.7196e+07      -   152 3813s
 103088 97197 4.0999e+07 3188  200          - 3.7196e+07      -   151 3821s
 103730 98025 4.1101e+07 3255  214          - 3.7196e+07      -   150 3828s
 104566 98840 4.1180e+07 3309  210          - 3.7196e+07      -   150 3836s
 105384 99520 4.1281e+07 3363  209          - 3.7196e+07      -   149 3844s
 106081 100351 4.1359e+07 3416  198          - 3.7196e+07      -   148 3851s
 106985 100490 4.1466e+07 3466  212          - 3.7196e+07      -   147 3857s
 107176 100581 4.1555e+07 3516  216          - 3.7196e+07      -   147 3863s
 107267 100673 4.1642e+07 3565  220          - 3.7196e+07      -   147 3868s
 107359 100754 4.1740e+07 3611  205          - 3.7196e+07      -   147 3874s
 107440 100854 4.1836e+07 3655  207          - 3.7196e+07      -   147 3880s
 107540 100975 4.1921e+07 3703  206          - 3.7196e+07      -   147 3886s
 107661 101141 4.2066e+07 3743  213          - 3.7196e+07      -   147 3892s
 107827 101334 4.2180e+07 3790  208          - 3.7196e+07      -   147 3897s
 108020 101569 4.2383e+07 3830  194          - 3.7196e+07      -   147 3904s
 108255 101791 4.2545e+07 3870  213          - 3.7196e+07      -   147 3910s
 108477 102042 4.2726e+07 3905  203          - 3.7196e+07      -   147 3916s
 108728 102311 4.2930e+07 3940  194          - 3.7196e+07      -   147 3923s
 108997 102608 4.3121e+07 3989  201          - 3.7196e+07      -   147 3929s
 109294 102828 4.3381e+07 4117  182          - 3.7196e+07      -   147 3936s
 109535 103113 3.7218e+07   38  297          - 3.7196e+07      -   147 3942s
 109820 103396 3.7266e+07   45  257          - 3.7196e+07      -   147 3949s
 110103 103690 3.7317e+07   58  238          - 3.7196e+07      -   146 3955s
 110397 103972 3.7411e+07   74  232          - 3.7196e+07      -   146 3962s
 110679 104100 3.7501e+07   76  224          - 3.7196e+07      -   146 3968s
 110807 104415 3.7587e+07   91  194          - 3.7196e+07      -   146 3975s
 111122 104764 3.7726e+07  115  201          - 3.7196e+07      -   146 3982s
 111471 105155 3.7889e+07  145  190          - 3.7196e+07      -   146 3989s
 111862 105587 3.7954e+07  200  193          - 3.7196e+07      -   146 3996s
 112294 106019 3.8079e+07  291  194          - 3.7196e+07      -   145 4003s
 112726 106441 3.8180e+07  407  201          - 3.7196e+07      -   145 4010s
 113148 106882 3.8325e+07  502  194          - 3.7196e+07      -   145 4017s
 113589 107302 3.8408e+07  616  193          - 3.7196e+07      -   144 4024s
 114009 107698 3.8537e+07  718  198          - 3.7196e+07      -   144 4031s
 114405 108106 3.8678e+07  828  189          - 3.7196e+07      -   144 4038s
 114813 108487 3.8820e+07  913  194          - 3.7196e+07      -   144 4046s
 115194 108862 3.8955e+07 1002  195          - 3.7196e+07      -   143 4053s
 115569 109226 3.9053e+07 1091  197          - 3.7196e+07      -   143 4060s
 115933 109564 3.9141e+07 1196  191          - 3.7196e+07      -   143 4067s
 116271 109922 3.9230e+07 1280  198          - 3.7196e+07      -   143 4074s
 116629 110199 3.9318e+07 1383  190          - 3.7196e+07      -   143 4081s
 116906 110504 3.9396e+07 1481  184          - 3.7196e+07      -   143 4088s
 117211 110967 3.9479e+07 1588  187          - 3.7196e+07      -   143 4095s
 117674 111560 3.9556e+07 1682  194          - 3.7196e+07      -   142 4102s
 118267 112001 3.9627e+07 1781  190          - 3.7196e+07      -   142 4109s
 118708 112620 3.9713e+07 1885  197          - 3.7196e+07      -   142 4116s
 119328 112925 3.9775e+07 1986  177          - 3.7196e+07      -   141 4123s
 119635 113365 3.9846e+07 2076  185          - 3.7196e+07      -   141 4130s
 120075 113700 3.9917e+07 2187  187          - 3.7196e+07      -   141 4137s
 120412 114176 3.9993e+07 2317  185          - 3.7196e+07      -   141 4144s
 120893 114952 4.0075e+07 2430  199          - 3.7196e+07      -   141 4152s
 121673 115699 4.0157e+07 2523  191          - 3.7196e+07      -   140 4160s
 122437 116314 4.0224e+07 2622  185          - 3.7196e+07      -   140 4167s
 123052 116722 4.0298e+07 2705  192          - 3.7196e+07      -   139 4174s
 123497 116983 4.0381e+07 2787  185          - 3.7196e+07      -   139 4180s
 123758 117282 4.0444e+07 2869  189          - 3.7196e+07      -   139 4186s
 124063 117814 4.0514e+07 2956  188          - 3.7196e+07      -   139 4193s
 124595 118501 4.0598e+07 3041  189          - 3.7196e+07      -   139 4200s
 125282 119043 4.0688e+07 3124  186          - 3.7196e+07      -   138 4207s
 125828 119215 4.0783e+07 3207  172          - 3.7196e+07      -   138 4213s
 126066 119282 4.0905e+07 3275  190          - 3.7196e+07      -   138 4219s
 126133 119364 4.0945e+07 3307  200          - 3.7196e+07      -   138 4223s
 126215 119442 4.0997e+07 3346  189          - 3.7196e+07      -   138 4229s
 126293 119485 4.1054e+07 3384  196          - 3.7196e+07      -   138 4235s
 126336 119577 4.1083e+07 3400  191          - 3.7196e+07      -   138 4240s
 126428 119674 4.1146e+07 3435  187          - 3.7196e+07      -   138 4245s
 126525 119780 4.1207e+07 3476  194          - 3.7196e+07      -   138 4251s
 126631 119894 4.1261e+07 3514  176          - 3.7196e+07      -   138 4257s
 126745 119944 4.1341e+07 3553  197          - 3.7196e+07      -   138 4262s
 126795 120061 4.1371e+07 3573  183          - 3.7196e+07      -   138 4267s
 126912 120178 4.1441e+07 3613  185          - 3.7196e+07      -   138 4273s
 127029 120301 4.1509e+07 3653  188          - 3.7196e+07      -   138 4279s
 127152 120424 4.1593e+07 3697  186          - 3.7196e+07      -   138 4285s
 127275 120484 4.1671e+07 3739  187          - 3.7196e+07      -   138 4291s
 127335 120621 4.1705e+07 3761  206          - 3.7196e+07      -   139 4296s
 127472 120763 4.1810e+07 3804  178          - 3.7196e+07      -   139 4303s
 127614 120902 4.1971e+07 3851  187          - 3.7196e+07      -   139 4309s
 127753 121047 4.2133e+07 3895  181          - 3.7196e+07      -   139 4315s
 127898 121114 4.2321e+07 3941  165          - 3.7196e+07      -   139 4321s
 127965 121276 4.2459e+07 3967  169          - 3.7196e+07      -   139 4327s
 128127 121474 4.2730e+07 4015  175          - 3.7196e+07      -   139 4334s
 128325 121637 4.2830e+07 4095  169          - 3.7196e+07      -   139 4341s
 128488 121781 4.8034e+07 4129  121          - 3.7196e+07      -   139 4347s
 128632 121930 4.8014e+07 4130  148          - 3.7196e+07      -   139 4354s
 128781 122302 4.8143e+07 4139  145          - 3.7196e+07      -   139 4362s
 129153 122673 4.8482e+07 4149  114          - 3.7196e+07      -   139 4371s
 129524 123126 4.8911e+07 4196  130          - 3.7196e+07      -   138 4379s
 129977 123780 4.9115e+07 4292  153          - 3.7196e+07      -   138 4387s
 130631 124361 4.9693e+07 4584  150          - 3.7196e+07      -   138 4396s
 131212 125274 5.0268e+07 4855  100          - 3.7196e+07      -   138 4404s
 132125 125945 5.0894e+07 5444  129          - 3.7196e+07      -   137 4412s
 132796 126729 5.2539e+07 5765   91          - 3.7196e+07      -   136 4419s
 133580 127276 5.6270e+07 6150   87          - 3.7196e+07      -   136 4426s
 134127 128012 5.6757e+07 6392   95          - 3.7196e+07      -   136 4433s
 134866 128242 6.5387e+07 6733   63          - 3.7197e+07      -   135 4440s
 135201 128566 3.7514e+07   44  233          - 3.7197e+07      -   135 4447s
 135525 128956 3.7341e+07   66  233          - 3.7197e+07      -   135 4454s
 135915 129275 3.7452e+07   95  230          - 3.7197e+07      -   135 4461s
 136234 129564 3.7563e+07  134  211          - 3.7197e+07      -   135 4467s
 136523 129856 3.7729e+07  192  207          - 3.7197e+07      -   135 4474s
 136815 130211 3.7898e+07  239  208          - 3.7197e+07      -   134 4481s
 137170 130483 3.8042e+07  333  201          - 3.7197e+07      -   134 4488s
 137442 130675 3.8182e+07  423  198          - 3.7197e+07      -   134 4493s
 137634 130875 3.8272e+07  487  205          - 3.7197e+07      -   134 4500s
 137834 131535 3.8318e+07  527  202          - 3.7197e+07      -   134 4507s
 138494 132349 3.8453e+07  617  211          - 3.7197e+07      -   134 4514s
 139308 132982 3.8546e+07  713  204          - 3.7197e+07      -   133 4521s
 139941 133463 3.8637e+07  811  197          - 3.7197e+07      -   133 4528s
 140422 133791 3.8717e+07  885  208          - 3.7197e+07      -   133 4534s
 140750 134617 3.8812e+07  971  201          - 3.7197e+07      -   133 4541s
 141576 135102 3.8902e+07 1052  197          - 3.7197e+07      -   132 4547s
 142065 135801 3.8988e+07 1130  203          - 3.7197e+07      -   132 4554s
 142769 136457 3.9050e+07 1208  204          - 3.7197e+07      -   132 4560s
 143463 136591 3.9146e+07 1281  205          - 3.7197e+07      -   131 4566s
 143646 136733 3.9228e+07 1343  206          - 3.7197e+07      -   131 4572s
 143788 136883 3.9285e+07 1420  210          - 3.7197e+07      -   131 4578s
 143938 137060 3.9351e+07 1489  211          - 3.7197e+07      -   131 4583s
 144115 137405 3.9415e+07 1555  208          - 3.7197e+07      -   131 4590s
 144460 137575 3.9492e+07 1636  202          - 3.7197e+07      -   131 4596s
 144630 137718 3.9553e+07 1720  201          - 3.7197e+07      -   131 4602s
 144773 137893 3.9620e+07 1800  197          - 3.7197e+07      -   132 4608s
 144948 138109 3.9679e+07 1879  202          - 3.7197e+07      -   132 4614s
 145164 138414 3.9746e+07 1956  210          - 3.7197e+07      -   132 4620s
 145469 138790 3.9794e+07 2022  196          - 3.7197e+07      -   132 4627s
 145845 139337 3.9862e+07 2119  208          - 3.7197e+07      -   131 4634s
 146392 139770 3.9943e+07 2213  213          - 3.7197e+07      -   131 4641s
 146825 140244 4.0003e+07 2306  209          - 3.7197e+07      -   131 4647s
 147302 140702 4.0068e+07 2382  214          - 3.7197e+07      -   131 4654s
 147782 141125 4.0153e+07 2473  215          - 3.7197e+07      -   131 4661s
 148289 141320 4.0234e+07 2559  213          - 3.7197e+07      -   130 4667s
 148484 141488 4.0311e+07 2640  207          - 3.7197e+07      -   130 4675s
 148652 141687 4.0391e+07 2727  209          - 3.7197e+07      -   130 4681s
 148851 141891 4.0481e+07 2810  204          - 3.7197e+07      -   130 4688s
 149055 142119 4.0560e+07 2886  225          - 3.7197e+07      -   130 4694s
 149283 142390 4.0640e+07 2976  210          - 3.7197e+07      -   130 4701s
 149554 142631 4.0737e+07 3046  210          - 3.7197e+07      -   130 4708s
 149795 142912 4.0853e+07 3123  201          - 3.7197e+07      -   130 4715s
 150076 143225 4.0961e+07 3208  210          - 3.7197e+07      -   130 4722s
 150389 143529 4.1083e+07 3281  204          - 3.7197e+07      -   130 4729s
 150693 143847 4.1199e+07 3359  209          - 3.7197e+07      -   130 4736s
 151011 144184 4.1342e+07 3436  207          - 3.7197e+07      -   130 4744s
 151348 144486 4.1482e+07 3511  210          - 3.7197e+07      -   130 4751s
 151650 144815 4.1621e+07 3583  201          - 3.7197e+07      -   130 4758s
 151979 145148 4.1775e+07 3656  206          - 3.7197e+07      -   130 4766s
 152312 145505 4.1943e+07 3736  205          - 3.7197e+07      -   130 4773s
 152669 145851 4.2111e+07 3803  199          - 3.7197e+07      -   130 4781s
 153015 146198 4.2417e+07 3879  205          - 3.7197e+07      -   129 4788s
 153362 146592 4.2681e+07 3959  190          - 3.7197e+07      -   129 4796s
 153756 146869 4.2920e+07 4099  175          - 3.7197e+07      -   129 4803s
 154033 147181 4.7535e+07 4125  155          - 3.7197e+07      -   129 4811s
 154345 147453 4.7485e+07 4131  147          - 3.7197e+07      -   129 4819s
 154617 147744 4.7542e+07 4142  160          - 3.7197e+07      -   129 4827s
 154908 148051 4.8007e+07 4164  139          - 3.7197e+07      -   129 4835s
 155215 148332 4.7931e+07 4190  156          - 3.7197e+07      -   129 4842s
 155496 148627 4.8209e+07 4218  131          - 3.7197e+07      -   129 4850s
 155791 149033 4.8460e+07 4272  140          - 3.7197e+07      -   129 4858s
 156197 149461 4.8911e+07 4448  139          - 3.7197e+07      -   129 4866s
 156625 149856 4.9357e+07 4679  141          - 3.7197e+07      -   129 4874s
 157020 150221 5.0286e+07 4890  131          - 3.7197e+07      -   129 4882s
 157385 150555 5.2243e+07 5009  122          - 3.7197e+07      -   129 4890s
 157719 151060 5.3153e+07 5083  120          - 3.7197e+07      -   129 4898s
 158224 151727 5.5461e+07 5324   86          - 3.7197e+07      -   129 4906s
 158892 152676 5.8451e+07 5779   82          - 3.7197e+07      -   128 4914s
 159841 153290 6.2042e+07 6468   62          - 3.7197e+07      -   128 4922s
 160455 153736 7.3046e+07 6815   47          - 3.7197e+07      -   128 4929s
 160904 154647 8.1223e+07 7018   46          - 3.7197e+07      -   128 4937s
 161874 155023 infeasible 7533               - 3.7198e+07      -   127 4944s
 162311 155214 3.7243e+07   44  264          - 3.7198e+07      -   127 4950s
 162502 155422 3.7321e+07   73  238          - 3.7198e+07      -   127 4956s
 162710 155637 3.7393e+07   84  234          - 3.7198e+07      -   127 4963s
 162925 155814 3.7542e+07  104  241          - 3.7198e+07      -   127 4969s
 163103 156153 3.7940e+07  117  210          - 3.7198e+07      -   127 4977s
 163442 156714 3.7815e+07  126  204          - 3.7198e+07      -   127 4984s
 164003 157063 3.7890e+07  135  211          - 3.7198e+07      -   127 4990s
 164354 157315 3.8021e+07  151  208          - 3.7198e+07      -   127 4997s
 164631 157743 3.8117e+07  168  208          - 3.7198e+07      -   127 5004s
 165069 158273 3.8261e+07  194  205          - 3.7198e+07      -   127 5011s
 165625 158308 3.8405e+07  218  196          - 3.7198e+07      -   127 5016s
 165684 158370 3.8757e+07  218  191          - 3.7198e+07      -   127 5022s
 165746 158435 3.8539e+07  238  210          - 3.7198e+07      -   127 5028s
 165811 158507 3.8600e+07  260  214          - 3.7198e+07      -   127 5034s
 165883 158583 3.8704e+07  279  210          - 3.7198e+07      -   127 5040s
 165959 158676 3.8757e+07  298  223          - 3.7198e+07      -   127 5046s
 166052 158731 3.8834e+07  325  208          - 3.7198e+07      -   127 5051s
 166107 158831 3.8852e+07  338  200          - 3.7198e+07      -   127 5057s
 166207 158934 3.8922e+07  378  201          - 3.7198e+07      -   127 5063s
 166310 159049 3.9028e+07  400  196          - 3.7198e+07      -   127 5069s
 166427 159183 3.9078e+07  429  200          - 3.7198e+07      -   127 5075s
 166565 159249 3.9190e+07  464  190          - 3.7198e+07      -   127 5081s
 166633 159387 3.9226e+07  475  184          - 3.7198e+07      -   127 5087s
 166771 159548 3.9321e+07  523  183          - 3.7198e+07      -   127 5094s
 166932 159761 3.9535e+07  558  191          - 3.7198e+07      -   127 5102s
 167145 159971 3.9836e+07  625  184          - 3.7198e+07      -   127 5110s
 167355 160278 4.0350e+07  708  171          - 3.7198e+07      -   127 5118s
 167662 160616 4.0506e+07  858  182          - 3.7198e+07      -   127 5127s
 168002 160981 4.0654e+07 1034  178          - 3.7198e+07      -   127 5135s
 168367 161302 4.0747e+07 1199  171          - 3.7198e+07      -   127 5143s
 168694 161625 4.0838e+07 1368  174          - 3.7198e+07      -   127 5151s
 169018 161822 4.0970e+07 1513  166          - 3.7198e+07      -   127 5157s
 169216 162334 4.1009e+07 1582  174          - 3.7198e+07      -   127 5166s
 169744 162872 4.1104e+07 1746  174          - 3.7198e+07      -   127 5175s
 170350 163338 4.1196e+07 1904  164          - 3.7198e+07      -   126 5184s
 170816 163770 4.1270e+07 2043  174          - 3.7198e+07      -   126 5193s
 171248 164256 4.1338e+07 2167  177          - 3.7198e+07      -   126 5201s
 171734 164668 4.1419e+07 2324  167          - 3.7198e+07      -   126 5209s
 172146 165136 4.2299e+07 2442  161          - 3.7198e+07      -   126 5218s
 172614 165514 4.2741e+07 2545  140          - 3.7198e+07      -   125 5226s
 172992 166024 4.3164e+07 2601  134          - 3.7198e+07      -   125 5235s
 173502 166611 4.7564e+07 2778  118          - 3.7198e+07      -   125 5243s
 174089 167319 4.7701e+07 2992  131          - 3.7198e+07      -   125 5252s
 174797 167745 5.0994e+07 3364  111          - 3.7198e+07      -   124 5259s
 175223 168050 5.3159e+07 3529   76          - 3.7198e+07      -   124 5267s
 175528 168454 5.6701e+07 3615   70          - 3.7198e+07      -   124 5275s
 175932 168879 5.7435e+07 3741   53          - 3.7198e+07      -   124 5282s
 176357 169088 6.2134e+07 3933   62          - 3.7198e+07      -   124 5289s
 176566 169200 7.0335e+07 4000   65          - 3.7198e+07      -   124 5293s
 176678 170091 7.0434e+07 4055   68          - 3.7198e+07      -   124 5302s
 177569 171255 7.8377e+07 4486   48          - 3.7198e+07      -   124 5311s
 178736 172287 8.2139e+07 5227   34          - 3.7198e+07      -   123 5319s
 179772 173400 9.3696e+07 5710   19          - 3.7198e+07      -   123 5327s
 180912 174196 1.0103e+08 6236   14          - 3.7199e+07      -   122 5334s
 181813 174637 3.7409e+07   38  246          - 3.7199e+07      -   122 5339s
 182254 175059 3.7468e+07   48  231          - 3.7199e+07      -   121 5345s
 182676 175442 3.7569e+07   61  216          - 3.7199e+07      -   121 5351s
 183059 175759 3.7673e+07   80  208          - 3.7199e+07      -   121 5356s
 183376 176069 3.7803e+07  105  217          - 3.7199e+07      -   121 5361s
 183686 176448 3.7917e+07  148  199          - 3.7199e+07      -   121 5367s
 184065 176946 3.8075e+07  229  204          - 3.7199e+07      -   121 5372s
 184563 177343 3.8175e+07  295  192          - 3.7199e+07      -   121 5378s
 184960 177856 3.8245e+07  363  193          - 3.7199e+07      -   120 5383s
 185473 178395 3.8322e+07  450  191          - 3.7199e+07      -   120 5388s
 186012 178803 3.8391e+07  547  192          - 3.7199e+07      -   120 5394s
 186424 179363 3.8466e+07  644  194          - 3.7199e+07      -   120 5399s
 186984 179907 3.8540e+07  748  182          - 3.7199e+07      -   120 5404s
 187528 180432 3.8599e+07  833  191          - 3.7199e+07      -   120 5409s
 188053 180731 3.8654e+07  921  189          - 3.7199e+07      -   119 5416s
 188619 181078 3.8726e+07 1037  200          - 3.7199e+07      -   119 5423s
 188731 181305 3.8751e+07 1072  194          - 3.7199e+07      -   119 5427s
 188958 181503 3.8799e+07 1151  187          - 3.7199e+07      -   119 5430s
 189286 181931 3.8856e+07 1253  175          - 3.7199e+07      -   119 5439s
 189586 182198 3.8980e+07 1327  188          - 3.7199e+07      -   119 5443s
 189857 182463 3.9131e+07 1384  196          - 3.7199e+07      -   119 5448s
 190124 182823 3.9189e+07 1450  172          - 3.7199e+07      -   119 5453s
 190484 183289 3.9249e+07 1535  180          - 3.7199e+07      -   119 5457s
 190950 183713 3.9307e+07 1621  184          - 3.7199e+07      -   119 5462s
 191374 183988 3.9361e+07 1711  175          - 3.7199e+07      -   119 5467s
 191649 184429 3.9402e+07 1781  177          - 3.7199e+07      -   119 5471s
 192095 184788 3.9465e+07 1864  177          - 3.7199e+07      -   119 5476s
 192457 185111 3.9512e+07 1944  169          - 3.7199e+07      -   118 5481s
 192789 185628 3.9567e+07 2032  170          - 3.7199e+07      -   118 5486s
 193328 186091 3.9613e+07 2113  193          - 3.7199e+07      -   118 5490s
 194050 186464 3.9686e+07 2236  179          - 3.7199e+07      -   118 5498s
 194187 186594 3.9996e+07 2266  190          - 3.7199e+07      -   118 5501s
 194317 186728 4.0098e+07 2287  147          - 3.7199e+07      -   118 5505s
 194451 186954 4.0229e+07 2329  137          - 3.7199e+07      -   118 5510s
 194677 187308 4.0529e+07 2457  130          - 3.7199e+07      -   118 5515s
 195031 187685 4.1125e+07 2558  157          - 3.7199e+07      -   118 5520s
 195408 188125 4.1351e+07 2661  155          - 3.7199e+07      -   118 5525s
 195849 188492 4.1420e+07 2801  160          - 3.7199e+07      -   118 5530s
 196216 188918 4.1493e+07 2930  164          - 3.7199e+07      -   118 5535s
 196642 189187 4.1564e+07 3054  151          - 3.7199e+07      -   117 5541s
 196911 189592 4.1618e+07 3133  168          - 3.7199e+07      -   117 5545s
 197813 190691 4.1799e+07 3381  156          - 3.7199e+07      -   117 5552s
 198428 191149 4.1912e+07 3495  137          - 3.7199e+07      -   117 5555s
 199188 192066 4.2068e+07 3646  145          - 3.7199e+07      -   117 5561s
 200209 192644 4.2287e+07 3796  154          - 3.7199e+07      -   116 5568s
 200582 192745 4.2385e+07 3844  151          - 3.7199e+07      -   116 5572s
 200683 192875 4.2505e+07 3891  153          - 3.7199e+07      -   116 5577s
 200813 193019 4.2619e+07 3939  140          - 3.7199e+07      -   116 5581s
 200957 193178 4.2770e+07 3989  143          - 3.7199e+07      -   116 5585s
 201116 193356 4.2994e+07 4039  140          - 3.7199e+07      -   116 5590s
 201446 193645 4.5841e+07 4087  131          - 3.7199e+07      -   116 5599s
 201583 194112 4.5971e+07 4090  134          - 3.7199e+07      -   116 5605s
 202050 194598 4.6097e+07 4101  117          - 3.7199e+07      -   116 5611s
 202536 195100 4.6542e+07 4240  124          - 3.7199e+07      -   116 5617s
 203038 195813 4.8368e+07 4330  101          - 3.7199e+07      -   116 5623s
 203751 196015 4.8876e+07 4521  109          - 3.7199e+07      -   115 5629s
 203955 196369 5.0849e+07 4535   60          - 3.7199e+07      -   115 5632s
 204317 196805 5.1854e+07 4614   85          - 3.7199e+07      -   115 5636s
 205202 197775 5.4941e+07 4700   62          - 3.7199e+07      -   115 5643s
 205737 198328 5.7052e+07 4891   82          - 3.7199e+07      -   115 5646s
 206303 198718 5.7453e+07 5125   79          - 3.7203e+07      -   115 5650s
 206734 198965 3.7222e+07   39  264          - 3.7203e+07      -   115 5655s
 206982 199074 3.7277e+07   48  255          - 3.7203e+07      -   115 5660s
 207094 199195 3.7351e+07   58  243          - 3.7203e+07      -   115 5665s
 207425 199699 3.7510e+07   76  232          - 3.7203e+07      -   115 5674s
 207720 200052 3.7643e+07   90  220          - 3.7203e+07      -   115 5678s
 208073 200510 3.7734e+07  114  212          - 3.7203e+07      -   115 5801s
 208533 201276 3.8077e+07  131  192          - 3.7203e+07      -   114 5806s
 209306 202130 3.8040e+07  161  209          - 3.7203e+07      -   114 5813s
 210328 202545 3.8214e+07  225  204          - 3.7203e+07      -   114 5818s
 210960 202927 3.8369e+07  293  204          - 3.7203e+07      -   114 5824s
 211342 203281 3.8518e+07  364  193          - 3.7203e+07      -   114 5829s
 211696 203760 3.8637e+07  440  203          - 3.7203e+07      -   113 5835s
 212175 204195 3.8774e+07  522  201          - 3.7203e+07      -   113 5841s
 212610 204735 3.8879e+07  606  215          - 3.7203e+07      -   113 5847s
 213150 205662 3.8974e+07  696  209          - 3.7203e+07      -   113 5853s
 214077 206688 3.9060e+07  785  208          - 3.7203e+07      -   113 5859s
 215103 207661 3.9141e+07  882  210          - 3.7203e+07      -   112 5865s
 216076 208590 3.9212e+07  971  219          - 3.7203e+07      -   112 5870s
 217691 209419 3.9338e+07 1119  221          - 3.7203e+07      -   111 5879s
 217934 209669 3.9387e+07 1174  208          - 3.7203e+07      -   111 5884s
 218184 209897 3.9439e+07 1234  204          - 3.7203e+07      -   111 5888s
 218412 210161 3.9486e+07 1304  209          - 3.7203e+07      -   111 5893s
 218676 210448 3.9533e+07 1364  203          - 3.7203e+07      -   111 5898s
 218963 210711 3.9587e+07 1440  205          - 3.7203e+07      -   111 5903s
 219226 210994 3.9643e+07 1507  208          - 3.7203e+07      -   111 5908s
 219509 211247 3.9694e+07 1573  210          - 3.7203e+07      -   111 5913s
 219762 211493 3.9740e+07 1629  212          - 3.7203e+07      -   111 5918s
 220008 211772 3.9783e+07 1696  208          - 3.7203e+07      -   111 5923s
 220287 212038 3.9829e+07 1764  211          - 3.7203e+07      -   111 5928s
 220553 212321 3.9877e+07 1831  209          - 3.7203e+07      -   111 5933s
 220836 212609 3.9925e+07 1897  209          - 3.7203e+07      -   111 5938s
 221124 212866 3.9974e+07 1976  212          - 3.7203e+07      -   110 5943s
 221381 213142 4.0026e+07 2047  211          - 3.7203e+07      -   110 5948s
 221657 213501 4.0069e+07 2122  208          - 3.7203e+07      -   110 5953s
 222016 213886 4.0117e+07 2191  205          - 3.7203e+07      -   110 5959s
 222401 214216 4.0161e+07 2256  204          - 3.7203e+07      -   110 5964s
 222731 214537 4.0210e+07 2333  205          - 3.7203e+07      -   110 5970s
 223053 215089 4.1108e+07 2386  195          - 3.7203e+07      -   110 5976s
 223605 215513 4.1365e+07 2405  196          - 3.7203e+07      -   110 5981s
 224029 215772 4.1739e+07 2423  193          - 3.7203e+07      -   110 5986s
 224292 216110 4.2325e+07 2444  185          - 3.7203e+07      -   110 5991s
 224638 216312 4.3070e+07 2466  190          - 3.7203e+07      -   110 5997s
 224905 216445 4.4828e+07 2496  170          - 3.7203e+07      -   110 6004s
 225038 216549 4.4907e+07 2516  163          - 3.7203e+07      -   110 6008s
 225142 216679 4.5084e+07 2563  160          - 3.7203e+07      -   110 6013s
 225272 216804 4.7025e+07 2597  171          - 3.7203e+07      -   110 6017s
 225397 216932 4.7114e+07 2603  156          - 3.7203e+07      -   110 6022s
 225525 217131 4.7191e+07 2613  164          - 3.7203e+07      -   110 6027s
 225724 217580 4.7405e+07 2652  156          - 3.7203e+07      -   110 6033s
 226173 217899 4.8227e+07 2885  140          - 3.7203e+07      -   110 6039s
 226492 218222 4.9263e+07 2933  129          - 3.7203e+07      -   110 6045s
 226815 218536 4.9797e+07 2939  129          - 3.7203e+07      -   110 6051s
 227129 219054 5.0073e+07 2938  120          - 3.7203e+07      -   110 6057s
 227647 219971 5.0760e+07 2944  116          - 3.7203e+07      -   110 6064s
 228564 220715 5.2619e+07 2967  108          - 3.7203e+07      -   109 6070s
 229308 221127 5.2868e+07 3034   99          - 3.7203e+07      -   109 6076s
 229720 221788 5.5480e+07 3169   99          - 3.7203e+07      -   109 6082s
 230381 222348 5.6281e+07 3384   95          - 3.7203e+07      -   109 6087s
 230941 222868 5.7614e+07 3407   95          - 3.7203e+07      -   109 6093s
 231461 223474 5.8593e+07 3458   96          - 3.7203e+07      -   109 6098s
 232067 224161 5.9806e+07 3484  101          - 3.7203e+07      -   109 6104s
 232754 224848 6.4435e+07 3631   90          - 3.7203e+07      -   108 6109s
 233441 225395 6.8016e+07 3914   49          - 3.7203e+07      -   108 6114s
 233988 226409 6.8588e+07 3989   31          - 3.7203e+07      -   108 6120s
 235007 227228 6.9339e+07 4265   27          - 3.7203e+07      -   108 6125s
 235829 227910 7.2864e+07 4466   27          - 3.7203e+07      -   107 6130s
 236528 228724 7.4009e+07 4592   40          - 3.7203e+07      -   107 6136s
 237372 229950 7.9662e+07 4781   52          - 3.7203e+07      -   107 6141s
 238634 230511 8.4570e+07 5195   39          - 3.7203e+07      -   107 6145s
 239231 231144 8.7152e+07 5484   44          - 3.7203e+07      -   106 6150s
 240440 232359 infeasible 5936               - 3.7204e+07      -   106 6158s
 241286 232812 3.7207e+07   35  271          - 3.7204e+07      -   106 6162s
 241751 233149 3.7236e+07   44  258          - 3.7204e+07      -   106 6166s
 242111 233564 3.7286e+07   50  230          - 3.7204e+07      -   106 6170s
 242967 234396 3.7396e+07   72  215          - 3.7204e+07      -   105 6178s
 243442 234705 3.7423e+07   76  220          - 3.7204e+07      -   105 6182s
 243853 234949 3.7484e+07   87  224          - 3.7204e+07      -   105 6186s
 244365 235154 3.7602e+07  116  217          - 3.7204e+07      -   105 6192s
 244449 235234 3.7675e+07  134  221          - 3.7204e+07      -   105 6195s
 244614 235480 3.7767e+07  157  212          - 3.7204e+07      -   105 6202s
 244775 235626 3.7824e+07  178  217          - 3.7204e+07      -   105 6205s
 245158 236093 3.7915e+07  217  221          - 3.7204e+07      -   105 6212s
 245388 236413 3.7985e+07  245  216          - 3.7204e+07      -   105 6216s
 246008 237014 3.8148e+07  307  212          - 3.7204e+07      -   105 6223s
 246309 237290 3.8228e+07  342  210          - 3.7204e+07      -   105 6227s
 246585 237535 3.8305e+07  372  206          - 3.7204e+07      -   105 6230s
 247134 238008 3.8428e+07  432  212          - 3.7204e+07      -   105 6238s
 247303 238304 3.8500e+07  462  212          - 3.7204e+07      -   105 6242s
 247599 238508 3.8551e+07  495  202          - 3.7204e+07      -   104 6245s
 247803 239147 3.8636e+07  521  208          - 3.7204e+07      -   104 6250s
 248853 239796 3.8753e+07  575  218          - 3.7204e+07      -   104 6257s
 249091 239990 3.8817e+07  604  204          - 3.7204e+07      -   104 6261s
 249297 240199 3.8889e+07  631  212          - 3.7204e+07      -   104 6265s
 249854 240818 3.9023e+07  678  215          - 3.7204e+07      -   104 6272s
 250176 241183 3.9087e+07  698  219          - 3.7204e+07      -   104 6276s
 250738 241399 3.9192e+07  737  210          - 3.7204e+07      -   104 6282s
 250831 241465 3.9249e+07  748  224          - 3.7204e+07      -   104 6286s
 250897 241545 3.9298e+07  759  219          - 3.7204e+07      -   104 6290s
 251058 241780 3.9397e+07  786  222          - 3.7204e+07      -   104 6297s
 251212 241948 3.9494e+07  808  219          - 3.7204e+07      -   104 6301s
 251380 242162 3.9600e+07  826  231          - 3.7204e+07      -   104 6306s
 251594 242362 3.9709e+07  843  233          - 3.7204e+07      -   104 6310s
 252008 242785 3.9896e+07  875  201          - 3.7204e+07      -   104 6319s
 252217 243026 3.9985e+07  902  180          - 3.7204e+07      -   104 6324s
 252458 243256 4.0163e+07  937  196          - 3.7204e+07      -   104 6328s
 252688 243566 4.0289e+07  972  206          - 3.7204e+07      -   104 6333s
 252998 243862 4.0421e+07 1019  187          - 3.7204e+07      -   104 6338s
 253294 244152 4.0564e+07 1060  202          - 3.7204e+07      -   104 6342s
 253584 244482 4.0626e+07 1119  197          - 3.7204e+07      -   104 6347s
 253914 244825 4.0702e+07 1194  188          - 3.7204e+07      -   104 6352s
 254257 245167 4.0775e+07 1295  182          - 3.7204e+07      -   103 6357s
 254599 245490 4.0883e+07 1365  186          - 3.7204e+07      -   103 6363s
 254922 245750 4.2090e+07 1397  164          - 3.7204e+07      -   103 6368s
 255182 246020 4.2525e+07 1404  152          - 3.7204e+07      -   103 6373s
 255452 246400 4.2479e+07 1409  179          - 3.7204e+07      -   103 6378s
 255832 246756 4.2665e+07 1476  179          - 3.7204e+07      -   103 6383s
 256188 247052 4.2794e+07 1525  167          - 3.7204e+07      -   103 6388s
 256484 247438 4.3036e+07 1567  142          - 3.7204e+07      -   103 6394s
 256870 247927 4.3228e+07 1595  127          - 3.7204e+07      -   103 6399s
 257359 248405 4.3476e+07 1694  149          - 3.7204e+07      -   103 6404s
 257837 248782 4.3683e+07 1816  148          - 3.7204e+07      -   103 6409s
 258214 249226 4.4031e+07 1877  147          - 3.7204e+07      -   103 6415s
 258658 249650 4.4297e+07 1982  151          - 3.7204e+07      -   103 6420s
 259082 250077 4.4484e+07 2122  149          - 3.7204e+07      -   103 6425s
 259509 250719 4.4643e+07 2282  144          - 3.7204e+07      -   103 6431s
 260151 251430 4.4778e+07 2419  141          - 3.7204e+07      -   103 6436s
 260862 252202 4.4915e+07 2556  140          - 3.7204e+07      -   102 6442s
 261634 252872 4.5062e+07 2705  137          - 3.7204e+07      -   102 6447s
 262304 253585 4.5181e+07 2832  130          - 3.7204e+07      -   102 6452s
 263017 254348 4.5302e+07 2974  138          - 3.7204e+07      -   102 6456s
 263780 255046 4.5403e+07 3094  128          - 3.7204e+07      -   102 6461s
 264478 255604 4.5704e+07 3166  115          - 3.7204e+07      -   101 6465s
 265603 256716 4.8123e+07 3270   83          - 3.7204e+07      -   101 6474s
 266190 257478 4.8468e+07 3318   86          - 3.7204e+07      -   101 6479s
 266963 258105 4.8626e+07 3360  122          - 3.7204e+07      -   101 6485s
 267875 258559 4.8833e+07 3497  123          - 3.7204e+07      -   101 6492s
 268131 258840 4.8913e+07 3590  122          - 3.7204e+07      -   101 6496s
 268806 259351 4.9091e+07 3802  121          - 3.7204e+07      -   101 6503s
 268966 259574 4.9153e+07 3863  109          - 3.7204e+07      -   101 6507s
 269203 259727 4.9211e+07 3950  111          - 3.7204e+07      -   101 6510s
 269563 260176 5.0824e+07 4054   81          - 3.7204e+07      -   101 6518s
 269830 260598 5.0906e+07 4070   66          - 3.7204e+07      -   101 6523s
 270252 260888 5.1168e+07 4334   91          - 3.7204e+07      -   101 6527s
 270542 261265 5.3275e+07 4457   74          - 3.7204e+07      -   101 6531s
 270919 261780 5.4252e+07 4519   51          - 3.7204e+07      -   101 6535s
 271434 262360 5.6941e+07 4628   38          - 3.7204e+07      -   101 6540s
 272460 263114 6.9843e+07 4777   41          - 3.7204e+07      -   100 6548s
 272806 263287 6.9949e+07 4782   38          - 3.7204e+07      -   100 6551s
 273227 263842 6.7821e+07 4904   37          - 3.7204e+07      -   100 6557s
 273534 264168 6.8011e+07 5083   53          - 3.7204e+07      -   100 6560s
 274117 264733 7.5801e+07 5295   23          - 3.7204e+07      -   100 6567s
 274425 265093 8.4770e+07 5352   31          - 3.7204e+07      -   100 6570s
 275179 266497 8.0649e+07 5813   37          - 3.7204e+07      -   100 6579s
 276211 267540 8.9403e+07 6418   15          - 3.7205e+07      -   100 6585s
 277703 267932 3.7272e+07   46  263          - 3.7205e+07      -  99.4 6593s
 277871 268100 3.7360e+07   51  216          - 3.7205e+07      -  99.3 6597s
 278039 268308 3.7385e+07   58  226          - 3.7205e+07      -  99.3 6600s
 278420 268657 3.7632e+07   82  217          - 3.7205e+07      -  99.3 6608s
 278596 268856 3.7736e+07   99  226          - 3.7205e+07      -  99.3 6612s
 278795 269052 3.7824e+07  118  211          - 3.7205e+07      -  99.3 6615s
 278991 269621 3.7935e+07  132  213          - 3.7205e+07      -  99.3 6620s
 279851 270364 3.8143e+07  173  213          - 3.7205e+07      -  99.1 6628s
 280303 270788 3.8228e+07  190  214          - 3.7205e+07      -  99.0 6632s
 280727 271151 3.8295e+07  210  226          - 3.7205e+07      -  98.9 6636s
 281090 271531 3.8346e+07  230  222          - 3.7205e+07      -  98.8 6641s
 281472 271925 3.8390e+07  250  222          - 3.7205e+07      -  98.7 6645s
 281866 272429 3.8426e+07  267  223          - 3.7205e+07      -  98.7 6650s
 282553 273186 3.8511e+07  304  226          - 3.7205e+07      -  98.6 6658s
 283129 273905 3.8544e+07  320  221          - 3.7205e+07      -  98.4 6663s
 283850 274569 3.8588e+07  334  222          - 3.7205e+07      -  98.3 6668s
 284534 275288 3.8630e+07  349  221          - 3.7205e+07      -  98.1 6673s
 285507 275423 3.8678e+07  366  219          - 3.7205e+07      -  97.9 6676s
 285715 275564 3.8721e+07  378  206          - 3.7205e+07      -  97.8 6680s
 286000 275849 3.8830e+07  410  222          - 3.7205e+07      -  97.8 6687s
 286141 276003 3.8896e+07  426  220          - 3.7205e+07      -  97.8 6691s
 286295 276149 3.8945e+07  442  213          - 3.7205e+07      -  97.8 6695s
 286591 276444 3.9148e+07  468  209          - 3.7205e+07      -  97.8 6702s
 286736 276626 3.9242e+07  477  218          - 3.7205e+07      -  97.8 6706s
 286918 276779 3.9481e+07  491  218          - 3.7205e+07      -  97.8 6710s
 287236 277134 4.0963e+07  499  205          - 3.7205e+07      -  97.8 6718s
 287426 277350 4.0935e+07  504  206          - 3.7205e+07      -  97.8 6723s
 287642 277553 4.0970e+07  509  209          - 3.7205e+07      -  97.7 6727s
 287845 277730 4.1079e+07  518  193          - 3.7205e+07      -  97.7 6731s
 288022 277933 4.1251e+07  528  189          - 3.7205e+07      -  97.7 6735s
 288225 278216 4.1256e+07  533  191          - 3.7205e+07      -  97.7 6740s
 288862 278872 4.1532e+07  572  186          - 3.7205e+07      -  97.6 6749s
 289164 279219 4.1624e+07  588  181          - 3.7205e+07      -  97.6 6754s
 289511 279529 4.1783e+07  637  175          - 3.7205e+07      -  97.5 6758s
 289821 279940 4.1944e+07  693  175          - 3.7205e+07      -  97.5 6763s
 290232 280268 4.2111e+07  771  165          - 3.7205e+07      -  97.4 6767s
 290560 280686 4.2225e+07  851  166          - 3.7205e+07      -  97.4 6772s
 290978 280968 4.2372e+07  921  165          - 3.7205e+07      -  97.3 6776s
 291260 281853 4.2534e+07  989  175          - 3.7205e+07      -  97.3 6782s
 292145 282439 4.2701e+07 1053  165          - 3.7205e+07      -  97.1 6786s
 292731 282837 4.2865e+07 1106  160          - 3.7205e+07      -  97.0 6791s
 293129 283269 4.3211e+07 1146  162          - 3.7205e+07      -  97.0 6795s
 293561 283679 4.4068e+07 1175  161          - 3.7205e+07      -  96.9 6800s
 294305 284352 4.6308e+07 1248  160          - 3.7205e+07      -  96.9 6809s
 294644 285049 4.6428e+07 1322  143          - 3.7205e+07      -  96.9 6814s
 295341 285987 4.6601e+07 1388  166          - 3.7205e+07      -  96.8 6819s
 296283 286857 4.6760e+07 1460  155          - 3.7205e+07      -  96.6 6824s
 297161 287250 4.6872e+07 1546  151          - 3.7205e+07      -  96.4 6828s
 297554 287375 4.6966e+07 1620  154          - 3.7205e+07      -  96.3 6832s
 297837 287654 4.7060e+07 1682  161          - 3.7205e+07      -  96.3 6836s
 298067 287871 4.7153e+07 1743  163          - 3.7205e+07      -  96.4 6842s
 298211 288021 4.7195e+07 1779  153          - 3.7205e+07      -  96.3 6845s
 298497 288320 4.7286e+07 1851  149          - 3.7205e+07      -  96.3 6850s
 298867 288656 4.7394e+07 1925  159          - 3.7205e+07      -  96.3 6856s
 299126 288983 4.7501e+07 2001  158          - 3.7205e+07      -  96.3 6862s
 299323 289206 4.7558e+07 2037  159          - 3.7205e+07      -  96.3 6865s
 299786 289726 4.7636e+07 2114  164          - 3.7205e+07      -  96.2 6870s
 300356 290323 4.7728e+07 2190  160          - 3.7205e+07      -  96.1 6876s
 300985 290878 4.7844e+07 2270  161          - 3.7205e+07      -  95.9 6881s
 301509 291396 4.7948e+07 2349  159          - 3.7205e+07      -  95.9 6887s
 301736 291641 4.7994e+07 2389  161          - 3.7205e+07      -  95.8 6890s
 302215 292214 4.8071e+07 2475  168          - 3.7205e+07      -  95.8 6897s
 302570 292388 4.8131e+07 2517  167          - 3.7205e+07      -  95.7 6900s
 302903 292645 4.8231e+07 2602  169          - 3.7205e+07      -  95.7 6908s
 303031 292773 4.8305e+07 2647  160          - 3.7205e+07      -  95.7 6912s
 303159 292911 4.8577e+07 2680  149          - 3.7205e+07      -  95.7 6916s
 303297 293046 4.9568e+07 2708  120          - 3.7205e+07      -  95.7 6920s
 303579 293358 5.0004e+07 2738  133          - 3.7205e+07      -  95.7 6928s
 303744 293700 5.0269e+07 2765  116          - 3.7205e+07      -  95.6 6933s
 304086 294116 5.1438e+07 2926  120          - 3.7205e+07      -  95.6 6938s
 304502 294537 5.3038e+07 2968   89          - 3.7205e+07      -  95.5 6944s
 304925 295057 5.4058e+07 3141  106          - 3.7205e+07      -  95.5 6949s
 305445 295649 5.4227e+07 3427  112          - 3.7205e+07      -  95.4 6955s
 306037 296300 5.4402e+07 3724  110          - 3.7205e+07      -  95.3 6961s
 306688 296873 5.4602e+07 3984  104          - 3.7205e+07      -  95.2 6966s
 307261 297419 5.4831e+07 4202  109          - 3.7205e+07      -  95.1 6971s
 307807 297856 5.5075e+07 4360   98          - 3.7205e+07      -  95.0 6979s
 308244 298293 5.5281e+07 4448   93          - 3.7205e+07      -  94.9 6985s
 309026 299209 5.9270e+07 4687   64          - 3.7205e+07      -  94.8 6995s
 309597 299857 6.1040e+07 4992   70          - 3.7205e+07      -  94.8 7000s
 310245 300694 6.3124e+07 5335   51          - 3.7205e+07      -  94.7 7005s
 311509 301406 7.1062e+07 5838   36          - 3.7205e+07      -  94.5 7017s
 311795 301530 infeasible 5969               - 3.7206e+07      -  94.4 7020s
 312071 301969 3.7462e+07   48  207          - 3.7206e+07      -  94.4 7027s
 312380 302316 3.7486e+07   60  199          - 3.7206e+07      -  94.4 7031s
 312727 302700 3.7643e+07   93  200          - 3.7206e+07      -  94.3 7036s
 313111 303123 3.7803e+07  137  167          - 3.7206e+07      -  94.3 7040s
 313743 303552 3.8072e+07  214  190          - 3.7206e+07      -  94.2 7048s
 313963 303792 3.8217e+07  268  163          - 3.7206e+07      -  94.2 7054s
 314203 304326 3.8279e+07  299  171          - 3.7206e+07      -  94.2 7058s
 314757 304913 3.8421e+07  364  186          - 3.7206e+07      -  94.1 7063s
 315344 305450 3.8561e+07  431  181          - 3.7206e+07      -  94.0 7067s
 315881 305872 3.8693e+07  488  173          - 3.7206e+07      -  93.9 7071s
 316303 306249 3.8827e+07  537  185          - 3.7206e+07      -  93.8 7076s
 316680 306589 3.8945e+07  586  187          - 3.7206e+07      -  93.8 7080s
 317020 307053 3.9086e+07  631  179          - 3.7206e+07      -  93.7 7085s
 317484 307190 3.9226e+07  677  179          - 3.7206e+07      -  93.7 7090s
 317621 307367 3.9332e+07  713  185          - 3.7206e+07      -  93.7 7095s
 318008 307857 3.9639e+07  785  193          - 3.7206e+07      -  93.8 7104s
 318288 308060 3.9861e+07  819  169          - 3.7206e+07      -  93.8 7110s
 319159 309041 4.0281e+07  871  172          - 3.7206e+07      -  93.6 7116s
 319655 309737 4.0743e+07  915  164          - 3.7206e+07      -  93.6 7122s
 320168 310278 4.0883e+07  935  162          - 3.7206e+07      -  93.5 7127s
 320711 310480 4.1148e+07 1020  155          - 3.7206e+07      -  93.5 7132s
 320947 310691 4.1417e+07 1114  172          - 3.7206e+07      -  93.5 7137s
 321158 310863 4.1564e+07 1228  163          - 3.7206e+07      -  93.5 7142s
 321330 311005 4.1795e+07 1305  167          - 3.7206e+07      -  93.5 7147s
 321472 311235 4.1968e+07 1348  152          - 3.7206e+07      -  93.6 7151s
 321702 311416 4.2247e+07 1430  158          - 3.7206e+07      -  93.6 7157s
 321883 311623 4.2459e+07 1515  158          - 3.7206e+07      -  93.6 7162s
 322090 311783 4.2636e+07 1625  160          - 3.7206e+07      -  93.6 7167s
 322250 312184 4.2801e+07 1715  157          - 3.7206e+07      -  93.6 7173s
 322651 312520 4.2933e+07 1814  158          - 3.7206e+07      -  93.6 7178s
 322987 312720 4.3035e+07 1924  171          - 3.7206e+07      -  93.6 7183s
 323187 313076 4.3192e+07 1963  168          - 3.7206e+07      -  93.6 7189s
 323543 313600 4.3431e+07 2047  172          - 3.7206e+07      -  93.5 7195s
 324067 313991 4.3666e+07 2144  158          - 3.7206e+07      -  93.5 7200s

Cutting planes:
  Gomory: 28
  Cover: 9
  Implied bound: 21
  MIR: 122
  Flow cover: 185
  GUB cover: 2
  Zero half: 1
  Network: 14
  Relax-and-lift: 3
  Lazy constraints: 36

Explored 324458 nodes (30333879 simplex iterations) in 7200.01 seconds
Thread count was 8 (of 8 available processors)

Solution count 0

Time limit reached
Best objective -, best bound 3.720562605108e+07, gap -

User-callback calls 1908953, time in user-callback 5.35 sec
