Using license file /home/brunoalmeda/gurobi.lic
Academic license - for non-commercial use only
Changed value of parameter TimeLimit to 7200.0
   Prev: inf  Min: 0.0  Max: inf  Default: inf
Changed value of parameter lazyconstraints to 1
   Prev: 0  Min: 0  Max: 1  Default: 0
Gurobi Optimizer version 9.0.1 build v9.0.1rc0 (linux64)
Optimize a model with 10202 rows, 30300 columns and 70300 nonzeros
Model fingerprint: 0xe9715716
Variable types: 10100 continuous, 20200 integer (20200 binary)
Coefficient statistics:
  Matrix range     [1e+00, 2e+01]
  Objective range  [9e+04, 5e+06]
  Bounds range     [1e+00, 1e+02]
  RHS range        [1e+00, 1e+01]
Presolve removed 1 rows and 100 columns
Presolve time: 0.08s
Presolved: 10201 rows, 30200 columns, 70100 nonzeros
Variable types: 10000 continuous, 20200 integer (20200 binary)

Root relaxation: objective 2.096929e+07, 19140 iterations, 0.78 seconds

    Nodes    |    Current Node    |     Objective Bounds      |     Work
 Expl Unexpl |  Obj  Depth IntInf | Incumbent    BestBd   Gap | It/Node Time

     0     0 2.0969e+07    0   90          - 2.0969e+07      -     -    0s
     0     0 2.1018e+07    0   83          - 2.1018e+07      -     -    4s
     0     0 2.1056e+07    0  109          - 2.1056e+07      -     -    4s
     0     0 2.1068e+07    0  111          - 2.1068e+07      -     -    4s
     0     0 2.1070e+07    0  110          - 2.1070e+07      -     -    4s
     0     0 2.1070e+07    0  108          - 2.1070e+07      -     -    4s
     0     0 2.1116e+07    0  100          - 2.1116e+07      -     -    5s
     0     0 2.1120e+07    0  111          - 2.1120e+07      -     -    5s
     0     0 2.1120e+07    0  118          - 2.1120e+07      -     -    5s
     0     0 2.1181e+07    0  114          - 2.1181e+07      -     -    5s
     0     0 2.1182e+07    0  113          - 2.1182e+07      -     -    5s
     0     0 2.1183e+07    0  118          - 2.1183e+07      -     -    5s
     0     0 2.1183e+07    0  119          - 2.1183e+07      -     -    5s
     0     0 2.1184e+07    0  121          - 2.1184e+07      -     -    5s
     0     0 2.1186e+07    0  125          - 2.1186e+07      -     -    5s
     0     0 2.1186e+07    0  126          - 2.1186e+07      -     -    5s
     0     0 2.1220e+07    0  120          - 2.1220e+07      -     -    6s
     0     0 2.1226e+07    0  148          - 2.1226e+07      -     -    6s
     0     0 2.1227e+07    0  153          - 2.1227e+07      -     -    6s
     0     0 2.1227e+07    0  154          - 2.1227e+07      -     -    6s
     0     0 2.1241e+07    0  146          - 2.1241e+07      -     -    6s
H    0     0                    2.357677e+07 2.1241e+07  9.91%     -    6s
H    0     0                    2.259372e+07 2.1241e+07  5.99%     -   14s
     0     0 2.1250e+07    0  158 2.2594e+07 2.1250e+07  5.95%     -   14s
     0     0 2.1251e+07    0  163 2.2594e+07 2.1251e+07  5.94%     -   14s
     0     0 2.1251e+07    0  160 2.2594e+07 2.1251e+07  5.94%     -   14s
     0     0 2.1263e+07    0  156 2.2594e+07 2.1263e+07  5.89%     -   15s
     0     0 2.1263e+07    0   92 2.2594e+07 2.1263e+07  5.89%     -   15s
     0     0 2.1263e+07    0   77 2.2594e+07 2.1263e+07  5.89%     -   19s
     0     0 2.1263e+07    0  101 2.2594e+07 2.1263e+07  5.89%     -   19s
     0     0 2.1263e+07    0  139 2.2594e+07 2.1263e+07  5.89%     -   20s
     0     0 2.1263e+07    0  146 2.2594e+07 2.1263e+07  5.89%     -   20s
     0     0 2.1263e+07    0  152 2.2594e+07 2.1263e+07  5.89%     -   20s
     0     0 2.1263e+07    0  153 2.2594e+07 2.1263e+07  5.89%     -   20s
     0     0 2.1263e+07    0  152 2.2594e+07 2.1263e+07  5.89%     -   20s
     0     0 2.1263e+07    0  157 2.2594e+07 2.1263e+07  5.89%     -   20s
     0     0 2.1263e+07    0  170 2.2594e+07 2.1263e+07  5.89%     -   20s
     0     0 2.1263e+07    0  164 2.2594e+07 2.1263e+07  5.89%     -   21s
     0     0 2.1263e+07    0  167 2.2594e+07 2.1263e+07  5.89%     -   21s
     0     0 2.1263e+07    0  173 2.2594e+07 2.1263e+07  5.89%     -   21s
     0     0 2.1263e+07    0  177 2.2594e+07 2.1263e+07  5.89%     -   21s
     0     0 2.1263e+07    0  184 2.2594e+07 2.1263e+07  5.89%     -   22s
     0     0 2.1263e+07    0  189 2.2594e+07 2.1263e+07  5.89%     -   22s
     0     0 2.1263e+07    0  185 2.2594e+07 2.1263e+07  5.89%     -   22s
     0     0 2.1263e+07    0  185 2.2594e+07 2.1263e+07  5.89%     -   22s
     0     0 2.1263e+07    0  168 2.2594e+07 2.1263e+07  5.89%     -   23s
     0     0 2.1263e+07    0  177 2.2594e+07 2.1263e+07  5.89%     -   24s
     0     0 2.1263e+07    0  187 2.2594e+07 2.1263e+07  5.89%     -   24s
     0     0 2.1263e+07    0  183 2.2594e+07 2.1263e+07  5.89%     -   24s
     0     0 2.1263e+07    0  183 2.2594e+07 2.1263e+07  5.89%     -   24s
     0     0 2.1263e+07    0  196 2.2594e+07 2.1263e+07  5.89%     -   24s
H    0     0                    2.251701e+07 2.1263e+07  5.57%     -   36s
     0     0 2.1263e+07    0  196 2.2517e+07 2.1263e+07  5.57%     -   36s
     0     0 2.1263e+07    0  200 2.2517e+07 2.1263e+07  5.57%     -   36s
     0     0 2.1263e+07    0  202 2.2517e+07 2.1263e+07  5.57%     -   36s
     0     0 2.1263e+07    0  195 2.2517e+07 2.1263e+07  5.57%     -   37s
     0     0 2.1263e+07    0  198 2.2517e+07 2.1263e+07  5.57%     -   37s
     0     0 2.1263e+07    0  200 2.2517e+07 2.1263e+07  5.57%     -   37s
     0     0 2.1267e+07    0  195 2.2517e+07 2.1267e+07  5.55%     -   38s
     0     0 2.1269e+07    0  201 2.2517e+07 2.1269e+07  5.54%     -   39s
     0     0 2.1269e+07    0  221 2.2517e+07 2.1269e+07  5.54%     -   39s
     0     0 2.1270e+07    0  202 2.2517e+07 2.1270e+07  5.54%     -   39s
     0     0 2.1270e+07    0  215 2.2517e+07 2.1270e+07  5.54%     -   39s
     0     0 2.1274e+07    0  232 2.2517e+07 2.1274e+07  5.52%     -   39s
     0     0 2.1275e+07    0  212 2.2517e+07 2.1275e+07  5.52%     -   41s
     0     0 2.1275e+07    0  214 2.2517e+07 2.1275e+07  5.52%     -   41s
     0     0 2.1279e+07    0  247 2.2517e+07 2.1279e+07  5.50%     -   42s
     0     0 2.1280e+07    0  209 2.2517e+07 2.1280e+07  5.49%     -   44s
     0     0 2.1280e+07    0  217 2.2517e+07 2.1280e+07  5.49%     -   44s
     0     0 2.1283e+07    0  221 2.2517e+07 2.1283e+07  5.48%     -   44s
     0     0 2.1284e+07    0  229 2.2517e+07 2.1284e+07  5.48%     -   46s
     0     0 2.1286e+07    0  214 2.2517e+07 2.1286e+07  5.47%     -   47s
     0     0 2.1286e+07    0  213 2.2517e+07 2.1286e+07  5.47%     -   50s
     0     2 2.1394e+07    0  213 2.2517e+07 2.1394e+07  4.99%     -   54s
     1     4 2.1394e+07    1  203 2.2517e+07 2.1394e+07  4.99%   161   55s
    23    28 2.1394e+07    7  222 2.2517e+07 2.1394e+07  4.99%   469   60s
   108   116 2.1394e+07   28  195 2.2517e+07 2.1394e+07  4.99%   281   65s
   188   207 2.1426e+07   48  187 2.2517e+07 2.1394e+07  4.99%   241   70s
   329   345 2.1494e+07   76  170 2.2517e+07 2.1394e+07  4.99%   192   75s
   462   495 2.1542e+07  102  130 2.2517e+07 2.1394e+07  4.99%   180   80s
   592   625 2.1636e+07  135  123 2.2517e+07 2.1394e+07  4.99%   172   85s
   828   903 2.1708e+07  191  130 2.2517e+07 2.1394e+07  4.99%   141   90s
  1206  1275 2.1896e+07  278   61 2.2517e+07 2.1394e+07  4.99%   112   95s
  1819  1795 infeasible  427      2.2517e+07 2.1394e+07  4.99%  84.4  100s
  2205  2025 2.1416e+07    9  143 2.2517e+07 2.1394e+07  4.99%  76.5  105s
  2609  2268 2.1428e+07   17  119 2.2517e+07 2.1394e+07  4.99%  71.0  110s
  2716  2293 2.1394e+07    7  156 2.2517e+07 2.1394e+07  4.99%  74.6  118s
  2718  2294 2.2157e+07  581   90 2.2517e+07 2.1394e+07  4.99%  74.6  122s
  2731  2303 2.1703e+07  192  217 2.2517e+07 2.1394e+07  4.99%  74.2  125s
H 2737  2191                    2.251701e+07 2.1394e+07  4.99%  74.0  138s
  2743  2195 2.2382e+07  746  188 2.2517e+07 2.1394e+07  4.99%  73.9  140s
  2759  2206 2.1653e+07  143  218 2.2517e+07 2.1394e+07  4.99%  73.4  146s
  2768  2212 2.1675e+07  210  229 2.2517e+07 2.1394e+07  4.99%  73.2  151s
  2776  2217 2.2081e+07  487  246 2.2517e+07 2.1394e+07  4.99%  73.0  156s
  2782  2221 2.1900e+07  345  258 2.2517e+07 2.1394e+07  4.99%  72.8  160s
  2788  2225 2.1594e+07  109  268 2.2517e+07 2.1394e+07  4.99%  72.7  167s
  2792  2228 2.1401e+07    8  266 2.2517e+07 2.1394e+07  4.99%  72.6  170s
  2799  2232 2.2110e+07  294  250 2.2517e+07 2.1394e+07  4.99%  72.4  176s
  2803  2235 2.2513e+07  371  252 2.2517e+07 2.1394e+07  4.99%  72.3  180s
  2811  2240 2.1923e+07  332  238 2.2517e+07 2.1394e+07  4.99%  72.1  186s
  2815  2243 2.2236e+07  647  245 2.2517e+07 2.1394e+07  4.99%  72.0  190s
H 2816  2130                    2.250274e+07 2.1394e+07  4.93%  72.0  209s
  2818  2134 2.1470e+07   13  254 2.2503e+07 2.1470e+07  4.59%  86.8  221s
  2820  2137 2.1470e+07   14  262 2.2503e+07 2.1470e+07  4.59%  87.2  237s
  2824  2140 2.1470e+07   15  272 2.2503e+07 2.1470e+07  4.59%  88.2  244s
  2828  2141 2.1501e+07   15  268 2.2503e+07 2.1470e+07  4.59%  89.5  247s
  2840  2153 2.1470e+07   17  249 2.2503e+07 2.1470e+07  4.59%  92.5  251s
  2852  2158 2.2038e+07   18  196 2.2503e+07 2.1470e+07  4.59%  94.8  255s
  2866  2167 2.1470e+07   20  234 2.2503e+07 2.1470e+07  4.59%  97.4  260s
  2878  2180 2.1470e+07   22  229 2.2503e+07 2.1470e+07  4.59%  99.1  265s
  2905  2197 2.1470e+07   26  239 2.2503e+07 2.1470e+07  4.59%   103  271s
  2924  2213 2.1470e+07   28  215 2.2503e+07 2.1470e+07  4.59%   106  276s
  2948  2229 2.1470e+07   31  215 2.2503e+07 2.1470e+07  4.59%   108  280s
  2974  2246 2.1472e+07   34  211 2.2503e+07 2.1470e+07  4.59%   111  285s
  2995  2261 2.1475e+07   36  211 2.2503e+07 2.1470e+07  4.59%   114  291s
  3022  2283 2.1503e+07   39  179 2.2503e+07 2.1470e+07  4.59%   117  297s
  3053  2309 2.1542e+07   43  179 2.2503e+07 2.1470e+07  4.59%   121  302s
  3075  2327 2.1543e+07   45  171 2.2503e+07 2.1470e+07  4.59%   123  305s
  3124  2357 2.1552e+07   51  166 2.2503e+07 2.1470e+07  4.59%   128  311s
  3147  2377 2.1561e+07   54  165 2.2503e+07 2.1470e+07  4.59%   130  316s
  3205  2417 2.1571e+07   60  163 2.2503e+07 2.1470e+07  4.59%   136  323s
  3236  2446 2.1574e+07   63  155 2.2503e+07 2.1470e+07  4.59%   138  326s
  3308  2484 2.1657e+07   73  157 2.2503e+07 2.1470e+07  4.59%   143  334s
  3338  2515 2.1659e+07   76  160 2.2503e+07 2.1470e+07  4.59%   148  337s
  3382  2547 2.1679e+07   81  167 2.2503e+07 2.1470e+07  4.59%   151  342s
  3429  2586 2.1686e+07   85  166 2.2503e+07 2.1470e+07  4.59%   154  346s
  3484  2572 2.1697e+07   91  160 2.2503e+07 2.1470e+07  4.59%   157  364s
H 3486  2463                    2.250274e+07 2.1470e+07  4.59%   156  364s
H 3487  2360                    2.250274e+07 2.1470e+07  4.59%   156  364s
  3488  2414 2.1999e+07   91  129 2.2503e+07 2.1470e+07  4.59%   157  369s
  3545  2456 2.1703e+07   97  153 2.2503e+07 2.1470e+07  4.59%   160  373s
  3613  2492 2.1734e+07  105  158 2.2503e+07 2.1470e+07  4.59%   161  377s
  3682  2534 2.1745e+07  114  147 2.2503e+07 2.1470e+07  4.59%   163  381s
  3754  2574 2.1749e+07  120  146 2.2503e+07 2.1470e+07  4.59%   165  386s
  3832  2606 2.1759e+07  129  138 2.2503e+07 2.1470e+07  4.59%   167  391s
  3911  2619 2.1781e+07  135  140 2.2503e+07 2.1470e+07  4.59%   169  395s
  3989  2611 2.1776e+07  140  136 2.2503e+07 2.1470e+07  4.59%   171  400s
  4056  2648 2.1812e+07  152  130 2.2503e+07 2.1470e+07  4.59%   179  409s
  4099  2688 2.2277e+07  161  116 2.2503e+07 2.1470e+07  4.59%   184  414s
  4162  2732 2.2265e+07  179  124 2.2503e+07 2.1470e+07  4.59%   187  419s
  4239  2785 2.2020e+07  197  102 2.2503e+07 2.1470e+07  4.59%   191  424s
  4343  2830 2.2052e+07  224   96 2.2503e+07 2.1470e+07  4.59%   194  430s
  4448  2879 2.2062e+07  249  102 2.2503e+07 2.1470e+07  4.59%   197  436s
  4575  2916 2.1998e+07   51  109 2.2503e+07 2.1470e+07  4.59%   199  441s
  4673  3045 2.2086e+07   62  142 2.2503e+07 2.1470e+07  4.59%   202  447s
  4870  3146 2.2299e+07  142  111 2.2503e+07 2.1470e+07  4.59%   200  453s
  5093  3146 2.1470e+07   25  184 2.2503e+07 2.1470e+07  4.59%   197  456s
  5200  3220 2.1690e+07   35  140 2.2503e+07 2.1470e+07  4.59%   199  461s
  5368  3229 2.2354e+07  103   58 2.2503e+07 2.1470e+07  4.59%   200  468s
  5460  3225 2.1629e+07   25  196 2.2503e+07 2.1470e+07  4.59%   204  474s
  5504  3338 2.2331e+07   33  140 2.2503e+07 2.1470e+07  4.59%   206  481s
  5670  3423 2.1582e+07   26  213 2.2503e+07 2.1470e+07  4.59%   207  489s
  5865  3422 2.1768e+07   42  223 2.2503e+07 2.1470e+07  4.59%   206  494s
  5993  3511 2.1838e+07   60  212 2.2503e+07 2.1470e+07  4.59%   208  502s
  6275  3600 2.2001e+07  111  147 2.2503e+07 2.1470e+07  4.59%   204  509s
  6502  3758 2.2154e+07  187  170 2.2503e+07 2.1470e+07  4.59%   202  515s
  6803  3847 2.1470e+07   21  223 2.2503e+07 2.1470e+07  4.59%   199  522s
  7059  4034 2.1471e+07   25  205 2.2503e+07 2.1470e+07  4.59%   197  531s
  7444  4018 2.1488e+07   27  178 2.2503e+07 2.1470e+07  4.59%   192  539s
  7710  4065 2.1574e+07   24  209 2.2503e+07 2.1470e+07  4.59%   191  549s
  7905  4245 2.2060e+07   58  188 2.2503e+07 2.1470e+07  4.59%   191  560s
  8247  4281 2.1470e+07   25  239 2.2503e+07 2.1470e+07  4.59%   188  570s
  8397  4525 2.1532e+07   66  212 2.2503e+07 2.1470e+07  4.59%   189  581s
  8692  4843 2.1628e+07  155  170 2.2503e+07 2.1470e+07  4.59%   187  591s
  9078  5287 2.1808e+07  229  154 2.2503e+07 2.1470e+07  4.59%   183  602s
  9584  5589 2.2111e+07  366  141 2.2503e+07 2.1470e+07  4.59%   177  620s
  9927  5856 2.2316e+07  491  143 2.2503e+07 2.1470e+07  4.59%   174  631s
 10255  5857 2.1577e+07   36  156 2.2503e+07 2.1470e+07  4.59%   173  641s
 10257  5858 2.1816e+07   72   92 2.2503e+07 2.1470e+07  4.59%   173  646s
 10271  5868 2.1656e+07   51  259 2.2503e+07 2.1470e+07  4.59%   173  650s
 10276  5871 2.1860e+07  217  257 2.2503e+07 2.1470e+07  4.59%   173  664s
 10278  5872 2.1920e+07  128  267 2.2503e+07 2.1470e+07  4.59%   173  665s
 10287  5878 2.1647e+07   90  259 2.2503e+07 2.1470e+07  4.59%   172  670s
 10297  5885 2.1784e+07  162  258 2.2503e+07 2.1470e+07  4.59%   172  675s
 10306  5891 2.1493e+07   51  255 2.2503e+07 2.1470e+07  4.59%   172  682s
 10314  5896 2.1979e+07  233  256 2.2503e+07 2.1470e+07  4.59%   172  686s
 10318  5899 2.1979e+07  261  267 2.2503e+07 2.1470e+07  4.59%   172  690s
 10327  5905 2.2394e+07  110  267 2.2503e+07 2.1470e+07  4.59%   172  696s
 10336  5911 2.2285e+07  359  276 2.2503e+07 2.1470e+07  4.59%   172  702s
 10341  5914 2.2390e+07  104  285 2.2503e+07 2.1470e+07  4.59%   171  706s
 10344  5916 2.1543e+07   32  280 2.2503e+07 2.1470e+07  4.59%   171  710s
 10352  5922 2.1745e+07   48  290 2.2503e+07 2.1470e+07  4.59%   171  717s
 10358  5926 2.2195e+07  358  249 2.2503e+07 2.1470e+07  4.59%   171  720s
 10365  5930 2.2172e+07   76  292 2.2503e+07 2.1470e+07  4.59%   171  728s
 10369  5933 2.2079e+07   27  301 2.2503e+07 2.1470e+07  4.59%   171  732s
 10375  5937 2.2089e+07  189  316 2.2503e+07 2.1470e+07  4.59%   171  736s
 10378  5939 2.1920e+07  128  301 2.2503e+07 2.1470e+07  4.59%   171  741s
 10382  5942 2.1558e+07   57  291 2.2503e+07 2.1470e+07  4.59%   171  745s
 10387  5945 2.1647e+07   90  311 2.2503e+07 2.1470e+07  4.59%   171  754s
 10388  5946 2.1860e+07   64  311 2.2503e+07 2.1470e+07  4.59%   171  755s
H10388  5646                    2.250274e+07 2.1513e+07  4.40%   171  793s
 10390  5650 2.1513e+07   28  282 2.2503e+07 2.1513e+07  4.40%   175  818s
 10392  5653 2.1513e+07   29  234 2.2503e+07 2.1513e+07  4.40%   175  837s
 10396  5656 2.1513e+07   30  239 2.2503e+07 2.1513e+07  4.40%   176  849s
 10400  5659 2.1513e+07   30  233 2.2503e+07 2.1513e+07  4.40%   176  862s
 10404  5661 2.1513e+07   31  244 2.2503e+07 2.1513e+07  4.40%   176  866s
 10408  5664 2.1559e+07   31  221 2.2503e+07 2.1513e+07  4.40%   176  872s
 10412  5668 2.1513e+07   32  245 2.2503e+07 2.1513e+07  4.40%   176  878s
 10419  5671 2.1513e+07   33  266 2.2503e+07 2.1513e+07  4.40%   176  881s
 10425  5675 2.1513e+07   34  261 2.2503e+07 2.1513e+07  4.40%   177  888s
 10431  5678 2.1513e+07   35  249 2.2503e+07 2.1513e+07  4.40%   177  891s
 10436  5687 2.1513e+07   36  241 2.2503e+07 2.1513e+07  4.40%   178  896s
 10446  5692 2.1513e+07   37  262 2.2503e+07 2.1513e+07  4.40%   178  901s
 10464  5706 2.1513e+07   39  252 2.2503e+07 2.1513e+07  4.40%   179  909s
 10475  5712 2.1513e+07   40  250 2.2503e+07 2.1513e+07  4.40%   179  914s
 10484  5719 2.1554e+07   41  220 2.2503e+07 2.1513e+07  4.40%   180  917s
 10494  5723 2.1519e+07   43  239 2.2503e+07 2.1513e+07  4.40%   180  920s
 10502  5736 2.1522e+07   44  240 2.2503e+07 2.1513e+07  4.40%   181  925s
 10530  5760 2.1628e+07   46  242 2.2503e+07 2.1513e+07  4.40%   182  932s
 10551  5775 2.1528e+07   49  227 2.2503e+07 2.1513e+07  4.40%   182  936s
 10573  5787 2.1543e+07   51  222 2.2503e+07 2.1513e+07  4.40%   182  940s
 10613  5812 2.1709e+07   56  202 2.2503e+07 2.1513e+07  4.40%   183  948s
 10630  5823 2.1557e+07   58  207 2.2503e+07 2.1513e+07  4.40%   184  952s
 10647  5840 2.1565e+07   60  207 2.2503e+07 2.1513e+07  4.40%   184  956s
H10670  5553                    2.250253e+07 2.1513e+07  4.40%   184  960s
H10672  5282                    2.240268e+07 2.1513e+07  3.97%   184  960s
 10675  5302 2.1573e+07   63  220 2.2403e+07 2.1513e+07  3.97%   185  965s
 10697  5324 2.1578e+07   65  215 2.2403e+07 2.1513e+07  3.97%   185  970s
 10726  5339 2.1608e+07   67  215 2.2403e+07 2.1513e+07  3.97%   186  976s
 10751  5356 2.1587e+07   70  216 2.2403e+07 2.1513e+07  3.97%   186  980s
 10776  5382 2.1590e+07   72  166 2.2403e+07 2.1513e+07  3.97%   187  986s
 10811  5397 2.1595e+07   76  189 2.2403e+07 2.1513e+07  3.97%   187  991s
 10838  5423 2.1673e+07   78  197 2.2403e+07 2.1513e+07  3.97%   188  998s
 10873  5435 2.1675e+07   81  192 2.2403e+07 2.1513e+07  3.97%   189 1004s
 10898  5459 2.1679e+07   84  176 2.2403e+07 2.1513e+07  3.97%   190 1010s
 10930  5490 2.1683e+07   87  170 2.2403e+07 2.1513e+07  3.97%   191 1017s
 10972  5519 2.1689e+07   92  159 2.2403e+07 2.1513e+07  3.97%   192 1024s
 11016  5553 2.1817e+07   97  118 2.2403e+07 2.1513e+07  3.97%   193 1030s
 11067  5591 2.1695e+07  101  153 2.2403e+07 2.1513e+07  3.97%   193 1036s
 11124  5628 2.2075e+07  105  160 2.2403e+07 2.1513e+07  3.97%   194 1042s
H11184  5354                    2.235285e+07 2.1513e+07  3.76%   194 1061s
H11186  5110                    2.235242e+07 2.1513e+07  3.76%   194 1061s
 11188  5153 2.1913e+07  109  155 2.2352e+07 2.1513e+07  3.76%   194 1068s
 11250  5196 2.1705e+07  113  166 2.2352e+07 2.1513e+07  3.76%   195 1074s
 11327  5242 2.1718e+07  120  141 2.2352e+07 2.1513e+07  3.76%   195 1080s
 11413  5270 2.2190e+07  128  116 2.2352e+07 2.1513e+07  3.76%   196 1088s
 11502  5274 2.1874e+07  136  117 2.2352e+07 2.1513e+07  3.76%   196 1094s
 11542  5325 2.1761e+07  143  118 2.2352e+07 2.1513e+07  3.76%   197 1101s
 11615  5367 2.1767e+07  154  123 2.2352e+07 2.1513e+07  3.76%   198 1109s
 11691  5422 2.1773e+07  164  115 2.2352e+07 2.1513e+07  3.76%   199 1116s
 11776  5469 2.1816e+07  174  111 2.2352e+07 2.1513e+07  3.76%   200 1124s
 11859  5522 2.1791e+07  183  120 2.2352e+07 2.1513e+07  3.76%   201 1131s
 11950  5580 2.2023e+07  192  111 2.2352e+07 2.1513e+07  3.76%   202 1138s
 12045  5686     cutoff  202      2.2352e+07 2.1513e+07  3.76%   203 1146s
 12203  5770 2.2128e+07  215  105 2.2352e+07 2.1513e+07  3.76%   203 1154s
 12365  5812     cutoff  228      2.2352e+07 2.1513e+07  3.76%   203 1162s
 12545  5802 2.1880e+07  244  100 2.2352e+07 2.1513e+07  3.76%   203 1172s
 12644  5833 2.1917e+07  263   96 2.2352e+07 2.1513e+07  3.76%   205 1180s
 12753  5892 2.2001e+07  287   86 2.2352e+07 2.1513e+07  3.76%   207 1190s
 12940  5961 2.2101e+07  322  110 2.2352e+07 2.1513e+07  3.76%   208 1199s
 13206  6082     cutoff  393      2.2352e+07 2.1513e+07  3.76%   208 1209s
 13477  6278 2.1727e+07   56  102 2.2352e+07 2.1513e+07  3.76%   207 1215s
 13871  6290 2.2277e+07  211   46 2.2352e+07 2.1513e+07  3.76%   203 1222s
 14139  6350 2.1550e+07   67  208 2.2352e+07 2.1513e+07  3.76%   203 1230s
 14382  6530 2.1683e+07  143  155 2.2352e+07 2.1513e+07  3.76%   202 1239s
 14736  6734 2.1865e+07  268  103 2.2352e+07 2.1513e+07  3.76%   200 1248s
 15249  6704 2.1941e+07  395   82 2.2352e+07 2.1513e+07  3.76%   196 1258s
 15572  6808 2.1517e+07   43  238 2.2352e+07 2.1513e+07  3.76%   195 1267s
 15824  7296 2.1729e+07   93  149 2.2352e+07 2.1513e+07  3.76%   195 1277s
 16433  7384 2.2263e+07  301   66 2.2352e+07 2.1513e+07  3.76%   190 1289s
 16798  7594 2.1717e+07   56  212 2.2352e+07 2.1513e+07  3.76%   188 1300s
 17202  7735 2.1551e+07   39  217 2.2352e+07 2.1513e+07  3.76%   186 1312s
H17211  7500                    2.235242e+07 2.1513e+07  3.76%   186 1312s
 17508  7885 2.1607e+07   69  217 2.2352e+07 2.1513e+07  3.76%   185 1332s
H18012  7478                    2.234135e+07 2.1513e+07  3.71%   182 1332s
 18013  8112 2.1796e+07  152  121 2.2341e+07 2.1513e+07  3.71%   182 1343s
 18704  8214 2.1540e+07   34  258 2.2341e+07 2.1513e+07  3.71%   177 1356s
 19101  8399 2.2218e+07   80  142 2.2341e+07 2.1513e+07  3.71%   176 1370s
 19457  8584 2.1878e+07   76  162 2.2341e+07 2.1513e+07  3.71%   175 1383s
 19835  8640 2.2282e+07   59  224 2.2341e+07 2.1513e+07  3.71%   174 1398s
 20055  8570 2.1686e+07  100  199 2.2341e+07 2.1513e+07  3.71%   175 1424s
H20058  8351                    2.233815e+07 2.1513e+07  3.70%   175 1424s
 20059  8856 2.1693e+07  101  193 2.2338e+07 2.1513e+07  3.70%   175 1438s
 20575  8685 2.2274e+07  353  156 2.2338e+07 2.1513e+07  3.70%   172 1470s
 20584  8691 2.2060e+07  417  194 2.2338e+07 2.1513e+07  3.70%   172 1475s
 20601  8702 2.1771e+07   56  310 2.2338e+07 2.1513e+07  3.70%   172 1492s
 20604  8704 2.1739e+07   61  285 2.2338e+07 2.1513e+07  3.70%   172 1496s
 20608  8707 2.1984e+07  343  299 2.2338e+07 2.1513e+07  3.70%   172 1500s
 20612  8710 2.2248e+07  413  287 2.2338e+07 2.1513e+07  3.70%   172 1509s
 20614  8711 2.1963e+07  208  287 2.2338e+07 2.1513e+07  3.70%   172 1525s
 20615  8715 2.1513e+07   39  306 2.2338e+07 2.1513e+07  3.70%   173 1550s
 20617  8718 2.1513e+07   40  280 2.2338e+07 2.1513e+07  3.70%   173 1571s
 20621  8721 2.1513e+07   41  286 2.2338e+07 2.1513e+07  3.70%   174 1583s
 20625  8723 2.1542e+07   41  317 2.2338e+07 2.1513e+07  3.70%   174 1606s
 20629  8726 2.1513e+07   42  287 2.2338e+07 2.1513e+07  3.70%   174 1611s
 20633  8729 2.1513e+07   42  306 2.2338e+07 2.1513e+07  3.70%   174 1617s
 20637  8733 2.1513e+07   43  295 2.2338e+07 2.1513e+07  3.70%   174 1625s
H20643  8298                    2.233794e+07 2.1513e+07  3.70%   174 1653s
 20647  8304 2.1513e+07   44  289 2.2338e+07 2.1513e+07  3.70%   174 1657s
 20654  8311 2.1513e+07   45  301 2.2338e+07 2.1513e+07  3.70%   174 1662s
 20663  8315 2.1513e+07   46  298 2.2338e+07 2.1513e+07  3.70%   174 1668s
 20670  8322 2.1513e+07   47  296 2.2338e+07 2.1513e+07  3.70%   174 1675s
 20680  8328 2.1513e+07   48  282 2.2338e+07 2.1513e+07  3.70%   175 1682s
 20689  8334 2.1513e+07   49  265 2.2338e+07 2.1513e+07  3.70%   175 1686s
 20698  8343 2.1513e+07   50  278 2.2338e+07 2.1513e+07  3.70%   175 1691s
 20711  8352 2.1513e+07   51  263 2.2338e+07 2.1513e+07  3.70%   175 1698s
 20724  8361 2.1530e+07   52  264 2.2338e+07 2.1513e+07  3.70%   176 1703s
 20739  8372 2.1513e+07   54  286 2.2338e+07 2.1513e+07  3.70%   176 1709s
 20755  8385 2.2018e+07   55  270 2.2338e+07 2.1513e+07  3.70%   176 1714s
 20773  8396 2.1513e+07   57  262 2.2338e+07 2.1513e+07  3.70%   176 1718s
 20791  8409 2.1513e+07   60  278 2.2338e+07 2.1513e+07  3.70%   177 1723s
 20810  8421 2.1523e+07   62  271 2.2338e+07 2.1513e+07  3.70%   177 1727s
 20829  8435 2.1598e+07   64  261 2.2338e+07 2.1513e+07  3.70%   177 1732s
 20850  8447 2.1522e+07   66  259 2.2338e+07 2.1513e+07  3.70%   177 1737s
 20869  8461 2.2008e+07   67  205 2.2338e+07 2.1513e+07  3.70%   178 1742s
 20890  8477 2.1528e+07   69  259 2.2338e+07 2.1513e+07  3.70%   178 1747s
 20913  8484 2.1738e+07   70  216 2.2338e+07 2.1513e+07  3.70%   178 1753s
 20931  8507 2.1537e+07   72  241 2.2338e+07 2.1513e+07  3.70%   179 1759s
 20960  8527 2.1547e+07   74  248 2.2338e+07 2.1513e+07  3.70%   179 1764s
 20993  8544 2.1548e+07   76  236 2.2338e+07 2.1513e+07  3.70%   179 1770s
 21021  8563 2.1550e+07   78  256 2.2338e+07 2.1513e+07  3.70%   180 1776s
 21051  8578 2.1554e+07   81  275 2.2338e+07 2.1513e+07  3.70%   180 1782s
 21085  8589 2.1556e+07   83  274 2.2338e+07 2.1513e+07  3.70%   180 1788s
 21123  8607 2.1613e+07   85  231 2.2338e+07 2.1513e+07  3.70%   181 1794s
 21171  8620 2.1562e+07   88  271 2.2338e+07 2.1513e+07  3.70%   181 1800s
 21221  8628 2.1565e+07   91  257 2.2338e+07 2.1513e+07  3.70%   182 1805s
 21250  8627 2.1574e+07   95  208 2.2338e+07 2.1513e+07  3.70%   182 1812s
 21259  8655 2.1728e+07   95  192 2.2338e+07 2.1513e+07  3.70%   183 1819s
 21295  8673 2.2215e+07   97  246 2.2338e+07 2.1513e+07  3.70%   184 1827s
 21343  8713 2.1593e+07  101  217 2.2338e+07 2.1513e+07  3.70%   184 1833s
 21405  8733 2.1631e+07  107  220 2.2338e+07 2.1513e+07  3.70%   184 1840s
 21453  8775 2.1648e+07  112  198 2.2338e+07 2.1513e+07  3.70%   185 1848s
 21521  8817 2.1667e+07  118  197 2.2338e+07 2.1513e+07  3.70%   185 1855s
 21595  8858 2.1675e+07  125  176 2.2338e+07 2.1513e+07  3.70%   186 1862s
 21676  8901 2.1691e+07  130  180 2.2338e+07 2.1513e+07  3.70%   186 1870s
 21766  8963 2.1875e+07  136  186 2.2338e+07 2.1513e+07  3.70%   186 1877s
 21872  9000 2.1709e+07  142  182 2.2338e+07 2.1513e+07  3.70%   186 1886s
 21988  9034 2.1730e+07  151  164 2.2338e+07 2.1513e+07  3.70%   187 1893s
 22126  9024 2.1752e+07  159  160 2.2338e+07 2.1513e+07  3.70%   187 1902s
 22246  9018 2.1761e+07  167  162 2.2338e+07 2.1513e+07  3.70%   187 1909s
 22308  9039 2.1766e+07  176  157 2.2338e+07 2.1513e+07  3.70%   188 1918s
 22381  9070 2.1783e+07  185  156 2.2338e+07 2.1513e+07  3.70%   189 1927s
 22467  9089 2.1815e+07  198  156 2.2338e+07 2.1513e+07  3.70%   190 1936s
 22562  9139 2.1832e+07  208  166 2.2338e+07 2.1513e+07  3.70%   190 1948s
 22708  9172 2.1911e+07  229  155 2.2338e+07 2.1513e+07  3.70%   191 1957s
 22895  9213 2.1932e+07  250  161 2.2338e+07 2.1513e+07  3.70%   191 1967s
 23088  9248 2.1962e+07  275  153 2.2338e+07 2.1513e+07  3.70%   190 1974s
 23259  9329 2.2137e+07  307  119 2.2338e+07 2.1513e+07  3.70%   190 1982s
 23508  9362 2.2227e+07  356  133 2.2338e+07 2.1513e+07  3.70%   190 1998s
 23801  9353 2.1514e+07   50  293 2.2338e+07 2.1513e+07  3.70%   189 2008s
 23935  9439 2.1582e+07   76  231 2.2338e+07 2.1513e+07  3.70%   189 2020s
 24155  9523 2.1656e+07  108  223 2.2338e+07 2.1513e+07  3.70%   189 2033s
 24314  9840 2.1734e+07  148  203 2.2338e+07 2.1513e+07  3.70%   189 2046s
 24697  9950 2.2124e+07  303  175 2.2338e+07 2.1513e+07  3.70%   187 2059s
 24996 10071 2.1554e+07   61  267 2.2338e+07 2.1513e+07  3.70%   186 2068s
 25239 10365 2.1677e+07  113  224 2.2338e+07 2.1513e+07  3.70%   186 2078s
 25617 10796 2.1865e+07  225  187 2.2338e+07 2.1513e+07  3.70%   185 2091s
 26242 10915 2.2032e+07  367  173 2.2338e+07 2.1513e+07  3.70%   182 2104s
 26660 11002 2.1513e+07   49  288 2.2338e+07 2.1513e+07  3.70%   180 2117s
 26944 11080 2.1769e+07   87  249 2.2338e+07 2.1513e+07  3.70%   180 2133s
H27141 10638                    2.233794e+07 2.1513e+07  3.70%   181 2147s
H27151 10241                    2.233794e+07 2.1513e+07  3.70%   181 2147s
H27178  9858                    2.233794e+07 2.1513e+07  3.70%   181 2147s
 27179 10385 2.1617e+07   63  237 2.2338e+07 2.1513e+07  3.70%   181 2162s
 27725 10678 2.1513e+07   50  287 2.2338e+07 2.1513e+07  3.70%   179 2177s
 28245 10724 2.1626e+07   72  227 2.2338e+07 2.1513e+07  3.70%   178 2192s
 28514 10719 2.1698e+07  104  256 2.2338e+07 2.1513e+07  3.70%   178 2208s
H28516 10363                    2.233794e+07 2.1513e+07  3.70%   178 2208s
 28602 10655 2.1735e+07  138  219 2.2338e+07 2.1513e+07  3.70%   178 2226s
 28973 10956 2.1937e+07  277  188 2.2338e+07 2.1513e+07  3.70%   178 2242s
 29470 11210 2.1619e+07   52  250 2.2338e+07 2.1513e+07  3.70%   178 2258s
 29924 11668 2.1881e+07  151  191 2.2338e+07 2.1513e+07  3.70%   177 2278s
 30589 11616 2.2214e+07  448  122 2.2338e+07 2.1513e+07  3.70%   176 2298s
 30831 11597 2.1672e+07   54  276 2.2338e+07 2.1513e+07  3.70%   176 2319s
 30917 11779 2.2094e+07   64  167 2.2338e+07 2.1513e+07  3.70%   178 2336s
 31208 11915 2.2092e+07   85  196 2.2338e+07 2.1513e+07  3.70%   179 2357s
 31510 12196 2.1515e+07   51  341 2.2338e+07 2.1513e+07  3.70%   179 2377s
 31937 12464 2.1825e+07  118  218 2.2338e+07 2.1513e+07  3.70%   180 2395s
 32423 12420 2.1548e+07   59  257 2.2338e+07 2.1513e+07  3.70%   179 2413s
 32611 12527     cutoff   78      2.2338e+07 2.1513e+07  3.70%   181 2433s
 32862 12799 2.1626e+07   62  253 2.2338e+07 2.1513e+07  3.70%   182 2452s
 33313 12954 2.1876e+07   75  237 2.2338e+07 2.1513e+07  3.70%   182 2476s
 33745 12966 2.1687e+07   90  237 2.2338e+07 2.1513e+07  3.70%   181 2496s
 33926 13488 2.1715e+07   93  236 2.2338e+07 2.1513e+07  3.70%   181 2516s
 34541 13819 2.1739e+07  106  226 2.2338e+07 2.1513e+07  3.70%   180 2535s
 35136 13991 2.1758e+07  125  228 2.2338e+07 2.1513e+07  3.70%   179 2553s
 35535 14444 2.1779e+07  138  207 2.2338e+07 2.1513e+07  3.70%   180 2573s
 36177 14441 2.1923e+07  165  167 2.2338e+07 2.1513e+07  3.70%   179 2591s
 36475 14666 2.1903e+07  187  170 2.2338e+07 2.1513e+07  3.70%   179 2611s
 36886 14775 2.2135e+07  225  175 2.2338e+07 2.1513e+07  3.70%   180 2630s
 37236 14753 infeasible   63      2.2338e+07 2.1513e+07  3.70%   180 2649s
 37362 14736 2.1958e+07   60  212 2.2338e+07 2.1513e+07  3.70%   181 2670s
 37391 14803 2.1967e+07   64  196 2.2338e+07 2.1513e+07  3.70%   182 2692s
 37509 14841 2.2166e+07   87  195 2.2338e+07 2.1513e+07  3.70%   183 2712s
 37670 14902 2.2078e+07  118  184 2.2338e+07 2.1513e+07  3.70%   185 2733s
 37947 14950 2.1547e+07   65  288 2.2338e+07 2.1513e+07  3.70%   186 2754s
 38175 15135 2.1815e+07  134  231 2.2338e+07 2.1513e+07  3.70%   187 2772s
 38485 15299 2.1798e+07   57  255 2.2338e+07 2.1513e+07  3.70%   188 2791s
 38851 15427 2.2122e+07  202  165 2.2338e+07 2.1513e+07  3.70%   188 2811s
 39198 15436 2.2200e+07  131  180 2.2338e+07 2.1513e+07  3.70%   189 2831s
 39425 15553 2.1713e+07   60  289 2.2338e+07 2.1513e+07  3.70%   190 2851s
 39733 15891 2.1892e+07   97  221 2.2338e+07 2.1513e+07  3.70%   191 2871s
 40339 15971     cutoff  322      2.2338e+07 2.1513e+07  3.69%   190 2892s
 40782 16165 2.1562e+07   47  298 2.2338e+07 2.1514e+07  3.69%   190 2913s
 41301 16152 2.1722e+07  107  156 2.2338e+07 2.1514e+07  3.69%   190 2991s
 41309 16157 2.1827e+07  227  195 2.2338e+07 2.1514e+07  3.69%   190 2995s
 41329 16171 2.2249e+07  255  271 2.2338e+07 2.1514e+07  3.69%   189 3013s
 41333 16173 2.1867e+07  102  298 2.2338e+07 2.1514e+07  3.69%   189 3019s
 41336 16175 2.2282e+07  262  322 2.2338e+07 2.1514e+07  3.69%   189 3020s
 41342 16179 2.2130e+07  158  329 2.2338e+07 2.1514e+07  3.69%   189 3025s
 41343 16180 2.2063e+07  136  323 2.2338e+07 2.1514e+07  3.69%   189 3031s
 41350 16185 2.1890e+07  182  325 2.2338e+07 2.1514e+07  3.69%   189 3038s
 41353 16187 2.2024e+07  217  302 2.2338e+07 2.1514e+07  3.69%   189 3044s
 41354 16187 2.1995e+07  200  304 2.2338e+07 2.1514e+07  3.69%   189 3045s
 41358 16190 2.2184e+07  250  331 2.2338e+07 2.1514e+07  3.69%   189 3051s
 41361 16192 2.1739e+07  109  323 2.2338e+07 2.1514e+07  3.69%   189 3059s
 41364 16194 2.1825e+07   93  306 2.2338e+07 2.1514e+07  3.69%   189 3060s
 41366 16195 2.2120e+07  400  315 2.2338e+07 2.1514e+07  3.69%   189 3066s
 41369 16197 2.2243e+07  470  353 2.2338e+07 2.1514e+07  3.69%   189 3073s
 41374 16201 2.1789e+07  122  333 2.2338e+07 2.1514e+07  3.69%   189 3075s
 41375 16201 2.2086e+07  412  347 2.2338e+07 2.1514e+07  3.69%   189 3080s
 41378 16203 2.1550e+07   51  349 2.2338e+07 2.1514e+07  3.69%   189 3089s
 41382 16206 2.1606e+07   62  336 2.2338e+07 2.1517e+07  3.68%   189 3090s
 41383 16207 2.2232e+07  519  335 2.2338e+07 2.1517e+07  3.67%   189 3098s
 41386 16209 2.2152e+07  161  359 2.2338e+07 2.1518e+07  3.67%   189 3121s
 41390 16211 2.2050e+07  365  316 2.2338e+07 2.1521e+07  3.66%   189 3128s
 41392 16213 2.1874e+07  176  344 2.2338e+07 2.1522e+07  3.65%   189 3135s
 41397 16216 2.1633e+07   77  340 2.2338e+07 2.1524e+07  3.64%   189 3142s
 41400 16218 2.2231e+07  282  325 2.2338e+07 2.1525e+07  3.64%   189 3147s
 41405 16221 2.2131e+07  112  355 2.2338e+07 2.1528e+07  3.63%   189 3154s
 41406 16222 2.2253e+07  305  337 2.2338e+07 2.1528e+07  3.63%   189 3155s
 41407 16223 2.1997e+07  143  351 2.2338e+07 2.1528e+07  3.62%   189 3161s
 41415 16228 2.1808e+07   95  340 2.2338e+07 2.1532e+07  3.61%   189 3170s
 41417 16229 2.2009e+07   78  330 2.2338e+07 2.1532e+07  3.61%   189 3178s
 41421 16232 2.2090e+07   80  336 2.2338e+07 2.1534e+07  3.60%   189 3180s
 41422 16233 2.1598e+07   73  341 2.2338e+07 2.1534e+07  3.60%   189 3186s
 41427 16236 2.2185e+07  340  334 2.2338e+07 2.1536e+07  3.59%   189 3193s
 41429 16237 2.2249e+07  255  299 2.2338e+07 2.1536e+07  3.59%   189 3200s
 41434 16241 2.2112e+07  133  343 2.2338e+07 2.1538e+07  3.58%   189 3207s
 41436 16242 2.2282e+07  262  325 2.2338e+07 2.1539e+07  3.58%   189 3213s
 41439 16244 2.2045e+07  355  325 2.2338e+07 2.1540e+07  3.57%   189 3215s
 41441 16245 2.2115e+07  120  333 2.2338e+07 2.1540e+07  3.57%   189 3220s
 41444 16247 2.1698e+07   76  329 2.2338e+07 2.1541e+07  3.57%   189 3225s
 41446 16249 2.1850e+07  262  336 2.2338e+07 2.1542e+07  3.56%   189 3231s
 41448 16250 2.1757e+07  138  311 2.2338e+07 2.1543e+07  3.56%   189 3237s
 41452 16253 2.1881e+07  182  302 2.2338e+07 2.1544e+07  3.55%   189 3243s
 41455 16255 2.1730e+07  130  349 2.2338e+07 2.1545e+07  3.55%   189 3250s
 41460 16258 2.2284e+07  376  324 2.2338e+07 2.1546e+07  3.54%   189 3256s
 41464 16261 2.1825e+07   93  340 2.2338e+07 2.1547e+07  3.54%   189 3262s
 41466 16262 2.2120e+07  400  325 2.2338e+07 2.1547e+07  3.54%   189 3284s
 41469 16264 2.2243e+07  470  348 2.2338e+07 2.1548e+07  3.54%   189 3285s
 41470 16265 2.1812e+07   60  319 2.2338e+07 2.1549e+07  3.53%   189 3290s
 41472 16266 2.1890e+07  159  325 2.2338e+07 2.1549e+07  3.53%   189 3296s
 41477 16269 2.1992e+07  232  311 2.2338e+07 2.1551e+07  3.52%   189 3303s
 41480 16271 2.1953e+07  175  343 2.2338e+07 2.1552e+07  3.52%   189 3309s
 41481 16272 2.2220e+07  303  356 2.2338e+07 2.1552e+07  3.52%   189 3310s
 41482 16273 2.1606e+07   62  346 2.2338e+07 2.1553e+07  3.52%   189 3316s
 41485 16275 2.2078e+07  149  334 2.2338e+07 2.1554e+07  3.51%   189 3322s
 41487 16276 2.2075e+07  186  328 2.2338e+07 2.1555e+07  3.50%   189 3327s
 41490 16278 2.2050e+07  365  310 2.2338e+07 2.1556e+07  3.50%   189 3332s
 41494 16281 2.1699e+07   99  314 2.2338e+07 2.1557e+07  3.50%   189 3338s
 41497 16283 2.1633e+07   77  315 2.2338e+07 2.1557e+07  3.50%   189 3344s
 41499 16284 2.2059e+07  287  309 2.2338e+07 2.1557e+07  3.49%   189 3349s
 41501 16285 2.1722e+07  107  309 2.2338e+07 2.1557e+07  3.49%   189 3350s
 41502 16286 2.1887e+07   57  316 2.2338e+07 2.1558e+07  3.49%   189 3355s
 41505 16288 2.2131e+07  112  314 2.2338e+07 2.1559e+07  3.49%   189 3360s
 41507 16289 2.1997e+07  143  308 2.2338e+07 2.1559e+07  3.49%   189 3365s
 41510 16291 2.2018e+07  307  324 2.2338e+07 2.1559e+07  3.49%   189 3372s
 41513 16293 2.1763e+07  114  292 2.2338e+07 2.1560e+07  3.48%   189 3377s
 41515 16295 2.1808e+07   95  311 2.2338e+07 2.1560e+07  3.48%   189 3382s
 41519 16297 2.2148e+07   89  312 2.2338e+07 2.1561e+07  3.48%   189 3388s
 41522 16299 2.1598e+07   73  325 2.2338e+07 2.1562e+07  3.47%   189 3393s
 41524 16301 2.2121e+07  328  304 2.2338e+07 2.1562e+07  3.47%   189 3399s
 41526 16302 2.2175e+07  109  303 2.2338e+07 2.1562e+07  3.47%   189 3400s
 41527 16303 2.2185e+07  340  312 2.2338e+07 2.1563e+07  3.47%   189 3405s
 41529 16304 2.2249e+07  255  298 2.2338e+07 2.1563e+07  3.47%   189 3410s
 41531 16305 2.2174e+07  382  311 2.2338e+07 2.1563e+07  3.47%   189 3427s
 41533 16307 2.1867e+07  102  328 2.2338e+07 2.1563e+07  3.47%   188 3433s
 41535 16308 2.2162e+07  176  323 2.2338e+07 2.1564e+07  3.47%   188 3440s
 41538 16310 2.1774e+07   58  302 2.2338e+07 2.1564e+07  3.46%   188 3445s
 41540 16311 2.1777e+07  138  301 2.2338e+07 2.1565e+07  3.46%   188 3450s
 41542 16313 2.2130e+07  158  305 2.2338e+07 2.1565e+07  3.46%   188 3455s
 41545 16315 2.1981e+07  150  295 2.2338e+07 2.1565e+07  3.46%   188 3461s
 41547 16316 2.2166e+07  192  327 2.2338e+07 2.1566e+07  3.46%   188 3467s
 41549 16317 2.2200e+07  431  321 2.2338e+07 2.1566e+07  3.46%   188 3473s
 41551 16319 2.2157e+07  496  330 2.2338e+07 2.1566e+07  3.45%   188 3479s
 41553 16320 2.2024e+07  217  318 2.2338e+07 2.1566e+07  3.45%   188 3480s
 41554 16321 2.1995e+07  200  311 2.2338e+07 2.1567e+07  3.45%   188 3485s
 41556 16322 2.1600e+07   88  321 2.2338e+07 2.1567e+07  3.45%   188 3492s
 41558 16323 2.2184e+07  250  314 2.2338e+07 2.1567e+07  3.45%   188 3498s
 41560 16325 2.2284e+07  376  301 2.2338e+07 2.1567e+07  3.45%   188 3504s
 41561 16325 2.1739e+07  109  299 2.2338e+07 2.1567e+07  3.45%   188 3505s
 41562 16326 2.1709e+07  155  301 2.2338e+07 2.1567e+07  3.45%   188 3510s
 41564 16327 2.1825e+07   93  297 2.2338e+07 2.1568e+07  3.45%   188 3515s
 41566 16329 2.2120e+07  400  301 2.2338e+07 2.1568e+07  3.45%   188 3521s
 41568 16330 2.2188e+07  228  291 2.2338e+07 2.1568e+07  3.45%   188 3526s
 41570 16331 2.1812e+07   60  308 2.2338e+07 2.1568e+07  3.45%   188 3532s
 41572 16333 2.1890e+07  159  313 2.2338e+07 2.1568e+07  3.45%   188 3538s
H41573 15511                    2.233794e+07 2.1568e+07  3.45%   188 3552s
 41576 15513 2.2004e+07  114  307 2.2338e+07 2.1568e+07  3.45%   188 3558s
 41578 15515 2.1568e+07   51  305 2.2338e+07 2.1568e+07  3.45%   188 3566s
 41580 15516 2.1953e+07  175  289 2.2338e+07 2.1568e+07  3.45%   188 3571s
 41582 15517 2.1606e+07   62  326 2.2338e+07 2.1568e+07  3.45%   188 3578s
 41584 15519 2.2071e+07  151  323 2.2338e+07 2.1569e+07  3.44%   188 3585s
 41586 15520 2.2152e+07  161  304 2.2338e+07 2.1569e+07  3.44%   188 3590s
 41588 15521 2.2191e+07  498  328 2.2338e+07 2.1569e+07  3.44%   188 3597s
 41590 15523 2.2050e+07  365  326 2.2338e+07 2.1569e+07  3.44%   188 3604s
 41592 15524 2.1874e+07  176  307 2.2338e+07 2.1569e+07  3.44%   188 3609s
 41593 15525 2.1817e+07  232  300 2.2338e+07 2.1569e+07  3.44%   188 3610s
 41594 15525 2.1699e+07   99  343 2.2338e+07 2.1569e+07  3.44%   188 3616s
 41596 15527 2.1915e+07  154  302 2.2338e+07 2.1569e+07  3.44%   188 3621s
 41598 15528 2.2178e+07  204  310 2.2338e+07 2.1569e+07  3.44%   188 3636s
 41600 15529 2.2231e+07  282  324 2.2338e+07 2.1570e+07  3.44%   188 3642s
 41602 15531 2.1887e+07   57  350 2.2338e+07 2.1570e+07  3.44%   188 3649s
 41603 15531 2.2263e+07  488  349 2.2338e+07 2.1570e+07  3.44%   188 3650s
 41604 15532 2.2081e+07  191  321 2.2338e+07 2.1570e+07  3.44%   188 3656s
 41606 15533 2.2253e+07  305  327 2.2338e+07 2.1570e+07  3.44%   188 3661s
 41608 15535 2.2295e+07  267  327 2.2338e+07 2.1571e+07  3.44%   188 3667s
 41610 15536 2.2018e+07  307  335 2.2338e+07 2.1571e+07  3.43%   188 3672s
 41612 15537 2.2111e+07  111  328 2.2338e+07 2.1571e+07  3.43%   188 3680s
 41613 15538 2.1763e+07  114  328 2.2338e+07 2.1593e+07  3.33%   188 3708s
 41614 15542 2.1593e+07   51  312 2.2338e+07 2.1593e+07  3.33%   190 3725s
 41616 15545 2.1593e+07   52  315 2.2338e+07 2.1593e+07  3.33%   190 3748s
 41620 15548 2.1593e+07   53  324 2.2338e+07 2.1593e+07  3.33%   190 3759s
 41624 15548 2.2210e+07   53  276 2.2338e+07 2.1593e+07  3.33%   190 3781s
 41628 15551 2.1593e+07   54  298 2.2338e+07 2.1593e+07  3.33%   190 3787s
 41632 15554 2.1593e+07   54  300 2.2338e+07 2.1593e+07  3.33%   190 3798s
 41636 15559 2.1593e+07   55  309 2.2338e+07 2.1593e+07  3.33%   191 3811s
H41643 14779                    2.233794e+07 2.1593e+07  3.33%   191 3821s
 41647 14784 2.1593e+07   56  330 2.2338e+07 2.1593e+07  3.33%   191 3827s
 41653 14790 2.1593e+07   57  294 2.2338e+07 2.1593e+07  3.33%   191 3836s
 41661 14795 2.1593e+07   58  303 2.2338e+07 2.1593e+07  3.33%   191 3842s
 41669 14799 2.1595e+07   59  275 2.2338e+07 2.1593e+07  3.33%   191 3850s
 41676 14801 2.1597e+07   60  275 2.2338e+07 2.1593e+07  3.33%   191 3855s
 41680 14811 2.1647e+07   60  291 2.2338e+07 2.1593e+07  3.33%   191 3862s
 41691 14820 2.1597e+07   61  271 2.2338e+07 2.1593e+07  3.33%   191 3868s
 41704 14828 2.1600e+07   62  277 2.2338e+07 2.1593e+07  3.33%   192 3879s
 41716 14835 2.1629e+07   63  258 2.2338e+07 2.1593e+07  3.33%   192 3887s
 41727 14847 2.1604e+07   64  286 2.2338e+07 2.1593e+07  3.33%   192 3895s
 41743 14858 2.1607e+07   66  267 2.2338e+07 2.1593e+07  3.33%   192 3903s
 41761 14871 2.1701e+07   67  274 2.2338e+07 2.1593e+07  3.33%   192 3911s
 41780 14882 2.1612e+07   69  275 2.2338e+07 2.1593e+07  3.33%   192 3919s
 41798 14893 2.1612e+07   71  274 2.2338e+07 2.1593e+07  3.33%   193 3925s
 41815 14893 2.1614e+07   73  279 2.2338e+07 2.1593e+07  3.33%   193 3933s
 41820 14906 2.1782e+07   73  235 2.2338e+07 2.1593e+07  3.33%   193 3940s
 41835 14919 2.1616e+07   75  262 2.2338e+07 2.1593e+07  3.33%   193 3948s
 41855 14931 2.1618e+07   78  267 2.2338e+07 2.1593e+07  3.33%   193 3956s
 41876 14941 2.1895e+07   79  239 2.2338e+07 2.1593e+07  3.33%   194 3964s
 41893 14950 2.2001e+07   81  264 2.2338e+07 2.1593e+07  3.33%   194 3974s
 41911 14966 2.1621e+07   83  263 2.2338e+07 2.1593e+07  3.33%   194 3984s
 41934 14989 2.1625e+07   86  261 2.2338e+07 2.1593e+07  3.33%   195 3995s
 41968 14994 2.1629e+07   90  264 2.2338e+07 2.1593e+07  3.33%   195 4003s
 41986 15012 2.1630e+07   93  255 2.2338e+07 2.1593e+07  3.33%   195 4015s
 42016 15032 2.1631e+07   96  254 2.2338e+07 2.1593e+07  3.33%   196 4027s
 42049 15057 2.1645e+07  100  254 2.2338e+07 2.1593e+07  3.33%   196 4037s
 42090 15064 2.1641e+07  104  236 2.2338e+07 2.1593e+07  3.33%   197 4048s
 42112 15082 2.1642e+07  105  254 2.2338e+07 2.1593e+07  3.33%   197 4060s
 42152 15102 2.1645e+07  109  247 2.2338e+07 2.1593e+07  3.33%   197 4073s
 42196 15132 2.1647e+07  113  232 2.2338e+07 2.1593e+07  3.33%   198 4086s
 42245 15153 2.1652e+07  118  234 2.2338e+07 2.1593e+07  3.33%   198 4100s
 42293 15178 2.1829e+07  122  235 2.2338e+07 2.1593e+07  3.33%   199 4111s
 42337 15208 2.1654e+07  123  252 2.2338e+07 2.1593e+07  3.33%   199 4125s
 42393 15235 2.1662e+07  127  230 2.2338e+07 2.1593e+07  3.33%   200 4139s
 42448 15242 2.1666e+07  133  246 2.2338e+07 2.1593e+07  3.33%   200 4152s
 42485 15276 2.1667e+07  135  256 2.2338e+07 2.1593e+07  3.33%   201 4168s
 42558 15326 2.1692e+07  139  216 2.2338e+07 2.1593e+07  3.33%   201 4185s
 42647 15367 2.1698e+07  147  219 2.2338e+07 2.1593e+07  3.33%   202 4201s
 42745 15402 2.1708e+07  157  225 2.2338e+07 2.1593e+07  3.33%   203 4216s
 42848 15415 2.1910e+07  166  216 2.2338e+07 2.1593e+07  3.33%   203 4231s
 42919 15434     cutoff  171      2.2338e+07 2.1593e+07  3.33%   203 4248s
 43010 15448 2.1748e+07  180  204 2.2338e+07 2.1593e+07  3.33%   204 4264s
 43081 15464 2.1768e+07  187  190 2.2338e+07 2.1593e+07  3.33%   205 4280s
 43150 15484 2.1784e+07  196  204 2.2338e+07 2.1593e+07  3.33%   206 4298s
H43158 14738                    2.233794e+07 2.1593e+07  3.33%   206 4298s
H43186 14023                    2.233794e+07 2.1593e+07  3.33%   207 4298s
 43221 14060 2.1809e+07  203  191 2.2338e+07 2.1593e+07  3.33%   207 4318s
 43321 14093 2.2258e+07  213  194 2.2338e+07 2.1593e+07  3.33%   208 4337s
 43429 14113 2.1832e+07  226  192 2.2338e+07 2.1593e+07  3.33%   209 4356s
 43543 14154 2.1840e+07  235  176 2.2338e+07 2.1593e+07  3.33%   209 4375s
 43653 14198 2.1870e+07  244  197 2.2338e+07 2.1593e+07  3.33%   210 4394s
 43810 14253 2.1909e+07  258  194 2.2338e+07 2.1593e+07  3.33%   211 4417s
 44055 14239 2.2010e+07  283  180 2.2338e+07 2.1593e+07  3.33%   212 4439s
 44249 14266     cutoff  307      2.2338e+07 2.1593e+07  3.33%   213 4460s
 44575 14249 2.2088e+07  352  166 2.2338e+07 2.1593e+07  3.33%   213 4483s
 44881 14309     cutoff  386      2.2338e+07 2.1593e+07  3.33%   213 4503s
 45163 14503 2.2218e+07  461  137 2.2338e+07 2.1593e+07  3.33%   213 4526s
 45587 14514 2.1832e+07   90  185 2.2338e+07 2.1593e+07  3.33%   213 4547s
 45804 14772 2.1609e+07   59  268 2.2338e+07 2.1593e+07  3.33%   213 4569s
 46214 14848 2.1986e+07  114  161 2.2338e+07 2.1593e+07  3.33%   213 4593s
 46465 15255 2.1743e+07   76  184 2.2338e+07 2.1593e+07  3.33%   213 4621s
 46969 15631 2.2102e+07  196  136 2.2338e+07 2.1593e+07  3.33%   212 4645s
 47577 15637 2.1708e+07   83  248 2.2338e+07 2.1593e+07  3.33%   211 4670s
 47821 15994 2.1870e+07  150  231 2.2338e+07 2.1593e+07  3.33%   212 4697s
 48272 16394 2.2119e+07  305  203 2.2338e+07 2.1593e+07  3.33%   212 4724s
 48889 16972 2.1719e+07   77  215 2.2338e+07 2.1593e+07  3.33%   211 4750s
 49708 17099 2.2079e+07  276  165 2.2338e+07 2.1593e+07  3.33%   209 4777s
 50159 17109 2.2120e+07  114  185 2.2338e+07 2.1594e+07  3.33%   209 4804s
 50383 17755 2.1816e+07  110  192 2.2338e+07 2.1596e+07  3.32%   210 4830s
 51147 17981 2.1635e+07   62  275 2.2338e+07 2.1596e+07  3.32%   209 4857s
 51660 17811 2.1955e+07   76  156 2.2338e+07 2.1596e+07  3.32%   209 4883s
 51662 17812 2.1944e+07  148   90 2.2338e+07 2.1596e+07  3.32%   209 4885s
 51685 17828 2.1992e+07  225  284 2.2338e+07 2.1596e+07  3.32%   209 4903s
 51691 17832 2.1884e+07  140  289 2.2338e+07 2.1596e+07  3.32%   209 4908s
 51693 17833 2.2207e+07  256  295 2.2338e+07 2.1596e+07  3.32%   209 4914s
 51696 17835 2.1669e+07   67  309 2.2338e+07 2.1596e+07  3.32%   209 4915s
 51697 17836 2.1782e+07  174  296 2.2338e+07 2.1596e+07  3.32%   209 4920s
 51702 17839 2.2104e+07  306  314 2.2338e+07 2.1596e+07  3.32%   209 4926s
 51704 17840 2.2019e+07  162  315 2.2338e+07 2.1596e+07  3.32%   209 4932s
 51710 17844 2.2166e+07  565  327 2.2338e+07 2.1598e+07  3.31%   209 4935s
 51715 17848 2.2205e+07  529  316 2.2338e+07 2.1599e+07  3.31%   209 4942s
 51717 17849 2.2208e+07  286  317 2.2338e+07 2.1599e+07  3.31%   209 4949s
 51720 17851 2.2198e+07  321  302 2.2338e+07 2.1599e+07  3.31%   209 4954s
 51721 17852 2.1830e+07  152  308 2.2338e+07 2.1599e+07  3.31%   209 4955s
 51722 17852 2.2084e+07  347  319 2.2338e+07 2.1600e+07  3.30%   209 4960s
 51725 17854 2.2221e+07  225  309 2.2338e+07 2.1600e+07  3.30%   209 4967s
 51727 17856 2.2013e+07  336  306 2.2338e+07 2.1601e+07  3.30%   209 4973s
 51729 17857 2.1872e+07  116  292 2.2338e+07 2.1601e+07  3.30%   209 4978s
 51731 17858 2.1730e+07   84  315 2.2338e+07 2.1601e+07  3.30%   209 4984s
 51732 17859 2.1987e+07   84  304 2.2338e+07 2.1601e+07  3.30%   209 4985s
 51739 17864 2.1909e+07  293  314 2.2338e+07 2.1602e+07  3.29%   209 4993s
 51742 17866 2.2110e+07  231  303 2.2338e+07 2.1603e+07  3.29%   209 4999s
 51743 17866 2.1901e+07  417  305 2.2338e+07 2.1603e+07  3.29%   209 5000s
 51744 17867 2.1981e+07  108  319 2.2338e+07 2.1603e+07  3.29%   209 5005s
 51746 17868 2.1769e+07   66  316 2.2338e+07 2.1604e+07  3.29%   209 5010s
 51748 17870 2.1738e+07   68  309 2.2338e+07 2.1604e+07  3.29%   209 5017s
 51749 17870 2.1712e+07   69  316 2.2338e+07 2.1604e+07  3.29%   209 5022s
 51751 17872 2.1981e+07  138  299 2.2338e+07 2.1604e+07  3.29%   209 5027s
 51753 17873 2.2131e+07  482  297 2.2338e+07 2.1604e+07  3.28%   209 5033s
 51756 17875 2.2106e+07  343  345 2.2338e+07 2.1605e+07  3.28%   209 5035s
 51767 17882 2.2116e+07  305  297 2.2338e+07 2.1606e+07  3.28%   209 5043s
 51769 17884 2.1857e+07   65  320 2.2338e+07 2.1606e+07  3.28%   209 5049s
 51770 17884 2.1983e+07  201  303 2.2338e+07 2.1606e+07  3.28%   209 5050s
 51771 17885 2.1727e+07   77  316 2.2338e+07 2.1606e+07  3.27%   209 5055s
 51781 17892 2.2286e+07  195  312 2.2338e+07 2.1607e+07  3.27%   209 5065s
 51783 17893 2.2123e+07  311  308 2.2338e+07 2.1607e+07  3.27%   209 5070s
 51794 17900 2.2128e+07  391  325 2.2338e+07 2.1608e+07  3.27%   208 5075s
 51797 17902 2.1782e+07  174  323 2.2338e+07 2.1608e+07  3.27%   208 5081s
 51799 17904 2.1687e+07   68  331 2.2338e+07 2.1608e+07  3.27%   208 5099s
 51800 17904 2.1832e+07   91  326 2.2338e+07 2.1608e+07  3.27%   208 5100s
 51812 17912 2.2287e+07  344  341 2.2338e+07 2.1609e+07  3.26%   208 5105s
 51820 17918 2.2198e+07  321  322 2.2338e+07 2.1609e+07  3.26%   208 5113s
 51822 17919 2.2084e+07  347  321 2.2338e+07 2.1609e+07  3.26%   208 5119s
 51823 17920 2.1889e+07  122  316 2.2338e+07 2.1609e+07  3.26%   208 5120s
 51828 17923 2.2040e+07  422  318 2.2338e+07 2.1609e+07  3.26%   208 5127s
 51830 17924 2.2142e+07  399  315 2.2338e+07 2.1610e+07  3.26%   208 5132s
 51832 17926 2.1987e+07   84  316 2.2338e+07 2.1610e+07  3.26%   208 5138s
 51834 17927 2.1840e+07   96  302 2.2338e+07 2.1610e+07  3.26%   208 5144s
 51836 17928 2.1919e+07  179  308 2.2338e+07 2.1610e+07  3.26%   208 5145s
 51841 17932 2.1850e+07  213  322 2.2338e+07 2.1611e+07  3.26%   208 5152s
 51845 17934 2.1704e+07   72  320 2.2338e+07 2.1611e+07  3.25%   208 5159s
 51848 17936 2.1738e+07   68  318 2.2338e+07 2.1612e+07  3.25%   208 5160s
 51849 17937 2.1712e+07   69  324 2.2338e+07 2.1612e+07  3.25%   208 5166s
 51851 17938 2.1981e+07  138  309 2.2338e+07 2.1612e+07  3.25%   208 5172s
 51854 17940 2.2194e+07  368  322 2.2338e+07 2.1612e+07  3.25%   208 5179s
 51855 17941 2.2263e+07  160  330 2.2338e+07 2.1612e+07  3.25%   208 5180s
 51858 17943 2.1872e+07   79  323 2.2338e+07 2.1613e+07  3.25%   208 5186s
 51860 17944 2.1955e+07   76  323 2.2338e+07 2.1613e+07  3.25%   208 5192s
 51867 17949 2.2116e+07  305  334 2.2338e+07 2.1613e+07  3.25%   208 5195s
 51876 17955 2.1824e+07  188  320 2.2338e+07 2.1613e+07  3.25%   208 5205s
 51884 17960 2.2204e+07  380  318 2.2338e+07 2.1613e+07  3.25%   208 5214s
 51885 17961 2.1992e+07  225  318 2.2338e+07 2.1613e+07  3.25%   208 5215s
 51886 17962 2.1907e+07  173  321 2.2338e+07 2.1613e+07  3.25%   208 5220s
 51890 17964 2.1725e+07  149  322 2.2338e+07 2.1613e+07  3.25%   208 5228s
 51894 17967 2.2128e+07  391  319 2.2338e+07 2.1613e+07  3.24%   208 5235s
 51898 17970 2.1941e+07  221  345 2.2338e+07 2.1613e+07  3.24%   208 5243s
 51899 17970 2.1687e+07   68  345 2.2338e+07 2.1623e+07  3.20%   208 5259s
 51900 17974 2.1623e+07   61  332 2.2338e+07 2.1623e+07  3.20%   209 5290s
 51902 17977 2.1623e+07   62  333 2.2338e+07 2.1623e+07  3.20%   209 5316s
 51906 17980 2.1623e+07   63  309 2.2338e+07 2.1623e+07  3.20%   209 5344s
 51910 17982 2.1686e+07   63  290 2.2338e+07 2.1623e+07  3.20%   209 5362s
 51914 17984 2.1624e+07   64  311 2.2338e+07 2.1624e+07  3.20%   209 5368s
 51918 17987 2.1643e+07   64  282 2.2338e+07 2.1625e+07  3.19%   209 5377s
 51922 17994 2.1626e+07   65  304 2.2338e+07 2.1626e+07  3.19%   209 5386s
 51930 17995 2.1626e+07   66  290 2.2338e+07 2.1626e+07  3.19%   209 5410s
 51934 18002 2.1630e+07   66  279 2.2338e+07 2.1626e+07  3.19%   210 5417s
 51942 18005 2.1627e+07   67  298 2.2338e+07 2.1627e+07  3.18%   210 5425s
 51950 18011 2.1628e+07   69  282 2.2338e+07 2.1627e+07  3.18%   210 5430s
 51959 18015 2.1629e+07   70  264 2.2338e+07 2.1627e+07  3.18%   210 5436s
 51968 18021 2.1629e+07   71  279 2.2338e+07 2.1627e+07  3.18%   210 5441s
 51978 18027 2.1629e+07   72  277 2.2338e+07 2.1627e+07  3.18%   210 5448s
 51989 18031 2.1630e+07   73  246 2.2338e+07 2.1627e+07  3.18%   210 5454s
 52002 18034 2.1644e+07   74  243 2.2338e+07 2.1627e+07  3.18%   210 5462s
 52014 18037 2.1631e+07   76  253 2.2338e+07 2.1627e+07  3.18%   210 5468s
 52023 18045 2.1633e+07   77  252 2.2338e+07 2.1627e+07  3.18%   211 5475s
 52034 18052 2.1641e+07   79  248 2.2338e+07 2.1627e+07  3.18%   211 5482s
 52045 18059 2.1643e+07   80  286 2.2338e+07 2.1627e+07  3.18%   211 5488s
 52055 18059 2.1916e+07   81  252 2.2338e+07 2.1627e+07  3.18%   211 5497s
 52059 18074 2.1650e+07   82  231 2.2338e+07 2.1627e+07  3.18%   211 5506s
 52076 18083 2.1663e+07   85  253 2.2338e+07 2.1627e+07  3.18%   211 5516s
 52091 18095 2.1664e+07   87  250 2.2338e+07 2.1627e+07  3.18%   212 5523s
 52114 18110 2.1666e+07   90  248 2.2338e+07 2.1627e+07  3.18%   212 5531s
 52140 18123 2.1744e+07   92  248 2.2338e+07 2.1627e+07  3.18%   212 5539s
 52163 18140 2.1675e+07   95  242 2.2338e+07 2.1627e+07  3.18%   212 5547s
 52191 18155 2.1677e+07  100  234 2.2338e+07 2.1627e+07  3.18%   213 5555s
 52220 18164 2.1679e+07  103  236 2.2338e+07 2.1627e+07  3.18%   213 5565s
 52242 18182 2.1683e+07  106  208 2.2338e+07 2.1627e+07  3.18%   213 5573s
 52268 18201 2.1692e+07  110  203 2.2338e+07 2.1627e+07  3.18%   213 5581s
 52298 18218 2.1698e+07  113  203 2.2338e+07 2.1627e+07  3.18%   214 5590s
 52328 18216 2.1713e+07  117  201 2.2338e+07 2.1627e+07  3.18%   214 5597s
 52338 18237 2.2268e+07  118  182 2.2338e+07 2.1627e+07  3.18%   214 5609s
 52370 18257 2.1707e+07  123  194 2.2338e+07 2.1627e+07  3.18%   214 5619s
 52404 18279 2.1709e+07  126  193 2.2338e+07 2.1627e+07  3.18%   215 5630s
 52445 18302 2.1711e+07  129  196 2.2338e+07 2.1627e+07  3.18%   215 5639s
 52491 18334 2.1714e+07  134  206 2.2338e+07 2.1627e+07  3.18%   215 5651s
 52551 18357 2.1718e+07  139  189 2.2338e+07 2.1627e+07  3.18%   216 5662s
 52600 18371 2.1724e+07  145  187 2.2338e+07 2.1627e+07  3.18%   216 5674s
 52639 18399 2.1729e+07  150  183 2.2338e+07 2.1627e+07  3.18%   217 5685s
 52697 18425 2.2259e+07  157  163 2.2338e+07 2.1627e+07  3.18%   217 5696s
 52754 18460 2.1746e+07  163  201 2.2338e+07 2.1627e+07  3.18%   217 5707s
 52823 18487 2.1901e+07  172  208 2.2338e+07 2.1627e+07  3.18%   218 5720s
 52888 18519 2.1969e+07  181  192 2.2338e+07 2.1627e+07  3.18%   218 5732s
 52964 18544 2.2190e+07  194  161 2.2338e+07 2.1627e+07  3.18%   218 5746s
 53043 18575     cutoff  203      2.2338e+07 2.1627e+07  3.18%   219 5760s
 53124 18617 2.2059e+07  213  163 2.2338e+07 2.1627e+07  3.18%   219 5773s
 53234 18633 2.2180e+07  226  163 2.2338e+07 2.1627e+07  3.18%   220 5786s
 53328 18634     cutoff  237      2.2338e+07 2.1627e+07  3.18%   220 5801s
 53399 18649 2.1637e+07   71  299 2.2338e+07 2.1627e+07  3.18%   220 5822s
 53451 18699 2.1655e+07   76  261 2.2338e+07 2.1627e+07  3.18%   221 5837s
 53533 18748 2.1680e+07   93  207 2.2338e+07 2.1627e+07  3.18%   222 5853s
 53631 18800 2.1711e+07  109  197 2.2338e+07 2.1627e+07  3.18%   222 5868s
 53749 18855 2.1771e+07  150  181 2.2338e+07 2.1627e+07  3.18%   222 5884s
 53873 18924 2.1837e+07  194  179 2.2338e+07 2.1627e+07  3.18%   223 5901s
 54016 18992 2.1866e+07  242  170 2.2338e+07 2.1627e+07  3.18%   223 5919s
 54183 19028 2.1918e+07  296  186 2.2338e+07 2.1627e+07  3.18%   224 5936s
 54302 19160 2.1953e+07  343  192 2.2338e+07 2.1627e+07  3.18%   224 5954s
 54530 19261 2.2050e+07  434  151 2.2338e+07 2.1627e+07  3.18%   224 5972s
 54851 19218     cutoff  556      2.2338e+07 2.1629e+07  3.18%   224 5991s
 55011 19250 2.1682e+07   73  291 2.2338e+07 2.1629e+07  3.18%   224 6008s
 55277 19326 2.1978e+07  110  191 2.2338e+07 2.1629e+07  3.18%   224 6025s
 55497 19368 2.2290e+07  219   70 2.2338e+07 2.1630e+07  3.17%   225 6044s
 55665 19523 2.1745e+07   97  232 2.2338e+07 2.1631e+07  3.17%   225 6063s
 55893 19748 2.1827e+07  161  247 2.2338e+07 2.1631e+07  3.17%   225 6085s
 56226 20034 2.1960e+07  292  196 2.2338e+07 2.1631e+07  3.16%   226 6104s
 56711 20068 2.1647e+07   69  298 2.2338e+07 2.1632e+07  3.16%   225 6126s
 56956 20083 2.1953e+07   75  217 2.2338e+07 2.1632e+07  3.16%   226 6148s
H57005 19163                    2.233794e+07 2.1632e+07  3.16%   226 6148s
 57115 19248 2.2251e+07   88  182 2.2338e+07 2.1633e+07  3.16%   227 6171s
 57338 19475 2.1820e+07  102  213 2.2338e+07 2.1633e+07  3.15%   228 6195s
 57667 19789 2.1969e+07  209  185 2.2338e+07 2.1634e+07  3.15%   228 6221s
H57959 18834                    2.233794e+07 2.1636e+07  3.14%   228 6221s
 58180 18832 2.1657e+07   81  277 2.2338e+07 2.1636e+07  3.14%   228 6247s
 58300 18878 2.1997e+07   89  208 2.2338e+07 2.1636e+07  3.14%   229 6277s
 58466 18932 2.1733e+07   99  215 2.2338e+07 2.1636e+07  3.14%   230 6306s
 58685 18932 2.1754e+07  112  222 2.2338e+07 2.1636e+07  3.14%   232 6335s
 58891 18931 2.1772e+07  125  194 2.2338e+07 2.1636e+07  3.14%   233 6365s
 59156 18947 2.1801e+07  142  166 2.2338e+07 2.1636e+07  3.14%   234 6398s
 59347 19094     cutoff  161      2.2338e+07 2.1636e+07  3.14%   236 6431s
 59699 19100 2.1840e+07  192  192 2.2338e+07 2.1636e+07  3.14%   237 6461s
 59932 19345 2.1928e+07  217  182 2.2338e+07 2.1636e+07  3.14%   239 6489s
 60436 19387 2.2111e+07  282  180 2.2338e+07 2.1637e+07  3.14%   240 6522s
 61032 19362 2.1811e+07   72  204 2.2338e+07 2.1638e+07  3.13%   240 6558s
 61475 19424 2.2093e+07  120  143 2.2338e+07 2.1638e+07  3.13%   242 6596s
 61935 19272 2.1846e+07   90  156 2.2338e+07 2.1639e+07  3.13%   243 6616s
 61950 19282 2.2019e+07  127  234 2.2338e+07 2.1639e+07  3.13%   243 6620s
H61964 18325                    2.233793e+07 2.1639e+07  3.13%   243 6634s
 61966 18327 2.2207e+07  381  311 2.2338e+07 2.1639e+07  3.13%   243 6635s
 61971 18330 2.2078e+07  228  301 2.2338e+07 2.1639e+07  3.13%   242 6642s
 61977 18334 2.1921e+07  208  315 2.2338e+07 2.1639e+07  3.13%   242 6645s
 61989 18342 2.1906e+07  145  311 2.2338e+07 2.1639e+07  3.13%   242 6650s
 62000 18349 2.1715e+07   86  326 2.2338e+07 2.1639e+07  3.13%   242 6655s
 62002 18351 2.1708e+07  105  324 2.2338e+07 2.1639e+07  3.13%   242 6661s
 62004 18352 2.2294e+07  112  324 2.2338e+07 2.1639e+07  3.13%   242 6675s
 62005 18356 2.1639e+07   71  304 2.2338e+07 2.1639e+07  3.13%   243 6690s
 62007 18359 2.1639e+07   72  317 2.2338e+07 2.1639e+07  3.13%   243 6713s
 62011 18362 2.1639e+07   73  312 2.2338e+07 2.1639e+07  3.13%   243 6733s
 62015 18364 2.1689e+07   73  294 2.2338e+07 2.1639e+07  3.13%   243 6748s
 62019 18367 2.1639e+07   74  311 2.2338e+07 2.1639e+07  3.13%   243 6752s
 62023 18370 2.1857e+07   74  255 2.2338e+07 2.1639e+07  3.13%   243 6761s
 62027 18374 2.1639e+07   75  311 2.2338e+07 2.1639e+07  3.13%   243 6768s
 62034 18376 2.1639e+07   76  299 2.2338e+07 2.1639e+07  3.13%   243 6789s
 62038 18383 2.1639e+07   76  293 2.2338e+07 2.1639e+07  3.13%   243 6799s
 62046 18388 2.1667e+07   77  301 2.2338e+07 2.1639e+07  3.13%   243 6805s
 62054 18394 2.1639e+07   78  287 2.2338e+07 2.1639e+07  3.13%   243 6812s
 62063 18398 2.1639e+07   79  310 2.2338e+07 2.1639e+07  3.13%   243 6818s
 62071 18406 2.1639e+07   80  305 2.2338e+07 2.1639e+07  3.13%   243 6824s
 62081 18409 2.1639e+07   81  313 2.2338e+07 2.1639e+07  3.13%   243 6830s
 62088 18413 2.1639e+07   82  311 2.2338e+07 2.1639e+07  3.13%   244 6835s
 62096 18419 2.1639e+07   83  303 2.2338e+07 2.1639e+07  3.13%   244 6843s
 62108 18427 2.2331e+07   84  223 2.2338e+07 2.1639e+07  3.13%   244 6849s
 62122 18435 2.1640e+07   86  309 2.2338e+07 2.1639e+07  3.13%   244 6854s
 62134 18446     cutoff   87      2.2338e+07 2.1639e+07  3.13%   244 6860s
 62151 18457 2.1654e+07   89  285 2.2338e+07 2.1639e+07  3.13%   244 6866s
 62168 18462 2.1643e+07   91  288 2.2338e+07 2.1639e+07  3.13%   244 6872s
 62179 18471 2.1645e+07   92  295 2.2338e+07 2.1639e+07  3.13%   244 6878s
 62192 18479 2.2231e+07   93  228 2.2338e+07 2.1639e+07  3.13%   244 6883s
 62207 18485     cutoff   94      2.2338e+07 2.1639e+07  3.13%   244 6890s
 62223 18497 2.1648e+07   96  290 2.2338e+07 2.1639e+07  3.13%   245 6898s
 62246 18506 2.1648e+07   98  289 2.2338e+07 2.1639e+07  3.13%   245 6905s
 62266 18511 2.1650e+07  100  278 2.2338e+07 2.1639e+07  3.13%   245 6920s
 62279 18520 2.1782e+07  101  233 2.2338e+07 2.1639e+07  3.13%   245 6928s
 62295 18541 2.1652e+07  103  284 2.2338e+07 2.1639e+07  3.13%   245 6935s
 62321 18554 2.1771e+07  104  252 2.2338e+07 2.1639e+07  3.13%   245 6942s
 62346 18574 2.1654e+07  106  276 2.2338e+07 2.1639e+07  3.13%   245 6950s
 62375 18591     cutoff  108      2.2338e+07 2.1639e+07  3.13%   246 6961s
 62407 18612 2.1795e+07  110  255 2.2338e+07 2.1639e+07  3.13%   246 6969s
 62444 18634 2.1657e+07  112  273 2.2338e+07 2.1639e+07  3.13%   246 6977s
 62486 18656 2.1659e+07  116  262 2.2338e+07 2.1639e+07  3.13%   246 6986s
 62528 18667 2.1660e+07  120  257 2.2338e+07 2.1639e+07  3.13%   246 6995s
 62562 18688 2.1783e+07  123  237 2.2338e+07 2.1639e+07  3.13%   246 7004s
 62603 18694 2.1696e+07  126  236 2.2338e+07 2.1639e+07  3.13%   246 7014s
 62637 18732 2.1667e+07  130  242 2.2338e+07 2.1639e+07  3.13%   246 7025s
 62694 18752 2.1670e+07  134  238 2.2338e+07 2.1639e+07  3.13%   247 7035s
 62750 18758 2.1671e+07  136  231 2.2338e+07 2.1639e+07  3.13%   247 7046s
 62791 18768 2.1675e+07  140  251 2.2338e+07 2.1639e+07  3.13%   247 7054s
 62820 18778 2.1677e+07  143  236 2.2338e+07 2.1639e+07  3.13%   247 7064s
 62855 18793 2.2297e+07  146  211 2.2338e+07 2.1639e+07  3.13%   247 7074s
 62903 18784 2.1684e+07  151  249 2.2338e+07 2.1639e+07  3.13%   248 7086s
 62913 18804 2.1685e+07  152  245 2.2338e+07 2.1639e+07  3.13%   248 7109s
 62949 18841 2.1706e+07  156  269 2.2338e+07 2.1639e+07  3.13%   248 7122s
 63025 18846 2.1793e+07  163  224 2.2338e+07 2.1639e+07  3.13%   248 7135s
 63067 18866 2.1693e+07  167  248 2.2338e+07 2.1639e+07  3.13%   248 7148s
 63140 18894 2.1697e+07  174  242 2.2338e+07 2.1639e+07  3.13%   248 7161s
 63225 18925     cutoff  180      2.2338e+07 2.1639e+07  3.13%   249 7174s
 63325 18941 2.1701e+07  185  232 2.2338e+07 2.1639e+07  3.13%   249 7188s
 63403 18958 2.1707e+07  190  224 2.2338e+07 2.1639e+07  3.13%   249 7200s

Cutting planes:
  Gomory: 31
  Implied bound: 59
  MIR: 213
  Flow cover: 259
  Network: 1
  Relax-and-lift: 17

Explored 63464 nodes (15881318 simplex iterations) in 7200.00 seconds
Thread count was 8 (of 8 available processors)

Solution count 10: 2.23379e+07 2.23382e+07 2.23414e+07 ... 2.25937e+07

Time limit reached
Warning: max constraint violation (5.5686e-06) exceeds tolerance
Best objective 2.233793477175e+07, best bound 2.163851049069e+07, gap 3.1311%

User-callback calls 1605695, time in user-callback 6.81 sec

Soluo: 22337934.771751146763563
Conexes:
> Subestao = 100
> Valores: origem destino cabo
0 1 0
1 2 0
2 3 0
3 4 0
4 17 0
5 4 0
6 18 0
7 6 0
8 7 0
9 8 0
10 9 0
11 10 0
12 13 0
13 14 0
14 15 0
15 16 0
16 30 0
17 31 0
18 31 0
19 32 0
20 19 0
21 20 0
22 21 0
23 22 0
24 23 0
25 24 0
26 27 0
27 43 0
28 27 0
29 30 0
30 100 0
31 100 1
32 100 1
33 32 0
34 33 0
35 34 0
36 35 0
37 36 0
38 37 0
39 38 0
40 55 0
41 58 0
42 41 0
43 44 0
44 45 0
45 46 0
46 100 0
47 100 1
48 47 1
49 48 1
50 49 1
51 50 1
52 51 0
53 52 0
54 53 0
55 54 0
56 55 0
57 56 0
58 59 0
59 60 0
60 61 0
61 62 0
62 100 0
63 100 0
64 100 1
65 100 1
66 65 1
67 66 1
68 67 0
69 68 0
70 69 0
71 70 0
72 71 0
73 72 0
74 73 0
75 76 0
76 77 0
77 78 0
78 63 0
79 80 0
80 64 1
81 80 0
82 81 0
83 82 0
84 67 0
85 84 0
86 85 0
87 86 0
88 87 0
89 90 0
90 77 0
91 92 0
92 80 0
93 80 0
94 93 0
95 94 0
96 95 0
97 96 0
98 97 0
99 98 0
