Using license file /home/brunoalmeda/gurobi.lic
Academic license - for non-commercial use only
Changed value of parameter TimeLimit to 86400.0
   Prev: inf  Min: 0.0  Max: inf  Default: inf
Changed value of parameter lazyconstraints to 1
   Prev: 0  Min: 0  Max: 1  Default: 0
Gurobi Optimizer version 9.0.1 build v9.0.1rc0 (linux64)
Optimize a model with 961 rows, 2790 columns and 6360 nonzeros
Model fingerprint: 0x312d6173
Variable types: 930 continuous, 1860 integer (1860 binary)
Coefficient statistics:
  Matrix range     [1e+00, 8e+00]
  Objective range  [2e+05, 2e+06]
  Bounds range     [1e+00, 3e+01]
  RHS range        [1e+00, 1e+00]
Presolve removed 1 rows and 60 columns
Presolve time: 0.01s
Presolved: 960 rows, 2730 columns, 6300 nonzeros
Variable types: 930 continuous, 1800 integer (1800 binary)
Found heuristic solution: objective 3.460862e+07

Root relaxation: objective 9.813339e+06, 1122 iterations, 0.01 seconds

    Nodes    |    Current Node    |     Objective Bounds      |     Work
 Expl Unexpl |  Obj  Depth IntInf | Incumbent    BestBd   Gap | It/Node Time

     0     0 9813338.69    0   35 3.4609e+07 9813338.69  71.6%     -    0s
H    0     0                    1.070956e+07 9813338.69  8.37%     -    0s
     0     0 9867630.04    0   47 1.0710e+07 9867630.04  7.86%     -    0s
     0     0 9867630.04    0   35 1.0710e+07 9867630.04  7.86%     -    0s
H    0     0                    1.069228e+07 9867630.04  7.71%     -    0s
     0     0 9867862.12    0   45 1.0692e+07 9867862.12  7.71%     -    0s
     0     0 9964534.32    0   43 1.0692e+07 9964534.32  6.81%     -    0s
     0     0 9966386.28    0   46 1.0692e+07 9966386.28  6.79%     -    0s
     0     0 9987037.60    0   42 1.0692e+07 9987037.60  6.60%     -    0s
     0     0 9987127.97    0   43 1.0692e+07 9987127.97  6.59%     -    0s
     0     0 9991134.39    0   53 1.0692e+07 9991134.39  6.56%     -    0s
H    0     0                    1.050138e+07 9991134.39  4.86%     -    0s
     0     0 9991366.84    0   57 1.0501e+07 9991366.84  4.86%     -    0s
     0     0 9991375.22    0   56 1.0501e+07 9991375.22  4.86%     -    0s
     0     0 9995777.37    0   45 1.0501e+07 9995777.37  4.81%     -    0s
     0     0 9995777.37    0   35 1.0501e+07 9995777.37  4.81%     -    0s
H    0     0                    1.050080e+07 9995777.37  4.81%     -    0s
     0     0 9995777.37    0   37 1.0501e+07 9995777.37  4.81%     -    0s
H    0     0                    1.046960e+07 9995777.37  4.53%     -    0s
     0     0 9995777.37    0   46 1.0470e+07 9995777.37  4.53%     -    0s
     0     0 9997201.66    0   42 1.0470e+07 9997201.66  4.51%     -    0s
     0     0 9997364.52    0   52 1.0470e+07 9997364.52  4.51%     -    0s
     0     0 9997446.87    0   52 1.0470e+07 9997446.87  4.51%     -    0s
     0     0 1.0001e+07    0   44 1.0470e+07 1.0001e+07  4.47%     -    0s
     0     0 1.0001e+07    0   49 1.0470e+07 1.0001e+07  4.47%     -    0s
     0     0 1.0004e+07    0   61 1.0470e+07 1.0004e+07  4.45%     -    0s
     0     0 1.0004e+07    0   61 1.0470e+07 1.0004e+07  4.45%     -    0s
     0     0 1.0004e+07    0   35 1.0470e+07 1.0004e+07  4.45%     -    0s
     0     0 1.0004e+07    0   49 1.0470e+07 1.0004e+07  4.45%     -    1s
H    0     0                    1.046943e+07 1.0004e+07  4.45%     -    1s
     0     0 1.0004e+07    0   58 1.0469e+07 1.0004e+07  4.45%     -    1s
     0     0 1.0004e+07    0   59 1.0469e+07 1.0004e+07  4.45%     -    1s
     0     0 1.0004e+07    0   61 1.0469e+07 1.0004e+07  4.45%     -    1s
     0     0 1.0005e+07    0   66 1.0469e+07 1.0005e+07  4.43%     -    1s
     0     0 1.0005e+07    0   64 1.0469e+07 1.0005e+07  4.43%     -    1s
     0     0 1.0007e+07    0   52 1.0469e+07 1.0007e+07  4.42%     -    1s
     0     0 1.0007e+07    0   61 1.0469e+07 1.0007e+07  4.42%     -    1s
     0     0 1.0009e+07    0   75 1.0469e+07 1.0009e+07  4.39%     -    1s
     0     0 1.0009e+07    0   75 1.0469e+07 1.0009e+07  4.39%     -    1s
H    0     0                    1.046630e+07 1.0009e+07  4.37%     -    1s
     0     2 1.0009e+07    0   75 1.0466e+07 1.0009e+07  4.37%     -    1s
H   30    35                    1.045412e+07 1.0016e+07  4.19%  50.7    1s
*  222   230              50    1.009851e+07 1.0016e+07  0.82%  32.6    1s
H  247   223                    1.006864e+07 1.0018e+07  0.50%  31.9    1s
*  455   238              17    1.006404e+07 1.0022e+07  0.41%  26.9    1s
*  474   223              24    1.006311e+07 1.0026e+07  0.36%  26.5    1s
H  611   215                    1.005667e+07 1.0028e+07  0.28%  24.3    1s

Cutting planes:
  Gomory: 14
  Cover: 2
  Implied bound: 25
  MIR: 108
  Flow cover: 31
  Inf proof: 1
  Network: 6
  RLT: 14
  Relax-and-lift: 1

Explored 1711 nodes (41901 simplex iterations) in 2.19 seconds
Thread count was 8 (of 8 available processors)

Solution count 10: 1.00567e+07 1.00631e+07 1.0064e+07 ... 1.05008e+07

Optimal solution found (tolerance 1.00e-04)
Best objective 1.005667031140e+07, best bound 1.005667031140e+07, gap 0.0000%

User-callback calls 4720, time in user-callback 0.04 sec

Solução: 10056670.311401214450598
Conexões:
> Subestação = 30
> Valores: origem destino cabo
0 5 0
1 6 0
2 3 1
3 4 1
4 30 1
5 6 0
6 7 0
7 2 0
8 9 1
9 30 1
10 11 0
11 12 0
12 8 0
13 12 0
14 30 1
15 11 0
16 17 0
17 18 0
18 14 1
19 30 1
20 21 0
21 16 0
22 23 0
23 19 0
24 19 0
25 21 0
26 22 0
27 26 0
28 29 0
29 24 0
