Using license file /home/brunoalmeda/gurobi.lic
Academic license - for non-commercial use only
Changed value of parameter TimeLimit to 86400.0
   Prev: inf  Min: 0.0  Max: inf  Default: inf
Changed value of parameter lazyconstraints to 1
   Prev: 0  Min: 0  Max: 1  Default: 0
Gurobi Optimizer version 9.0.1 build v9.0.1rc0 (linux64)
Optimize a model with 961 rows, 2790 columns and 6360 nonzeros
Model fingerprint: 0x7bd7d54d
Variable types: 930 continuous, 1860 integer (1860 binary)
Coefficient statistics:
  Matrix range     [1e+00, 1e+01]
  Objective range  [2e+05, 3e+06]
  Bounds range     [1e+00, 3e+01]
  RHS range        [1e+00, 1e+00]
Presolve removed 1 rows and 60 columns
Presolve time: 0.01s
Presolved: 960 rows, 2730 columns, 6300 nonzeros
Variable types: 930 continuous, 1800 integer (1800 binary)
Found heuristic solution: objective 4.768298e+07

Root relaxation: objective 9.948246e+06, 1144 iterations, 0.01 seconds

    Nodes    |    Current Node    |     Objective Bounds      |     Work
 Expl Unexpl |  Obj  Depth IntInf | Incumbent    BestBd   Gap | It/Node Time

     0     0 9948246.26    0   35 4.7683e+07 9948246.26  79.1%     -    0s
H    0     0                    1.235670e+07 9948246.26  19.5%     -    0s
H    0     0                    1.118891e+07 9948246.26  11.1%     -    0s
H    0     0                    1.018166e+07 9948246.26  2.29%     -    0s
     0     0 1.0027e+07    0   41 1.0182e+07 1.0027e+07  1.52%     -    0s
     0     0 1.0027e+07    0   34 1.0182e+07 1.0027e+07  1.52%     -    0s
     0     0 1.0027e+07    0   41 1.0182e+07 1.0027e+07  1.52%     -    0s
     0     0 1.0031e+07    0   36 1.0182e+07 1.0031e+07  1.48%     -    0s
     0     0 1.0031e+07    0   36 1.0182e+07 1.0031e+07  1.48%     -    0s
     0     0 1.0055e+07    0   48 1.0182e+07 1.0055e+07  1.24%     -    0s
     0     0 1.0056e+07    0   47 1.0182e+07 1.0056e+07  1.24%     -    0s
     0     0 1.0056e+07    0   48 1.0182e+07 1.0056e+07  1.24%     -    0s
     0     0 1.0061e+07    0   42 1.0182e+07 1.0061e+07  1.18%     -    0s
     0     0 1.0063e+07    0   48 1.0182e+07 1.0063e+07  1.16%     -    0s
     0     0 1.0064e+07    0   48 1.0182e+07 1.0064e+07  1.16%     -    0s
     0     0 1.0064e+07    0   51 1.0182e+07 1.0064e+07  1.16%     -    0s
     0     0 1.0064e+07    0   54 1.0182e+07 1.0064e+07  1.16%     -    0s
     0     0 1.0070e+07    0   56 1.0182e+07 1.0070e+07  1.09%     -    0s
     0     0 1.0070e+07    0   56 1.0182e+07 1.0070e+07  1.09%     -    0s
     0     0 1.0072e+07    0   43 1.0182e+07 1.0072e+07  1.08%     -    0s
     0     0 1.0072e+07    0   49 1.0182e+07 1.0072e+07  1.08%     -    0s
     0     0 1.0072e+07    0   48 1.0182e+07 1.0072e+07  1.07%     -    0s
     0     0 1.0072e+07    0   51 1.0182e+07 1.0072e+07  1.07%     -    0s
     0     0 1.0073e+07    0   46 1.0182e+07 1.0073e+07  1.07%     -    0s
     0     0 1.0073e+07    0   52 1.0182e+07 1.0073e+07  1.07%     -    0s
     0     0 1.0074e+07    0   51 1.0182e+07 1.0074e+07  1.06%     -    0s
     0     0 1.0074e+07    0   51 1.0182e+07 1.0074e+07  1.06%     -    0s
     0     0 1.0076e+07    0   29 1.0182e+07 1.0076e+07  1.04%     -    0s
     0     0 1.0076e+07    0   35 1.0182e+07 1.0076e+07  1.04%     -    0s
     0     0 1.0076e+07    0   39 1.0182e+07 1.0076e+07  1.04%     -    0s
     0     0 1.0076e+07    0   42 1.0182e+07 1.0076e+07  1.04%     -    0s
     0     0 1.0076e+07    0   50 1.0182e+07 1.0076e+07  1.04%     -    0s
     0     0 1.0076e+07    0   56 1.0182e+07 1.0076e+07  1.04%     -    0s
     0     0 1.0076e+07    0   51 1.0182e+07 1.0076e+07  1.04%     -    0s
     0     0 1.0076e+07    0   56 1.0182e+07 1.0076e+07  1.04%     -    0s
     0     0 1.0076e+07    0   56 1.0182e+07 1.0076e+07  1.04%     -    0s
     0     0 1.0076e+07    0   57 1.0182e+07 1.0076e+07  1.04%     -    0s
     0     0 1.0076e+07    0   54 1.0182e+07 1.0076e+07  1.04%     -    0s
     0     0 1.0076e+07    0   54 1.0182e+07 1.0076e+07  1.04%     -    0s
     0     2 1.0076e+07    0   54 1.0182e+07 1.0076e+07  1.04%     -    0s
* 1036    99              15    1.017393e+07 1.0152e+07  0.22%  18.1    0s

Cutting planes:
  Gomory: 19
  Cover: 5
  Implied bound: 25
  MIR: 48
  Flow cover: 59
  Network: 9
  RLT: 4
  Relax-and-lift: 8

Explored 1262 nodes (24400 simplex iterations) in 0.74 seconds
Thread count was 8 (of 8 available processors)

Solution count 5: 1.01739e+07 1.01817e+07 1.11889e+07 ... 4.7683e+07

Optimal solution found (tolerance 1.00e-04)
Best objective 1.017393158872e+07, best bound 1.017393158872e+07, gap 0.0000%

User-callback calls 3135, time in user-callback 0.01 sec

Solução: 10173931.588722003623843
Conexões:
> Subestação = 30
> Valores: origem destino cabo
0 1 0
1 6 0
2 3 0
3 4 0
4 30 0
5 10 0
6 7 0
7 2 0
8 9 0
9 30 0
10 11 0
11 12 0
12 8 0
13 14 0
14 30 1
15 11 0
16 17 0
17 18 0
18 14 0
19 30 0
20 21 0
21 16 0
22 26 0
23 18 0
24 19 0
25 21 0
26 27 0
27 28 0
28 29 0
29 24 0
