Using license file /home/brunoalmeda/gurobi.lic
Academic license - for non-commercial use only
Changed value of parameter TimeLimit to 86400.0
   Prev: inf  Min: 0.0  Max: inf  Default: inf
Changed value of parameter lazyconstraints to 1
   Prev: 0  Min: 0  Max: 1  Default: 0
Gurobi Optimizer version 9.0.1 build v9.0.1rc0 (linux64)
Optimize a model with 962 rows, 2790 columns and 6420 nonzeros
Model fingerprint: 0xe51dd094
Variable types: 930 continuous, 1860 integer (1860 binary)
Coefficient statistics:
  Matrix range     [1e+00, 9e+00]
  Objective range  [1e+05, 3e+06]
  Bounds range     [1e+00, 3e+01]
  RHS range        [1e+00, 4e+00]
Presolve removed 1 rows and 60 columns
Presolve time: 0.01s
Presolved: 961 rows, 2730 columns, 6360 nonzeros
Variable types: 930 continuous, 1800 integer (1800 binary)

Root relaxation: objective 7.410534e+06, 1215 iterations, 0.02 seconds

    Nodes    |    Current Node    |     Objective Bounds      |     Work
 Expl Unexpl |  Obj  Depth IntInf | Incumbent    BestBd   Gap | It/Node Time

     0     0 7410534.41    0   35          - 7410534.41      -     -    0s
     0     0 7690105.28    0   53          - 7690105.28      -     -    0s
H    0     0                    8715822.0575 7690105.28  11.8%     -    0s
H    0     0                    8703058.1285 7690105.28  11.6%     -    0s
     0     0 7695145.26    0   56 8703058.13 7695145.26  11.6%     -    0s
     0     0 7736468.95    0   74 8703058.13 7736468.95  11.1%     -    0s
     0     0 7749357.31    0   71 8703058.13 7749357.31  11.0%     -    0s
     0     0 7749896.23    0   72 8703058.13 7749896.23  11.0%     -    0s
     0     0 7837778.70    0   73 8703058.13 7837778.70  9.94%     -    0s
     0     0 7850795.95    0   75 8703058.13 7850795.95  9.79%     -    0s
     0     0 7853962.09    0   72 8703058.13 7853962.09  9.76%     -    0s
     0     0 7854740.23    0   74 8703058.13 7854740.23  9.75%     -    0s
     0     0 7921361.82    0   71 8703058.13 7921361.82  8.98%     -    0s
     0     0 7925475.00    0   72 8703058.13 7925475.00  8.93%     -    0s
     0     0 7925768.53    0   73 8703058.13 7925768.53  8.93%     -    0s
     0     0 7944789.03    0   84 8703058.13 7944789.03  8.71%     -    0s
     0     0 7944789.03    0   35 8703058.13 7944789.03  8.71%     -    0s
H    0     0                    8526022.3840 7944789.03  6.82%     -    0s
     0     0 7944789.03    0   66 8526022.38 7944789.03  6.82%     -    0s
     0     0 7944789.03    0   79 8526022.38 7944789.03  6.82%     -    0s
     0     0 7949477.85    0   78 8526022.38 7949477.85  6.76%     -    0s
     0     0 7951608.80    0   79 8526022.38 7951608.80  6.74%     -    0s
     0     0 7951897.13    0   82 8526022.38 7951897.13  6.73%     -    0s
     0     0 7968499.96    0   86 8526022.38 7968499.96  6.54%     -    0s
     0     0 7969612.19    0   77 8526022.38 7969612.19  6.53%     -    1s
     0     0 7969614.73    0   79 8526022.38 7969614.73  6.53%     -    1s
     0     0 7974207.72    0   85 8526022.38 7974207.72  6.47%     -    1s
     0     0 7974207.72    0   85 8526022.38 7974207.72  6.47%     -    1s
H    0     0                    8437066.8661 7974207.72  5.49%     -    1s
     0     0 7974207.72    0   35 8437066.87 7974207.72  5.49%     -    1s
     0     0 7974207.72    0   66 8437066.87 7974207.72  5.49%     -    1s
     0     0 7974207.72    0   70 8437066.87 7974207.72  5.49%     -    1s
     0     0 7974207.72    0   74 8437066.87 7974207.72  5.49%     -    1s
     0     0 7974207.72    0   82 8437066.87 7974207.72  5.49%     -    1s
     0     0 7974241.92    0   83 8437066.87 7974241.92  5.49%     -    1s
     0     0 7974351.01    0   83 8437066.87 7974351.01  5.48%     -    1s
     0     0 7976544.60    0   86 8437066.87 7976544.60  5.46%     -    1s
     0     0 7977508.00    0   85 8437066.87 7977508.00  5.45%     -    1s
     0     0 7977749.35    0   88 8437066.87 7977749.35  5.44%     -    1s
     0     0 7979032.71    0   79 8437066.87 7979032.71  5.43%     -    1s
     0     0 7979032.71    0   79 8437066.87 7979032.71  5.43%     -    1s
     0     2 7979032.71    0   79 8437066.87 7979032.71  5.43%     -    1s
  1076   745 8310960.47   57   95 8437066.87 8023788.67  4.90%  34.9    5s
  1975  1045 8239950.46   43   54 8437066.87 8036764.35  4.74%  48.0   10s
  4472  2251 8354067.41   82   40 8437066.87 8092748.01  4.08%  49.2   15s
H 6429  2895                    8357195.9089 8115076.65  2.90%  50.6   18s
  7855  3654 8207837.83   22   59 8357195.91 8126344.53  2.76%  52.5   20s
H 9790  4310                    8357195.8966 8138169.41  2.62%  54.1   22s
 11712  5181 infeasible   31      8357195.90 8151191.37  2.46%  55.5   25s
H14984  6147                    8357195.7524 8166746.83  2.28%  56.1   29s
 15343  6346 8263247.56   26   64 8357195.75 8168342.80  2.26%  56.3   30s
 17658  6841 8272372.19   23   46 8357195.75 8177564.19  2.15%  56.9   35s
H17792  6841                    8357195.7503 8177889.32  2.15%  56.9   35s
 21754  7783 8274394.35   26   59 8357195.75 8190897.94  1.99%  57.6   40s
 25897  8393 8269527.19   29   71 8357195.75 8204472.75  1.83%  58.3   45s
 29819  8735 8235907.10   32   48 8357195.75 8214866.77  1.70%  59.0   50s
H31644  8753                    8357195.7216 8220108.09  1.64%  59.2   53s
H31729  8753                    8357195.7144 8220108.09  1.64%  59.1   53s
 32870  8792 8312135.63   36   67 8357195.71 8223658.12  1.60%  59.1   55s
 37123  8825     cutoff   45      8357195.71 8234760.40  1.47%  59.2   60s
 41442  8615 8328613.06   31   64 8357195.71 8245974.50  1.33%  59.3   65s
 46695  7819     cutoff   34      8357195.71 8259514.56  1.17%  59.2   70s
 50106  7010 8298291.74   30   46 8357195.71 8269354.41  1.05%  59.3   76s
 54681  5247     cutoff   32      8357195.71 8282959.61  0.89%  58.9   80s
 60613  1832     cutoff   45      8357195.71 8308354.80  0.58%  57.9   85s

Cutting planes:
  Gomory: 29
  Implied bound: 15
  MIR: 173
  Flow cover: 227
  Inf proof: 5
  Network: 5
  RLT: 8
  Relax-and-lift: 16
  Lazy constraints: 1

Explored 63735 nodes (3622753 simplex iterations) in 87.06 seconds
Thread count was 8 (of 8 available processors)

Solution count 5: 8.3572e+06 8.43707e+06 8.52602e+06 ... 8.71582e+06

Optimal solution found (tolerance 1.00e-04)
Best objective 8.357195714434e+06, best bound 8.357195714434e+06, gap 0.0000%

User-callback calls 145593, time in user-callback 0.39 sec

Solução: 8357195.714433660730720
Conexões:
> Subestação = 30
> Valores: origem destino cabo
0 6 0
1 0 0
2 1 0
3 9 0
4 3 0
5 4 0
6 30 0
7 5 0
8 30 1
9 8 1
10 9 0
11 10 0
12 11 0
13 21 0
14 13 0
15 30 1
16 15 1
17 16 1
18 17 1
19 18 1
20 19 0
21 20 0
22 23 0
23 30 1
24 23 1
25 24 1
26 25 0
27 26 0
28 27 0
29 28 0
